<?xml version="1.0" encoding="UTF-8"?>
<!-- Generated by org.testng.reporters.JUnitXMLReporter -->
<testsuite ignored="9" hostname="DESKTOP-7NMSRQD" failures="0" tests="13" name="Default test(failed)" time="573.253" errors="0" timestamp="2025-09-07T15:14:06 IST">
  <testcase classname="base.demoqaBase" name="@BeforeMethod setUP" time="100.226">
    <failure type="java.lang.RuntimeException" message="Failed to navigate to https://demoqa.com after 3 attempts">
      <![CDATA[java.lang.RuntimeException: Failed to navigate to https://demoqa.com after 3 attempts
at utils.RetryUrlAccess.navigateWithRetry(RetryUrlAccess.java:32)
at base.demoqaBase.setUP(demoqaBase.java:106)
at java.base/java.util.ArrayList.forEach(ArrayList.java:1596)
... Removed 29 stack frames]]>
    </failure>
  </testcase> <!-- @BeforeMethod setUP -->
  <testcase classname="base.demoqaBase" name="@AfterMethod tearDown" time="0.0">
    <skipped/>
  </testcase> <!-- @AfterMethod tearDown -->
  <testcase classname="base.demoqaBase" name="@BeforeMethod setUP" time="0.0">
    <skipped/>
  </testcase> <!-- @BeforeMethod setUP -->
  <testcase classname="base.demoqaBase" name="@AfterMethod tearDown" time="0.0">
    <skipped/>
  </testcase> <!-- @AfterMethod tearDown -->
  <testcase classname="base.demoqaBase" name="@BeforeMethod setUP" time="0.0">
    <skipped/>
  </testcase> <!-- @BeforeMethod setUP -->
  <testcase classname="base.demoqaBase" name="@AfterMethod tearDown" time="0.0">
    <skipped/>
  </testcase> <!-- @AfterMethod tearDown -->
  <testcase classname="base.demoqaBase" name="@BeforeMethod setUP" time="0.0">
    <skipped/>
  </testcase> <!-- @BeforeMethod setUP -->
  <testcase classname="base.demoqaBase" name="@AfterMethod tearDown" time="0.0">
    <skipped/>
  </testcase> <!-- @AfterMethod tearDown -->
  <testcase classname="tests.WidgetsTests" name="AutoCompleteSearch" time="2.173"/>
  <testcase classname="tests.WidgetsTests" name="AutoCompleteSearch" time="2.781"/>
  <testcase classname="tests.WidgetsTests" name="AutoCompleteSearch" time="1.557"/>
  <testcase classname="tests.WidgetsTests" name="AutoCompleteSearch" time="2.174"/>
  <testcase classname="tests.WidgetsTests" name="AutoCompleteSearch" time="4.513"/>
  <testcase classname="tests.WidgetsTests" name="AutoCompleteSearch" time="2.131"/>
  <testcase classname="tests.WidgetsTests" name="AutoCompleteSearch" time="2.14"/>
  <testcase classname="tests.WidgetsTests" name="AutoCompleteSearch" time="1.866"/>
  <testcase classname="tests.WidgetsTests" name="AutoCompleteSearch" time="1.865"/>
  <testcase classname="tests.WidgetsTests" name="AutoCompleteSearch" time="0.001">
    <skipped/>
  </testcase> <!-- AutoCompleteSearch -->
  <testcase classname="tests.WidgetsTests" name="AutoCompleteSearch" time="0.0">
    <skipped/>
  </testcase> <!-- AutoCompleteSearch -->
  <testcase classname="tests.WidgetsTests" name="AutoCompleteSearch" time="0.0">
    <skipped/>
  </testcase> <!-- AutoCompleteSearch -->
  <testcase classname="tests.WidgetsTests" name="AutoCompleteSearch" time="0.0">
    <skipped/>
  </testcase> <!-- AutoCompleteSearch -->
  <testcase classname="tests.WidgetsTests" name="accessWidgets" time="0.0">
    <ignored/>
  </testcase> <!-- accessWidgets -->
  <testcase classname="tests.WidgetsTests" name="AutoCompleteSearchRemove" time="0.0">
    <ignored/>
  </testcase> <!-- AutoCompleteSearchRemove -->
  <testcase classname="tests.WidgetsTests" name="Accordian" time="0.0">
    <ignored/>
  </testcase> <!-- Accordian -->
  <testcase classname="tests.WidgetsTests" name="SingleAddRemove" time="0.0">
    <ignored/>
  </testcase> <!-- SingleAddRemove -->
  <testcase classname="tests.WidgetsTests" name="AccessWhereDoes" time="0.0">
    <ignored/>
  </testcase> <!-- AccessWhereDoes -->
  <testcase classname="tests.WidgetsTests" name="AutoCompleteSingle" time="0.0">
    <ignored/>
  </testcase> <!-- AutoCompleteSingle -->
  <testcase classname="tests.WidgetsTests" name="AccessWhyDoWe" time="0.0">
    <ignored/>
  </testcase> <!-- AccessWhyDoWe -->
  <testcase classname="tests.WidgetsTests" name="AccessWhatis" time="0.0">
    <ignored/>
  </testcase> <!-- AccessWhatis -->
  <testcase classname="tests.WidgetsTests" name="AutoComplete" time="0.0">
    <ignored/>
  </testcase> <!-- AutoComplete -->
</testsuite> <!-- Default test(failed) -->
