<?xml version="1.0" encoding="UTF-8"?>
<!-- Generated by org.testng.reporters.JUnitXMLReporter -->
<testsuite ignored="69" hostname="DESKTOP-7NMSRQD" failures="4" tests="5" name="Surefire test(failed)" time="41.555" errors="0" timestamp="2025-09-08T13:19:09 IST">
  <testcase classname="tests.ElementsTests" name="SelectingNotesCommandsClick" time="2.142">
    <failure type="org.openqa.selenium.ElementClickInterceptedException" message="element click intercepted: Element &amp;lt;span class=&amp;quot;rct-checkbox&amp;quot;&amp;gt;...&amp;lt;/span&amp;gt; is not clickable at point (491, 632). Other element would receive the click: &amp;lt;div&amp;gt;...&amp;lt;/div&amp;gt;
  (Session info: chrome=137.0.7151.120)
Build info: version: &amp;apos;4.35.0&amp;apos;, revision: &amp;apos;1c58e5028b&amp;apos;
System info: os.name: &amp;apos;Windows 11&amp;apos;, os.arch: &amp;apos;amd64&amp;apos;, os.version: &amp;apos;10.0&amp;apos;, java.version: &amp;apos;21.0.7&amp;apos;
Driver info: org.openqa.selenium.chrome.ChromeDriver
Command: [0a6a590a0cb9a540ebd7573aa77ef132, clickElement {id=f.DAEFE59E4B104C86F0FF3E90ACBDE33F.d.F10DE89791622CA579E8EDF2D66E207A.e.60}]
Capabilities {acceptInsecureCerts: false, browserName: chrome, browserVersion: 137.0.7151.120, chrome: {chromedriverVersion: 137.0.7151.119 (e0ac9d12dff..., userDataDir: C:\Users\dell\AppData\Local...}, fedcm:accounts: true, goog:chromeOptions: {debuggerAddress: localhost:50708}, networkConnectionEnabled: false, pageLoadStrategy: normal, platformName: windows, proxy: Proxy(), se:cdp: ws://localhost:50708/devtoo..., se:cdpVersion: 137.0.7151.120, setWindowRect: true, strictFileInteractability: false, timeouts: {implicit: 0, pageLoad: 300000, script: 30000}, unhandledPromptBehavior: dismiss and notify, webauthn:extension:credBlob: true, webauthn:extension:largeBlob: true, webauthn:extension:minPinLength: true, webauthn:extension:prf: true, webauthn:virtualAuthenticators: true}
Element: [[ChromeDriver: chrome on windows (0a6a590a0cb9a540ebd7573aa77ef132)] -&amp;gt; xpath: //label[@for=&amp;apos;tree-node-commands&amp;apos;]//span[@class=&amp;apos;rct-checkbox&amp;apos;]]
Session ID: 0a6a590a0cb9a540ebd7573aa77ef132">
      <![CDATA[org.openqa.selenium.ElementClickInterceptedException: element click intercepted: Element <span class="rct-checkbox">...</span> is not clickable at point (491, 632). Other element would receive the click: <div>...</div>
  (Session info: chrome=137.0.7151.120)
Build info: version: '4.35.0', revision: '1c58e5028b'
System info: os.name: 'Windows 11', os.arch: 'amd64', os.version: '10.0', java.version: '21.0.7'
Driver info: org.openqa.selenium.chrome.ChromeDriver
Command: [0a6a590a0cb9a540ebd7573aa77ef132, clickElement {id=f.DAEFE59E4B104C86F0FF3E90ACBDE33F.d.F10DE89791622CA579E8EDF2D66E207A.e.60}]
Capabilities {acceptInsecureCerts: false, browserName: chrome, browserVersion: 137.0.7151.120, chrome: {chromedriverVersion: 137.0.7151.119 (e0ac9d12dff..., userDataDir: C:\Users\dell\AppData\Local...}, fedcm:accounts: true, goog:chromeOptions: {debuggerAddress: localhost:50708}, networkConnectionEnabled: false, pageLoadStrategy: normal, platformName: windows, proxy: Proxy(), se:cdp: ws://localhost:50708/devtoo..., se:cdpVersion: 137.0.7151.120, setWindowRect: true, strictFileInteractability: false, timeouts: {implicit: 0, pageLoad: 300000, script: 30000}, unhandledPromptBehavior: dismiss and notify, webauthn:extension:credBlob: true, webauthn:extension:largeBlob: true, webauthn:extension:minPinLength: true, webauthn:extension:prf: true, webauthn:virtualAuthenticators: true}
Element: [[ChromeDriver: chrome on windows (0a6a590a0cb9a540ebd7573aa77ef132)] -> xpath: //label[@for='tree-node-commands']//span[@class='rct-checkbox']]
Session ID: 0a6a590a0cb9a540ebd7573aa77ef132
at org.openqa.selenium.remote.ErrorCodec.decode(ErrorCodec.java:167)
at org.openqa.selenium.remote.codec.w3c.W3CHttpResponseCodec.decode(W3CHttpResponseCodec.java:138)
at org.openqa.selenium.remote.codec.w3c.W3CHttpResponseCodec.decode(W3CHttpResponseCodec.java:50)
at org.openqa.selenium.remote.HttpCommandExecutor.execute(HttpCommandExecutor.java:215)
at org.openqa.selenium.remote.service.DriverCommandExecutor.invokeExecute(DriverCommandExecutor.java:216)
at org.openqa.selenium.remote.service.DriverCommandExecutor.execute(DriverCommandExecutor.java:174)
at org.openqa.selenium.remote.RemoteWebDriver.execute(RemoteWebDriver.java:557)
at org.openqa.selenium.remote.RemoteWebElement.execute(RemoteWebElement.java:223)
at org.openqa.selenium.remote.RemoteWebElement.click(RemoteWebElement.java:76)
at org.openqa.selenium.support.pagefactory.internal.LocatingElementHandler.invoke(LocatingElementHandler.java:51)
at jdk.proxy2/jdk.proxy2.$Proxy32.click(Unknown Source)
at pages.elementsPage.selectNotesCommands(elementsPage.java:465)
at tests.ElementsTests.SelectingNotesCommandsClick(ElementsTests.java:152)
at java.base/java.util.ArrayList.forEach(ArrayList.java:1596)
... Removed 30 stack frames]]>
    </failure>
  </testcase> <!-- SelectingNotesCommandsClick -->
  <testcase classname="tests.ElementsTests" name="DoubleClickButtons" time="0.692">
    <failure type="org.openqa.selenium.NoSuchElementException" message="no such element: Unable to locate element: {&amp;quot;method&amp;quot;:&amp;quot;xpath&amp;quot;,&amp;quot;selector&amp;quot;:&amp;quot;//p[@id=&amp;apos;doubleClickMessage&amp;apos;]&amp;quot;}
  (Session info: chrome=137.0.7151.120)
For documentation on this error, please visit: https://www.selenium.dev/documentation/webdriver/troubleshooting/errors#no-such-element-exception
Build info: version: &amp;apos;4.35.0&amp;apos;, revision: &amp;apos;1c58e5028b&amp;apos;
System info: os.name: &amp;apos;Windows 11&amp;apos;, os.arch: &amp;apos;amd64&amp;apos;, os.version: &amp;apos;10.0&amp;apos;, java.version: &amp;apos;21.0.7&amp;apos;
Driver info: org.openqa.selenium.chrome.ChromeDriver
Command: [f99cf23da1c6b2d4b3a9873af0c28f8e, findElement {value=//p[@id=&amp;apos;doubleClickMessage&amp;apos;], using=xpath}]
Capabilities {acceptInsecureCerts: false, browserName: chrome, browserVersion: 137.0.7151.120, chrome: {chromedriverVersion: 137.0.7151.119 (e0ac9d12dff..., userDataDir: C:\Users\dell\AppData\Local...}, fedcm:accounts: true, goog:chromeOptions: {debuggerAddress: localhost:50868}, networkConnectionEnabled: false, pageLoadStrategy: normal, platformName: windows, proxy: Proxy(), se:cdp: ws://localhost:50868/devtoo..., se:cdpVersion: 137.0.7151.120, setWindowRect: true, strictFileInteractability: false, timeouts: {implicit: 0, pageLoad: 300000, script: 30000}, unhandledPromptBehavior: dismiss and notify, webauthn:extension:credBlob: true, webauthn:extension:largeBlob: true, webauthn:extension:minPinLength: true, webauthn:extension:prf: true, webauthn:virtualAuthenticators: true}
Session ID: f99cf23da1c6b2d4b3a9873af0c28f8e">
      <![CDATA[org.openqa.selenium.NoSuchElementException: no such element: Unable to locate element: {"method":"xpath","selector":"//p[@id='doubleClickMessage']"}
  (Session info: chrome=137.0.7151.120)
For documentation on this error, please visit: https://www.selenium.dev/documentation/webdriver/troubleshooting/errors#no-such-element-exception
Build info: version: '4.35.0', revision: '1c58e5028b'
System info: os.name: 'Windows 11', os.arch: 'amd64', os.version: '10.0', java.version: '21.0.7'
Driver info: org.openqa.selenium.chrome.ChromeDriver
Command: [f99cf23da1c6b2d4b3a9873af0c28f8e, findElement {value=//p[@id='doubleClickMessage'], using=xpath}]
Capabilities {acceptInsecureCerts: false, browserName: chrome, browserVersion: 137.0.7151.120, chrome: {chromedriverVersion: 137.0.7151.119 (e0ac9d12dff..., userDataDir: C:\Users\dell\AppData\Local...}, fedcm:accounts: true, goog:chromeOptions: {debuggerAddress: localhost:50868}, networkConnectionEnabled: false, pageLoadStrategy: normal, platformName: windows, proxy: Proxy(), se:cdp: ws://localhost:50868/devtoo..., se:cdpVersion: 137.0.7151.120, setWindowRect: true, strictFileInteractability: false, timeouts: {implicit: 0, pageLoad: 300000, script: 30000}, unhandledPromptBehavior: dismiss and notify, webauthn:extension:credBlob: true, webauthn:extension:largeBlob: true, webauthn:extension:minPinLength: true, webauthn:extension:prf: true, webauthn:virtualAuthenticators: true}
Session ID: f99cf23da1c6b2d4b3a9873af0c28f8e
at org.openqa.selenium.remote.ErrorCodec.decode(ErrorCodec.java:167)
at org.openqa.selenium.remote.codec.w3c.W3CHttpResponseCodec.decode(W3CHttpResponseCodec.java:138)
at org.openqa.selenium.remote.codec.w3c.W3CHttpResponseCodec.decode(W3CHttpResponseCodec.java:50)
at org.openqa.selenium.remote.HttpCommandExecutor.execute(HttpCommandExecutor.java:215)
at org.openqa.selenium.remote.service.DriverCommandExecutor.invokeExecute(DriverCommandExecutor.java:216)
at org.openqa.selenium.remote.service.DriverCommandExecutor.execute(DriverCommandExecutor.java:174)
at org.openqa.selenium.remote.RemoteWebDriver.execute(RemoteWebDriver.java:557)
at org.openqa.selenium.remote.ElementLocation$ElementFinder$2.findElement(ElementLocation.java:165)
at org.openqa.selenium.remote.ElementLocation.findElement(ElementLocation.java:59)
at org.openqa.selenium.remote.RemoteWebDriver.findElement(RemoteWebDriver.java:380)
at org.openqa.selenium.remote.RemoteWebDriver.findElement(RemoteWebDriver.java:374)
at pages.elementsPage.DoubleClickbtn(elementsPage.java:934)
at tests.ElementsTests.DoubleClickButtons(ElementsTests.java:771)
at java.base/java.util.ArrayList.forEach(ArrayList.java:1596)
... Removed 28 stack frames]]>
    </failure>
  </testcase> <!-- DoubleClickButtons -->
  <testcase classname="tests.ElementsTests" name="RightClickButton" time="0.909">
    <failure type="org.openqa.selenium.NoSuchElementException" message="no such element: Unable to locate element: {&amp;quot;method&amp;quot;:&amp;quot;xpath&amp;quot;,&amp;quot;selector&amp;quot;:&amp;quot;//p[@id=&amp;apos;rightClickMessage&amp;apos;]&amp;quot;}
  (Session info: chrome=137.0.7151.120)
For documentation on this error, please visit: https://www.selenium.dev/documentation/webdriver/troubleshooting/errors#no-such-element-exception
Build info: version: &amp;apos;4.35.0&amp;apos;, revision: &amp;apos;1c58e5028b&amp;apos;
System info: os.name: &amp;apos;Windows 11&amp;apos;, os.arch: &amp;apos;amd64&amp;apos;, os.version: &amp;apos;10.0&amp;apos;, java.version: &amp;apos;21.0.7&amp;apos;
Driver info: org.openqa.selenium.chrome.ChromeDriver
Command: [98c2fa21ba60f26a263a74f54a85a3e0, findElement {value=//p[@id=&amp;apos;rightClickMessage&amp;apos;], using=xpath}]
Capabilities {acceptInsecureCerts: false, browserName: chrome, browserVersion: 137.0.7151.120, chrome: {chromedriverVersion: 137.0.7151.119 (e0ac9d12dff..., userDataDir: C:\Users\dell\AppData\Local...}, fedcm:accounts: true, goog:chromeOptions: {debuggerAddress: localhost:51009}, networkConnectionEnabled: false, pageLoadStrategy: normal, platformName: windows, proxy: Proxy(), se:cdp: ws://localhost:51009/devtoo..., se:cdpVersion: 137.0.7151.120, setWindowRect: true, strictFileInteractability: false, timeouts: {implicit: 0, pageLoad: 300000, script: 30000}, unhandledPromptBehavior: dismiss and notify, webauthn:extension:credBlob: true, webauthn:extension:largeBlob: true, webauthn:extension:minPinLength: true, webauthn:extension:prf: true, webauthn:virtualAuthenticators: true}
Session ID: 98c2fa21ba60f26a263a74f54a85a3e0">
      <![CDATA[org.openqa.selenium.NoSuchElementException: no such element: Unable to locate element: {"method":"xpath","selector":"//p[@id='rightClickMessage']"}
  (Session info: chrome=137.0.7151.120)
For documentation on this error, please visit: https://www.selenium.dev/documentation/webdriver/troubleshooting/errors#no-such-element-exception
Build info: version: '4.35.0', revision: '1c58e5028b'
System info: os.name: 'Windows 11', os.arch: 'amd64', os.version: '10.0', java.version: '21.0.7'
Driver info: org.openqa.selenium.chrome.ChromeDriver
Command: [98c2fa21ba60f26a263a74f54a85a3e0, findElement {value=//p[@id='rightClickMessage'], using=xpath}]
Capabilities {acceptInsecureCerts: false, browserName: chrome, browserVersion: 137.0.7151.120, chrome: {chromedriverVersion: 137.0.7151.119 (e0ac9d12dff..., userDataDir: C:\Users\dell\AppData\Local...}, fedcm:accounts: true, goog:chromeOptions: {debuggerAddress: localhost:51009}, networkConnectionEnabled: false, pageLoadStrategy: normal, platformName: windows, proxy: Proxy(), se:cdp: ws://localhost:51009/devtoo..., se:cdpVersion: 137.0.7151.120, setWindowRect: true, strictFileInteractability: false, timeouts: {implicit: 0, pageLoad: 300000, script: 30000}, unhandledPromptBehavior: dismiss and notify, webauthn:extension:credBlob: true, webauthn:extension:largeBlob: true, webauthn:extension:minPinLength: true, webauthn:extension:prf: true, webauthn:virtualAuthenticators: true}
Session ID: 98c2fa21ba60f26a263a74f54a85a3e0
at org.openqa.selenium.remote.ErrorCodec.decode(ErrorCodec.java:167)
at org.openqa.selenium.remote.codec.w3c.W3CHttpResponseCodec.decode(W3CHttpResponseCodec.java:138)
at org.openqa.selenium.remote.codec.w3c.W3CHttpResponseCodec.decode(W3CHttpResponseCodec.java:50)
at org.openqa.selenium.remote.HttpCommandExecutor.execute(HttpCommandExecutor.java:215)
at org.openqa.selenium.remote.service.DriverCommandExecutor.invokeExecute(DriverCommandExecutor.java:216)
at org.openqa.selenium.remote.service.DriverCommandExecutor.execute(DriverCommandExecutor.java:174)
at org.openqa.selenium.remote.RemoteWebDriver.execute(RemoteWebDriver.java:557)
at org.openqa.selenium.remote.ElementLocation$ElementFinder$2.findElement(ElementLocation.java:165)
at org.openqa.selenium.remote.ElementLocation.findElement(ElementLocation.java:59)
at org.openqa.selenium.remote.RemoteWebDriver.findElement(RemoteWebDriver.java:380)
at org.openqa.selenium.remote.RemoteWebDriver.findElement(RemoteWebDriver.java:374)
at org.openqa.selenium.support.pagefactory.DefaultElementLocator.findElement(DefaultElementLocator.java:68)
at org.openqa.selenium.support.pagefactory.internal.LocatingElementHandler.invoke(LocatingElementHandler.java:38)
at jdk.proxy2/jdk.proxy2.$Proxy32.getText(Unknown Source)
at pages.elementsPage.RightClickBtn(elementsPage.java:954)
at tests.ElementsTests.RightClickButton(ElementsTests.java:785)
at java.base/java.util.ArrayList.forEach(ArrayList.java:1596)
... Removed 28 stack frames]]>
    </failure>
  </testcase> <!-- RightClickButton -->
  <testcase classname="tests.ElementsTests" name="Downloadbtn" time="1.439">
    <failure type="java.lang.AssertionError" message="File was not downloaded successfully. expected [true] but found [false]">
      <![CDATA[java.lang.AssertionError: File was not downloaded successfully. expected [true] but found [false]
at pages.elementsPage.DownloadFile(elementsPage.java:1202)
at tests.ElementsTests.Downloadbtn(ElementsTests.java:1121)
at java.base/java.util.ArrayList.forEach(ArrayList.java:1596)
... Removed 28 stack frames]]>
    </failure>
  </testcase> <!-- Downloadbtn -->
  <testcase classname="tests.WidgetsTests" name="AutoCompleteSingle" time="1.516"/>
  <testcase classname="tests.ElementsTests" name="SelectingDownloads" time="0.0">
    <ignored/>
  </testcase> <!-- SelectingDownloads -->
  <testcase classname="tests.WidgetsTests" name="AutoCompleteSearchRemove" time="0.0">
    <ignored/>
  </testcase> <!-- AutoCompleteSearchRemove -->
  <testcase classname="base.demoqaBase" name="@AfterSuite teardownSuite" time="0.0">
    <ignored/>
  </testcase> <!-- @AfterSuite teardownSuite -->
  <testcase classname="tests.ElementsTests" name="ClickForbiddenLink" time="0.0">
    <ignored/>
  </testcase> <!-- ClickForbiddenLink -->
  <testcase classname="tests.ElementsTests" name="ClickMeButton" time="0.0">
    <ignored/>
  </testcase> <!-- ClickMeButton -->
  <testcase classname="tests.ElementsTests" name="ClickUnauthorizedLink" time="0.0">
    <ignored/>
  </testcase> <!-- ClickUnauthorizedLink -->
  <testcase classname="tests.WidgetsTests" name="SingleAddRemove" time="0.0">
    <ignored/>
  </testcase> <!-- SingleAddRemove -->
  <testcase classname="tests.ElementsTests" name="SelectingWorkSpace" time="0.0">
    <ignored/>
  </testcase> <!-- SelectingWorkSpace -->
  <testcase classname="tests.ElementsTests" name="webTableAddSearch" time="0.0">
    <ignored/>
  </testcase> <!-- webTableAddSearch -->
  <testcase classname="tests.ElementsTests" name="webTableNewRegistration" time="0.0">
    <ignored/>
  </testcase> <!-- webTableNewRegistration -->
  <testcase classname="tests.ElementsTests" name="SelectingOffice" time="0.0">
    <ignored/>
  </testcase> <!-- SelectingOffice -->
  <testcase classname="tests.ElementsTests" name="webTableAddSearchEdit" time="0.0">
    <ignored/>
  </testcase> <!-- webTableAddSearchEdit -->
  <testcase classname="tests.ElementsTests" name="BrokenLinksValidlink" time="0.0">
    <ignored/>
  </testcase> <!-- BrokenLinksValidlink -->
  <testcase classname="tests.ElementsTests" name="SelectReactAnuglarVeu" time="0.0">
    <ignored/>
  </testcase> <!-- SelectReactAnuglarVeu -->
  <testcase classname="tests.ElementsTests" name="SelectVeu" time="0.0">
    <ignored/>
  </testcase> <!-- SelectVeu -->
  <testcase classname="tests.ElementsTests" name="EditSalaryDepartment" time="0.0">
    <ignored/>
  </testcase> <!-- EditSalaryDepartment -->
  <testcase classname="tests.ElementsTests" name="SelectPrivate" time="0.0">
    <ignored/>
  </testcase> <!-- SelectPrivate -->
  <testcase classname="tests.ElementsTests" name="ElementsCard" time="0.0">
    <ignored/>
  </testcase> <!-- ElementsCard -->
  <testcase classname="tests.ElementsTests" name="ColorChangebtn" time="0.0">
    <ignored/>
  </testcase> <!-- ColorChangebtn -->
  <testcase classname="tests.ElementsTests" name="DynamicPropertiesbtn" time="0.0">
    <ignored/>
  </testcase> <!-- DynamicPropertiesbtn -->
  <testcase classname="tests.ElementsTests" name="ClickHomeLink" time="0.0">
    <ignored/>
  </testcase> <!-- ClickHomeLink -->
  <testcase classname="tests.ElementsTests" name="WillEnablebtn" time="0.0">
    <ignored/>
  </testcase> <!-- WillEnablebtn -->
  <testcase classname="tests.WidgetsTests" name="accessWidgets" time="0.0">
    <ignored/>
  </testcase> <!-- accessWidgets -->
  <testcase classname="tests.ElementsTests" name="SelectingExcelFile" time="0.0">
    <ignored/>
  </testcase> <!-- SelectingExcelFile -->
  <testcase classname="tests.WidgetsTests" name="Accordian" time="0.0">
    <ignored/>
  </testcase> <!-- Accordian -->
  <testcase classname="tests.ElementsTests" name="ClickBrokenLinksImages" time="0.0">
    <ignored/>
  </testcase> <!-- ClickBrokenLinksImages -->
  <testcase classname="tests.ElementsTests" name="SelectReact" time="0.0">
    <ignored/>
  </testcase> <!-- SelectReact -->
  <testcase classname="tests.ElementsTests" name="TextBox" time="0.0">
    <ignored/>
  </testcase> <!-- TextBox -->
  <testcase classname="tests.ElementsTests" name="BrokenLinksBrokenlink" time="0.0">
    <ignored/>
  </testcase> <!-- BrokenLinksBrokenlink -->
  <testcase classname="tests.ElementsTests" name="ClickBadRequestLink" time="0.0">
    <ignored/>
  </testcase> <!-- ClickBadRequestLink -->
  <testcase classname="tests.WidgetsTests" name="AccessWhereDoes" time="0.0">
    <ignored/>
  </testcase> <!-- AccessWhereDoes -->
  <testcase classname="tests.ElementsTests" name="Buttons" time="0.0">
    <ignored/>
  </testcase> <!-- Buttons -->
  <testcase classname="tests.ElementsTests" name="webTableDeleteUser" time="0.0">
    <ignored/>
  </testcase> <!-- webTableDeleteUser -->
  <testcase classname="tests.ElementsTests" name="clickRadioButton" time="0.0">
    <ignored/>
  </testcase> <!-- clickRadioButton -->
  <testcase classname="tests.ElementsTests" name="testAddAllUsersFromExcel" time="0.0">
    <ignored/>
  </testcase> <!-- testAddAllUsersFromExcel -->
  <testcase classname="tests.ElementsTests" name="UploadDownloadlink" time="0.0">
    <ignored/>
  </testcase> <!-- UploadDownloadlink -->
  <testcase classname="base.demoqaBase" name="@BeforeSuite setupReport" time="0.0">
    <ignored/>
  </testcase> <!-- @BeforeSuite setupReport -->
  <testcase classname="tests.ElementsTests" name="VisibleAfterbtn" time="0.0">
    <ignored/>
  </testcase> <!-- VisibleAfterbtn -->
  <testcase classname="tests.WidgetsTests" name="AutoCompleteSearch" time="0.0">
    <ignored/>
  </testcase> <!-- AutoCompleteSearch -->
  <testcase classname="tests.ElementsTests" name="GetBrokenImage" time="0.0">
    <ignored/>
  </testcase> <!-- GetBrokenImage -->
  <testcase classname="tests.ElementsTests" name="ClickAllLinks" time="0.0">
    <ignored/>
  </testcase> <!-- ClickAllLinks -->
  <testcase classname="tests.ElementsTests" name="SelectImpressiveRadioButton" time="0.0">
    <ignored/>
  </testcase> <!-- SelectImpressiveRadioButton -->
  <testcase classname="tests.ElementsTests" name="SelectingDocumentsCheckBox" time="0.0">
    <ignored/>
  </testcase> <!-- SelectingDocumentsCheckBox -->
  <testcase classname="tests.ElementsTests" name="ClickCreatedAPILink" time="0.0">
    <ignored/>
  </testcase> <!-- ClickCreatedAPILink -->
  <testcase classname="tests.ElementsTests" name="Uploadbtn" time="0.0">
    <ignored/>
  </testcase> <!-- Uploadbtn -->
  <testcase classname="tests.WidgetsTests" name="AutoComplete" time="0.0">
    <ignored/>
  </testcase> <!-- AutoComplete -->
  <testcase classname="tests.ElementsTests" name="WebTablesClick" time="0.0">
    <ignored/>
  </testcase> <!-- WebTablesClick -->
  <testcase classname="tests.ElementsTests" name="testAddAllUsersSearchEdit" time="0.0">
    <ignored/>
  </testcase> <!-- testAddAllUsersSearchEdit -->
  <testcase classname="tests.ElementsTests" name="SelectPublic" time="0.0">
    <ignored/>
  </testcase> <!-- SelectPublic -->
  <testcase classname="tests.ElementsTests" name="SelectingDesktopCheckBox" time="0.0">
    <ignored/>
  </testcase> <!-- SelectingDesktopCheckBox -->
  <testcase classname="tests.ElementsTests" name="SelectingHomeCheckBox" time="0.0">
    <ignored/>
  </testcase> <!-- SelectingHomeCheckBox -->
  <testcase classname="tests.ElementsTests" name="CheckBox" time="0.0">
    <ignored/>
  </testcase> <!-- CheckBox -->
  <testcase classname="tests.ElementsTests" name="ClickDynamicHomeLink" time="0.0">
    <ignored/>
  </testcase> <!-- ClickDynamicHomeLink -->
  <testcase classname="tests.ElementsTests" name="ClickNotFoundLink" time="0.0">
    <ignored/>
  </testcase> <!-- ClickNotFoundLink -->
  <testcase classname="tests.ElementsTests" name="SelectOfficeAll" time="0.0">
    <ignored/>
  </testcase> <!-- SelectOfficeAll -->
  <testcase classname="tests.WidgetsTests" name="AccessWhyDoWe" time="0.0">
    <ignored/>
  </testcase> <!-- AccessWhyDoWe -->
  <testcase classname="tests.ElementsTests" name="SelectingAllFiles" time="0.0">
    <ignored/>
  </testcase> <!-- SelectingAllFiles -->
  <testcase classname="tests.ElementsTests" name="ClickAllButtons" time="0.0">
    <ignored/>
  </testcase> <!-- ClickAllButtons -->
  <testcase classname="tests.ElementsTests" name="SelectingWordFile" time="0.0">
    <ignored/>
  </testcase> <!-- SelectingWordFile -->
  <testcase classname="tests.ElementsTests" name="SelectGeneral" time="0.0">
    <ignored/>
  </testcase> <!-- SelectGeneral -->
  <testcase classname="tests.WidgetsTests" name="AccessWhatis" time="0.0">
    <ignored/>
  </testcase> <!-- AccessWhatis -->
  <testcase classname="tests.ElementsTests" name="ClickMovedLink" time="0.0">
    <ignored/>
  </testcase> <!-- ClickMovedLink -->
  <testcase classname="tests.ElementsTests" name="SelectYesRadioButton" time="0.0">
    <ignored/>
  </testcase> <!-- SelectYesRadioButton -->
  <testcase classname="tests.ElementsTests" name="SelectClassified" time="0.0">
    <ignored/>
  </testcase> <!-- SelectClassified -->
  <testcase classname="tests.ElementsTests" name="ClickNoContentLink" time="0.0">
    <ignored/>
  </testcase> <!-- ClickNoContentLink -->
  <testcase classname="tests.ElementsTests" name="SelectAngular" time="0.0">
    <ignored/>
  </testcase> <!-- SelectAngular -->
  <testcase classname="tests.ElementsTests" name="ClickLinks" time="0.0">
    <ignored/>
  </testcase> <!-- ClickLinks -->
  <testcase classname="tests.ElementsTests" name="webTableAddEditFirstName" time="0.0">
    <ignored/>
  </testcase> <!-- webTableAddEditFirstName -->
  <testcase classname="tests.ElementsTests" name="GetValidImage" time="0.0">
    <ignored/>
  </testcase> <!-- GetValidImage -->
</testsuite> <!-- Surefire test(failed) -->
