<?xml version="1.0" encoding="UTF-8"?>
<!-- Generated by org.testng.reporters.JUnitXMLReporter -->
<testsuite ignored="6" hostname="DESKTOP-7NMSRQD" failures="6" tests="123" name="Surefire test" time="1888.415" errors="0" timestamp="2025-09-04T18:15:54 IST">
  <testcase classname="base.demoqaBase" name="@BeforeMethod setUP" time="11.869">
    <failure type="java.lang.RuntimeException" message="Failed to navigate to https://demoqa.com after 3 attempts">
      <![CDATA[java.lang.RuntimeException: Failed to navigate to https://demoqa.com after 3 attempts
at utils.RetryUrlAccess.navigateWithRetry(RetryUrlAccess.java:45)
at base.demoqaBase.setUP(demoqaBase.java:105)
at java.base/java.util.ArrayList.forEach(ArrayList.java:1596)
... Removed 34 stack frames]]>
    </failure>
  </testcase> <!-- @BeforeMethod setUP -->
  <testcase classname="base.demoqaBase" name="@AfterMethod tearDown" time="0.0">
    <skipped/>
  </testcase> <!-- @AfterMethod tearDown -->
  <testcase classname="base.demoqaBase" name="@BeforeMethod setUP" time="0.0">
    <skipped/>
  </testcase> <!-- @BeforeMethod setUP -->
  <testcase classname="base.demoqaBase" name="@AfterMethod tearDown" time="0.0">
    <skipped/>
  </testcase> <!-- @AfterMethod tearDown -->
  <testcase classname="base.demoqaBase" name="@BeforeMethod setUP" time="0.0">
    <skipped/>
  </testcase> <!-- @BeforeMethod setUP -->
  <testcase classname="base.demoqaBase" name="@AfterMethod tearDown" time="0.0">
    <skipped/>
  </testcase> <!-- @AfterMethod tearDown -->
  <testcase classname="base.demoqaBase" name="@BeforeMethod setUP" time="0.0">
    <skipped/>
  </testcase> <!-- @BeforeMethod setUP -->
  <testcase classname="base.demoqaBase" name="@AfterMethod tearDown" time="0.0">
    <skipped/>
  </testcase> <!-- @AfterMethod tearDown -->
  <testcase classname="base.demoqaBase" name="@BeforeMethod setUP" time="0.0">
    <skipped/>
  </testcase> <!-- @BeforeMethod setUP -->
  <testcase classname="base.demoqaBase" name="@AfterMethod tearDown" time="0.0">
    <skipped/>
  </testcase> <!-- @AfterMethod tearDown -->
  <testcase classname="base.demoqaBase" name="@BeforeMethod setUP" time="0.0">
    <skipped/>
  </testcase> <!-- @BeforeMethod setUP -->
  <testcase classname="base.demoqaBase" name="@AfterMethod tearDown" time="0.0">
    <skipped/>
  </testcase> <!-- @AfterMethod tearDown -->
  <testcase classname="base.demoqaBase" name="@BeforeMethod setUP" time="0.0">
    <skipped/>
  </testcase> <!-- @BeforeMethod setUP -->
  <testcase classname="base.demoqaBase" name="@AfterMethod tearDown" time="0.0">
    <skipped/>
  </testcase> <!-- @AfterMethod tearDown -->
  <testcase classname="tests.AlertsFramesWindowsTests" name="accessAlertsFrameWindows" time="0.314"/>
  <testcase classname="tests.AlertsFramesWindowsTests" name="browserWindows" time="0.385"/>
  <testcase classname="tests.AlertsFramesWindowsTests" name="browserWindowsNewTab" time="0.937"/>
  <testcase classname="tests.AlertsFramesWindowsTests" name="browserWindowsNewWindow" time="1.197"/>
  <testcase classname="tests.AlertsFramesWindowsTests" name="browserWindowsNewWindowMsg" time="1.131"/>
  <testcase classname="tests.AlertsFramesWindowsTests" name="ClickAlerts" time="0.921"/>
  <testcase classname="tests.AlertsFramesWindowsTests" name="ClickToSeeAlerts" time="6.474"/>
  <testcase classname="tests.AlertsFramesWindowsTests" name="ClickAcceptConfirmationBox" time="1.007"/>
  <testcase classname="tests.AlertsFramesWindowsTests" name="ClickDenyConfirmationBox" time="1.104"/>
  <testcase classname="tests.AlertsFramesWindowsTests" name="ClickPromptBoxFill" time="1.105"/>
  <testcase classname="tests.AlertsFramesWindowsTests" name="ClickFrames" time="0.566"/>
  <testcase classname="tests.AlertsFramesWindowsTests" name="GetFrame1" time="0.771"/>
  <testcase classname="tests.AlertsFramesWindowsTests" name="GetFrame2" time="1.036">
    <failure type="java.lang.AssertionError" message="expected [false] but found [true]">
      <![CDATA[java.lang.AssertionError: expected [false] but found [true]
at pages.alertsframewindowsPage.GetFrame2msg(alertsframewindowsPage.java:332)
at tests.AlertsFramesWindowsTests.GetFrame2(AlertsFramesWindowsTests.java:182)
at java.base/java.util.ArrayList.forEach(ArrayList.java:1596)
... Removed 37 stack frames]]>
    </failure>
  </testcase> <!-- GetFrame2 -->
  <testcase classname="tests.AlertsFramesWindowsTests" name="ClickModalDialogs" time="0.461"/>
  <testcase classname="tests.AlertsFramesWindowsTests" name="ClickNestedFrames" time="0.717"/>
  <testcase classname="tests.AlertsFramesWindowsTests" name="ClickLargeModal" time="1.407"/>
  <testcase classname="tests.AlertsFramesWindowsTests" name="ClickSmallModal" time="1.655"/>
  <testcase classname="tests.AlertsFramesWindowsTests" name="GetParentFrame" time="3.846"/>
  <testcase classname="tests.AlertsFramesWindowsTests" name="GetChildFrame" time="1.221"/>
  <testcase classname="tests.ElementsTests" name="ElementsCard" time="0.812"/>
  <testcase classname="tests.ElementsTests" name="TextBox" time="2.376"/>
  <testcase classname="tests.ElementsTests" name="TextBox" time="2.054"/>
  <testcase classname="tests.ElementsTests" name="TextBox" time="2.559"/>
  <testcase classname="tests.ElementsTests" name="TextBox" time="2.786"/>
  <testcase classname="tests.ElementsTests" name="CheckBox" time="1.094"/>
  <testcase classname="tests.ElementsTests" name="SelectingHomeCheckBox" time="1.46"/>
  <testcase classname="tests.ElementsTests" name="SelectingDesktopCheckBox" time="1.072"/>
  <testcase classname="tests.ElementsTests" name="SelectingNotesCommandsClick" time="1.733"/>
  <testcase classname="tests.ElementsTests" name="SelectingDocumentsCheckBox" time="1.122"/>
  <testcase classname="tests.ElementsTests" name="SelectingWorkSpace" time="1.713"/>
  <testcase classname="tests.ElementsTests" name="SelectReact" time="1.804"/>
  <testcase classname="tests.ElementsTests" name="SelectAngular" time="2.245">
    <failure type="org.openqa.selenium.ElementClickInterceptedException" message="element click intercepted: Element &amp;lt;span class=&amp;quot;rct-checkbox&amp;quot;&amp;gt;...&amp;lt;/span&amp;gt; is not clickable at point (515, 676). Other element would receive the click: &amp;lt;iframe frameborder=&amp;quot;0&amp;quot; src=&amp;quot;https://945b6582a4b89f8bfb509799cc3f130a.safeframe.googlesyndication.com/safeframe/1-0-45/html/container.html&amp;quot; id=&amp;quot;google_ads_iframe_/21849154601,22343295815/Ad.Plus-Anchor_0&amp;quot; title=&amp;quot;3rd party ad content&amp;quot; name=&amp;quot;&amp;quot; scrolling=&amp;quot;no&amp;quot; marginwidth=&amp;quot;0&amp;quot; marginheight=&amp;quot;0&amp;quot; width=&amp;quot;728&amp;quot; height=&amp;quot;90&amp;quot; data-is-safeframe=&amp;quot;true&amp;quot; sandbox=&amp;quot;allow-forms allow-popups allow-popups-to-escape-sandbox allow-same-origin allow-scripts allow-top-navigation-by-user-activation&amp;quot; allow=&amp;quot;private-state-token-redemption;attribution-reporting&amp;quot; aria-label=&amp;quot;Advertisement&amp;quot; tabindex=&amp;quot;0&amp;quot; data-google-container-id=&amp;quot;1&amp;quot; style=&amp;quot;border: 0px; vertical-align: bottom;&amp;quot; data-load-complete=&amp;quot;true&amp;quot;&amp;gt;&amp;lt;/iframe&amp;gt;
  (Session info: chrome=137.0.7151.120)
Build info: version: &amp;apos;4.35.0&amp;apos;, revision: &amp;apos;1c58e5028b&amp;apos;
System info: os.name: &amp;apos;Windows 11&amp;apos;, os.arch: &amp;apos;amd64&amp;apos;, os.version: &amp;apos;10.0&amp;apos;, java.version: &amp;apos;21.0.7&amp;apos;
Driver info: org.openqa.selenium.chrome.ChromeDriver
Command: [710ef305f84d8c7794ae3fffcd1dc04b, clickElement {id=f.8ABBE38BF250F5632597339685A91D24.d.3A0793E95880220FF59C93CCB0F0F1C5.e.64}]
Capabilities {acceptInsecureCerts: false, browserName: chrome, browserVersion: 137.0.7151.120, chrome: {chromedriverVersion: 137.0.7151.119 (e0ac9d12dff..., userDataDir: C:\Users\dell\AppData\Local...}, fedcm:accounts: true, goog:chromeOptions: {debuggerAddress: localhost:57113}, networkConnectionEnabled: false, pageLoadStrategy: normal, platformName: windows, proxy: Proxy(), se:cdp: ws://localhost:57113/devtoo..., se:cdpVersion: 137.0.7151.120, setWindowRect: true, strictFileInteractability: false, timeouts: {implicit: 0, pageLoad: 300000, script: 30000}, unhandledPromptBehavior: dismiss and notify, webauthn:extension:credBlob: true, webauthn:extension:largeBlob: true, webauthn:extension:minPinLength: true, webauthn:extension:prf: true, webauthn:virtualAuthenticators: true}
Element: [[ChromeDriver: chrome on windows (710ef305f84d8c7794ae3fffcd1dc04b)] -&amp;gt; xpath: //label[@for=&amp;apos;tree-node-angular&amp;apos;]//span[@class=&amp;apos;rct-checkbox&amp;apos;]]
Session ID: 710ef305f84d8c7794ae3fffcd1dc04b">
      <![CDATA[org.openqa.selenium.ElementClickInterceptedException: element click intercepted: Element <span class="rct-checkbox">...</span> is not clickable at point (515, 676). Other element would receive the click: <iframe frameborder="0" src="https://945b6582a4b89f8bfb509799cc3f130a.safeframe.googlesyndication.com/safeframe/1-0-45/html/container.html" id="google_ads_iframe_/21849154601,22343295815/Ad.Plus-Anchor_0" title="3rd party ad content" name="" scrolling="no" marginwidth="0" marginheight="0" width="728" height="90" data-is-safeframe="true" sandbox="allow-forms allow-popups allow-popups-to-escape-sandbox allow-same-origin allow-scripts allow-top-navigation-by-user-activation" allow="private-state-token-redemption;attribution-reporting" aria-label="Advertisement" tabindex="0" data-google-container-id="1" style="border: 0px; vertical-align: bottom;" data-load-complete="true"></iframe>
  (Session info: chrome=137.0.7151.120)
Build info: version: '4.35.0', revision: '1c58e5028b'
System info: os.name: 'Windows 11', os.arch: 'amd64', os.version: '10.0', java.version: '21.0.7'
Driver info: org.openqa.selenium.chrome.ChromeDriver
Command: [710ef305f84d8c7794ae3fffcd1dc04b, clickElement {id=f.8ABBE38BF250F5632597339685A91D24.d.3A0793E95880220FF59C93CCB0F0F1C5.e.64}]
Capabilities {acceptInsecureCerts: false, browserName: chrome, browserVersion: 137.0.7151.120, chrome: {chromedriverVersion: 137.0.7151.119 (e0ac9d12dff..., userDataDir: C:\Users\dell\AppData\Local...}, fedcm:accounts: true, goog:chromeOptions: {debuggerAddress: localhost:57113}, networkConnectionEnabled: false, pageLoadStrategy: normal, platformName: windows, proxy: Proxy(), se:cdp: ws://localhost:57113/devtoo..., se:cdpVersion: 137.0.7151.120, setWindowRect: true, strictFileInteractability: false, timeouts: {implicit: 0, pageLoad: 300000, script: 30000}, unhandledPromptBehavior: dismiss and notify, webauthn:extension:credBlob: true, webauthn:extension:largeBlob: true, webauthn:extension:minPinLength: true, webauthn:extension:prf: true, webauthn:virtualAuthenticators: true}
Element: [[ChromeDriver: chrome on windows (710ef305f84d8c7794ae3fffcd1dc04b)] -> xpath: //label[@for='tree-node-angular']//span[@class='rct-checkbox']]
Session ID: 710ef305f84d8c7794ae3fffcd1dc04b
at org.openqa.selenium.remote.ErrorCodec.decode(ErrorCodec.java:167)
at org.openqa.selenium.remote.codec.w3c.W3CHttpResponseCodec.decode(W3CHttpResponseCodec.java:138)
at org.openqa.selenium.remote.codec.w3c.W3CHttpResponseCodec.decode(W3CHttpResponseCodec.java:50)
at org.openqa.selenium.remote.HttpCommandExecutor.execute(HttpCommandExecutor.java:215)
at org.openqa.selenium.remote.service.DriverCommandExecutor.invokeExecute(DriverCommandExecutor.java:216)
at org.openqa.selenium.remote.service.DriverCommandExecutor.execute(DriverCommandExecutor.java:174)
at org.openqa.selenium.remote.RemoteWebDriver.execute(RemoteWebDriver.java:557)
at org.openqa.selenium.remote.RemoteWebElement.execute(RemoteWebElement.java:223)
at org.openqa.selenium.remote.RemoteWebElement.click(RemoteWebElement.java:76)
at org.openqa.selenium.support.pagefactory.internal.LocatingElementHandler.invoke(LocatingElementHandler.java:51)
at jdk.proxy2/jdk.proxy2.$Proxy29.click(Unknown Source)
at pages.elementsPage.selectAngular(elementsPage.java:497)
at tests.ElementsTests.SelectAngular(ElementsTests.java:217)
at java.base/java.util.ArrayList.forEach(ArrayList.java:1596)
... Removed 35 stack frames]]>
    </failure>
  </testcase> <!-- SelectAngular -->
  <testcase classname="tests.ElementsTests" name="SelectVeu" time="1.899"/>
  <testcase classname="tests.ElementsTests" name="SelectReactAnuglarVeu" time="2.141"/>
  <testcase classname="tests.ElementsTests" name="SelectingOffice" time="1.3"/>
  <testcase classname="tests.ElementsTests" name="SelectPublic" time="1.539"/>
  <testcase classname="tests.ElementsTests" name="SelectPrivate" time="1.862"/>
  <testcase classname="tests.ElementsTests" name="SelectClassified" time="1.764"/>
  <testcase classname="tests.ElementsTests" name="SelectGeneral" time="1.444"/>
  <testcase classname="tests.ElementsTests" name="SelectOfficeAll" time="1.494">
    <failure type="org.openqa.selenium.NoSuchElementException" message="no such element: Unable to locate element: {&amp;quot;method&amp;quot;:&amp;quot;xpath&amp;quot;,&amp;quot;selector&amp;quot;:&amp;quot;//*[@id=&amp;quot;tree-node&amp;quot;]/ol/li/ol/li[2]/span/button&amp;quot;}
  (Session info: chrome=137.0.7151.120)
For documentation on this error, please visit: https://www.selenium.dev/documentation/webdriver/troubleshooting/errors#no-such-element-exception
Build info: version: &amp;apos;4.35.0&amp;apos;, revision: &amp;apos;1c58e5028b&amp;apos;
System info: os.name: &amp;apos;Windows 11&amp;apos;, os.arch: &amp;apos;amd64&amp;apos;, os.version: &amp;apos;10.0&amp;apos;, java.version: &amp;apos;21.0.7&amp;apos;
Driver info: org.openqa.selenium.chrome.ChromeDriver
Command: [c2b1fc6fda017bb5121742c0392e3eeb, findElement {value=//*[@id=&amp;quot;tree-node&amp;quot;]/ol/li/ol/li[2]/span/button, using=xpath}]
Capabilities {acceptInsecureCerts: false, browserName: chrome, browserVersion: 137.0.7151.120, chrome: {chromedriverVersion: 137.0.7151.119 (e0ac9d12dff..., userDataDir: C:\Users\dell\AppData\Local...}, fedcm:accounts: true, goog:chromeOptions: {debuggerAddress: localhost:58359}, networkConnectionEnabled: false, pageLoadStrategy: normal, platformName: windows, proxy: Proxy(), se:cdp: ws://localhost:58359/devtoo..., se:cdpVersion: 137.0.7151.120, setWindowRect: true, strictFileInteractability: false, timeouts: {implicit: 0, pageLoad: 300000, script: 30000}, unhandledPromptBehavior: dismiss and notify, webauthn:extension:credBlob: true, webauthn:extension:largeBlob: true, webauthn:extension:minPinLength: true, webauthn:extension:prf: true, webauthn:virtualAuthenticators: true}
Session ID: c2b1fc6fda017bb5121742c0392e3eeb">
      <![CDATA[org.openqa.selenium.NoSuchElementException: no such element: Unable to locate element: {"method":"xpath","selector":"//*[@id="tree-node"]/ol/li/ol/li[2]/span/button"}
  (Session info: chrome=137.0.7151.120)
For documentation on this error, please visit: https://www.selenium.dev/documentation/webdriver/troubleshooting/errors#no-such-element-exception
Build info: version: '4.35.0', revision: '1c58e5028b'
System info: os.name: 'Windows 11', os.arch: 'amd64', os.version: '10.0', java.version: '21.0.7'
Driver info: org.openqa.selenium.chrome.ChromeDriver
Command: [c2b1fc6fda017bb5121742c0392e3eeb, findElement {value=//*[@id="tree-node"]/ol/li/ol/li[2]/span/button, using=xpath}]
Capabilities {acceptInsecureCerts: false, browserName: chrome, browserVersion: 137.0.7151.120, chrome: {chromedriverVersion: 137.0.7151.119 (e0ac9d12dff..., userDataDir: C:\Users\dell\AppData\Local...}, fedcm:accounts: true, goog:chromeOptions: {debuggerAddress: localhost:58359}, networkConnectionEnabled: false, pageLoadStrategy: normal, platformName: windows, proxy: Proxy(), se:cdp: ws://localhost:58359/devtoo..., se:cdpVersion: 137.0.7151.120, setWindowRect: true, strictFileInteractability: false, timeouts: {implicit: 0, pageLoad: 300000, script: 30000}, unhandledPromptBehavior: dismiss and notify, webauthn:extension:credBlob: true, webauthn:extension:largeBlob: true, webauthn:extension:minPinLength: true, webauthn:extension:prf: true, webauthn:virtualAuthenticators: true}
Session ID: c2b1fc6fda017bb5121742c0392e3eeb
at org.openqa.selenium.remote.ErrorCodec.decode(ErrorCodec.java:167)
at org.openqa.selenium.remote.codec.w3c.W3CHttpResponseCodec.decode(W3CHttpResponseCodec.java:138)
at org.openqa.selenium.remote.codec.w3c.W3CHttpResponseCodec.decode(W3CHttpResponseCodec.java:50)
at org.openqa.selenium.remote.HttpCommandExecutor.execute(HttpCommandExecutor.java:215)
at org.openqa.selenium.remote.service.DriverCommandExecutor.invokeExecute(DriverCommandExecutor.java:216)
at org.openqa.selenium.remote.service.DriverCommandExecutor.execute(DriverCommandExecutor.java:174)
at org.openqa.selenium.remote.RemoteWebDriver.execute(RemoteWebDriver.java:557)
at org.openqa.selenium.remote.ElementLocation$ElementFinder$2.findElement(ElementLocation.java:165)
at org.openqa.selenium.remote.ElementLocation.findElement(ElementLocation.java:59)
at org.openqa.selenium.remote.RemoteWebDriver.findElement(RemoteWebDriver.java:380)
at org.openqa.selenium.remote.RemoteWebDriver.findElement(RemoteWebDriver.java:374)
at org.openqa.selenium.support.pagefactory.DefaultElementLocator.findElement(DefaultElementLocator.java:68)
at org.openqa.selenium.support.pagefactory.internal.LocatingElementHandler.invoke(LocatingElementHandler.java:38)
at jdk.proxy2/jdk.proxy2.$Proxy29.click(Unknown Source)
at pages.elementsPage.ToggleDocuments(elementsPage.java:474)
at tests.ElementsTests.SelectOfficeAll(ElementsTests.java:352)
at java.base/java.util.ArrayList.forEach(ArrayList.java:1596)
... Removed 33 stack frames]]>
    </failure>
  </testcase> <!-- SelectOfficeAll -->
  <testcase classname="tests.ElementsTests" name="SelectingDownloads" time="1.517"/>
  <testcase classname="tests.ElementsTests" name="SelectingWordFile" time="1.719"/>
  <testcase classname="tests.ElementsTests" name="SelectingExcelFile" time="2.043"/>
  <testcase classname="tests.ElementsTests" name="SelectingAllFiles" time="2.512">
    <failure type="org.openqa.selenium.ElementClickInterceptedException" message="element click intercepted: Element &amp;lt;span class=&amp;quot;rct-checkbox&amp;quot;&amp;gt;...&amp;lt;/span&amp;gt; is not clickable at point (491, 644). Other element would receive the click: &amp;lt;iframe frameborder=&amp;quot;0&amp;quot; src=&amp;quot;https://8469f4ca36bafe945234818caaa0d635.safeframe.googlesyndication.com/safeframe/1-0-45/html/container.html&amp;quot; id=&amp;quot;google_ads_iframe_/21849154601,22343295815/Ad.Plus-Anchor_0&amp;quot; title=&amp;quot;3rd party ad content&amp;quot; name=&amp;quot;&amp;quot; scrolling=&amp;quot;no&amp;quot; marginwidth=&amp;quot;0&amp;quot; marginheight=&amp;quot;0&amp;quot; width=&amp;quot;728&amp;quot; height=&amp;quot;90&amp;quot; data-is-safeframe=&amp;quot;true&amp;quot; sandbox=&amp;quot;allow-forms allow-popups allow-popups-to-escape-sandbox allow-same-origin allow-scripts allow-top-navigation-by-user-activation&amp;quot; allow=&amp;quot;private-state-token-redemption;attribution-reporting&amp;quot; aria-label=&amp;quot;Advertisement&amp;quot; tabindex=&amp;quot;0&amp;quot; data-google-container-id=&amp;quot;1&amp;quot; style=&amp;quot;border: 0px; vertical-align: bottom;&amp;quot; data-load-complete=&amp;quot;true&amp;quot;&amp;gt;&amp;lt;/iframe&amp;gt;
  (Session info: chrome=137.0.7151.120)
Build info: version: &amp;apos;4.35.0&amp;apos;, revision: &amp;apos;1c58e5028b&amp;apos;
System info: os.name: &amp;apos;Windows 11&amp;apos;, os.arch: &amp;apos;amd64&amp;apos;, os.version: &amp;apos;10.0&amp;apos;, java.version: &amp;apos;21.0.7&amp;apos;
Driver info: org.openqa.selenium.chrome.ChromeDriver
Command: [72ac76919fb52c26814dd3c369e36c6f, clickElement {id=f.8644803F461626F5433AE5BC0582553F.d.E474775649DEE7E1D1394580F3251AC1.e.64}]
Capabilities {acceptInsecureCerts: false, browserName: chrome, browserVersion: 137.0.7151.120, chrome: {chromedriverVersion: 137.0.7151.119 (e0ac9d12dff..., userDataDir: C:\Users\dell\AppData\Local...}, fedcm:accounts: true, goog:chromeOptions: {debuggerAddress: localhost:58948}, networkConnectionEnabled: false, pageLoadStrategy: normal, platformName: windows, proxy: Proxy(), se:cdp: ws://localhost:58948/devtoo..., se:cdpVersion: 137.0.7151.120, setWindowRect: true, strictFileInteractability: false, timeouts: {implicit: 0, pageLoad: 300000, script: 30000}, unhandledPromptBehavior: dismiss and notify, webauthn:extension:credBlob: true, webauthn:extension:largeBlob: true, webauthn:extension:minPinLength: true, webauthn:extension:prf: true, webauthn:virtualAuthenticators: true}
Element: [[ChromeDriver: chrome on windows (72ac76919fb52c26814dd3c369e36c6f)] -&amp;gt; xpath: //label[@for=&amp;apos;tree-node-wordFile&amp;apos;]//span[@class=&amp;apos;rct-checkbox&amp;apos;]]
Session ID: 72ac76919fb52c26814dd3c369e36c6f">
      <![CDATA[org.openqa.selenium.ElementClickInterceptedException: element click intercepted: Element <span class="rct-checkbox">...</span> is not clickable at point (491, 644). Other element would receive the click: <iframe frameborder="0" src="https://8469f4ca36bafe945234818caaa0d635.safeframe.googlesyndication.com/safeframe/1-0-45/html/container.html" id="google_ads_iframe_/21849154601,22343295815/Ad.Plus-Anchor_0" title="3rd party ad content" name="" scrolling="no" marginwidth="0" marginheight="0" width="728" height="90" data-is-safeframe="true" sandbox="allow-forms allow-popups allow-popups-to-escape-sandbox allow-same-origin allow-scripts allow-top-navigation-by-user-activation" allow="private-state-token-redemption;attribution-reporting" aria-label="Advertisement" tabindex="0" data-google-container-id="1" style="border: 0px; vertical-align: bottom;" data-load-complete="true"></iframe>
  (Session info: chrome=137.0.7151.120)
Build info: version: '4.35.0', revision: '1c58e5028b'
System info: os.name: 'Windows 11', os.arch: 'amd64', os.version: '10.0', java.version: '21.0.7'
Driver info: org.openqa.selenium.chrome.ChromeDriver
Command: [72ac76919fb52c26814dd3c369e36c6f, clickElement {id=f.8644803F461626F5433AE5BC0582553F.d.E474775649DEE7E1D1394580F3251AC1.e.64}]
Capabilities {acceptInsecureCerts: false, browserName: chrome, browserVersion: 137.0.7151.120, chrome: {chromedriverVersion: 137.0.7151.119 (e0ac9d12dff..., userDataDir: C:\Users\dell\AppData\Local...}, fedcm:accounts: true, goog:chromeOptions: {debuggerAddress: localhost:58948}, networkConnectionEnabled: false, pageLoadStrategy: normal, platformName: windows, proxy: Proxy(), se:cdp: ws://localhost:58948/devtoo..., se:cdpVersion: 137.0.7151.120, setWindowRect: true, strictFileInteractability: false, timeouts: {implicit: 0, pageLoad: 300000, script: 30000}, unhandledPromptBehavior: dismiss and notify, webauthn:extension:credBlob: true, webauthn:extension:largeBlob: true, webauthn:extension:minPinLength: true, webauthn:extension:prf: true, webauthn:virtualAuthenticators: true}
Element: [[ChromeDriver: chrome on windows (72ac76919fb52c26814dd3c369e36c6f)] -> xpath: //label[@for='tree-node-wordFile']//span[@class='rct-checkbox']]
Session ID: 72ac76919fb52c26814dd3c369e36c6f
at org.openqa.selenium.remote.ErrorCodec.decode(ErrorCodec.java:167)
at org.openqa.selenium.remote.codec.w3c.W3CHttpResponseCodec.decode(W3CHttpResponseCodec.java:138)
at org.openqa.selenium.remote.codec.w3c.W3CHttpResponseCodec.decode(W3CHttpResponseCodec.java:50)
at org.openqa.selenium.remote.HttpCommandExecutor.execute(HttpCommandExecutor.java:215)
at org.openqa.selenium.remote.service.DriverCommandExecutor.invokeExecute(DriverCommandExecutor.java:216)
at org.openqa.selenium.remote.service.DriverCommandExecutor.execute(DriverCommandExecutor.java:174)
at org.openqa.selenium.remote.RemoteWebDriver.execute(RemoteWebDriver.java:557)
at org.openqa.selenium.remote.RemoteWebElement.execute(RemoteWebElement.java:223)
at org.openqa.selenium.remote.RemoteWebElement.click(RemoteWebElement.java:76)
at org.openqa.selenium.support.pagefactory.internal.LocatingElementHandler.invoke(LocatingElementHandler.java:51)
at jdk.proxy2/jdk.proxy2.$Proxy29.click(Unknown Source)
at pages.elementsPage.selectWordFile(elementsPage.java:557)
at tests.ElementsTests.SelectingAllFiles(ElementsTests.java:420)
at java.base/java.util.ArrayList.forEach(ArrayList.java:1596)
... Removed 35 stack frames]]>
    </failure>
  </testcase> <!-- SelectingAllFiles -->
  <testcase classname="tests.ElementsTests" name="clickRadioButton" time="0.703"/>
  <testcase classname="tests.ElementsTests" name="SelectYesRadioButton" time="1.618"/>
  <testcase classname="tests.ElementsTests" name="SelectImpressiveRadioButton" time="1.379"/>
  <testcase classname="tests.ElementsTests" name="WebTablesClick" time="0.914"/>
  <testcase classname="tests.ElementsTests" name="webTableNewRegistration" time="4.07"/>
  <testcase classname="tests.ElementsTests" name="webTableNewRegistration" time="3.844"/>
  <testcase classname="tests.ElementsTests" name="webTableNewRegistration" time="3.99"/>
  <testcase classname="tests.ElementsTests" name="webTableNewRegistration" time="4.057"/>
  <testcase classname="tests.ElementsTests" name="webTableAddSearch" time="4.534"/>
  <testcase classname="tests.ElementsTests" name="webTableAddEditFirstName" time="5.281"/>
  <testcase classname="tests.ElementsTests" name="webTableAddSearchEdit" time="6.319"/>
  <testcase classname="tests.ElementsTests" name="webTableDeleteUser" time="3.995"/>
  <testcase classname="tests.ElementsTests" name="testAddAllUsersFromExcel" time="9.303"/>
  <testcase classname="tests.ElementsTests" name="testAddAllUsersSearchEdit" time="14.698"/>
  <testcase classname="tests.ElementsTests" name="EditSalaryDepartment" time="18.596"/>
  <testcase classname="tests.ElementsTests" name="Buttons" time="0.663"/>
  <testcase classname="tests.ElementsTests" name="DoubleClickButtons" time="1.325">
    <failure type="org.openqa.selenium.NoSuchElementException" message="no such element: Unable to locate element: {&amp;quot;method&amp;quot;:&amp;quot;xpath&amp;quot;,&amp;quot;selector&amp;quot;:&amp;quot;//p[@id=&amp;apos;doubleClickMessage&amp;apos;]&amp;quot;}
  (Session info: chrome=137.0.7151.120)
For documentation on this error, please visit: https://www.selenium.dev/documentation/webdriver/troubleshooting/errors#no-such-element-exception
Build info: version: &amp;apos;4.35.0&amp;apos;, revision: &amp;apos;1c58e5028b&amp;apos;
System info: os.name: &amp;apos;Windows 11&amp;apos;, os.arch: &amp;apos;amd64&amp;apos;, os.version: &amp;apos;10.0&amp;apos;, java.version: &amp;apos;21.0.7&amp;apos;
Driver info: org.openqa.selenium.chrome.ChromeDriver
Command: [ddee27d8cfdc602227d03c8ac056b77f, findElement {value=//p[@id=&amp;apos;doubleClickMessage&amp;apos;], using=xpath}]
Capabilities {acceptInsecureCerts: false, browserName: chrome, browserVersion: 137.0.7151.120, chrome: {chromedriverVersion: 137.0.7151.119 (e0ac9d12dff..., userDataDir: C:\Users\dell\AppData\Local...}, fedcm:accounts: true, goog:chromeOptions: {debuggerAddress: localhost:61905}, networkConnectionEnabled: false, pageLoadStrategy: normal, platformName: windows, proxy: Proxy(), se:cdp: ws://localhost:61905/devtoo..., se:cdpVersion: 137.0.7151.120, setWindowRect: true, strictFileInteractability: false, timeouts: {implicit: 0, pageLoad: 300000, script: 30000}, unhandledPromptBehavior: dismiss and notify, webauthn:extension:credBlob: true, webauthn:extension:largeBlob: true, webauthn:extension:minPinLength: true, webauthn:extension:prf: true, webauthn:virtualAuthenticators: true}
Session ID: ddee27d8cfdc602227d03c8ac056b77f">
      <![CDATA[org.openqa.selenium.NoSuchElementException: no such element: Unable to locate element: {"method":"xpath","selector":"//p[@id='doubleClickMessage']"}
  (Session info: chrome=137.0.7151.120)
For documentation on this error, please visit: https://www.selenium.dev/documentation/webdriver/troubleshooting/errors#no-such-element-exception
Build info: version: '4.35.0', revision: '1c58e5028b'
System info: os.name: 'Windows 11', os.arch: 'amd64', os.version: '10.0', java.version: '21.0.7'
Driver info: org.openqa.selenium.chrome.ChromeDriver
Command: [ddee27d8cfdc602227d03c8ac056b77f, findElement {value=//p[@id='doubleClickMessage'], using=xpath}]
Capabilities {acceptInsecureCerts: false, browserName: chrome, browserVersion: 137.0.7151.120, chrome: {chromedriverVersion: 137.0.7151.119 (e0ac9d12dff..., userDataDir: C:\Users\dell\AppData\Local...}, fedcm:accounts: true, goog:chromeOptions: {debuggerAddress: localhost:61905}, networkConnectionEnabled: false, pageLoadStrategy: normal, platformName: windows, proxy: Proxy(), se:cdp: ws://localhost:61905/devtoo..., se:cdpVersion: 137.0.7151.120, setWindowRect: true, strictFileInteractability: false, timeouts: {implicit: 0, pageLoad: 300000, script: 30000}, unhandledPromptBehavior: dismiss and notify, webauthn:extension:credBlob: true, webauthn:extension:largeBlob: true, webauthn:extension:minPinLength: true, webauthn:extension:prf: true, webauthn:virtualAuthenticators: true}
Session ID: ddee27d8cfdc602227d03c8ac056b77f
at org.openqa.selenium.remote.ErrorCodec.decode(ErrorCodec.java:167)
at org.openqa.selenium.remote.codec.w3c.W3CHttpResponseCodec.decode(W3CHttpResponseCodec.java:138)
at org.openqa.selenium.remote.codec.w3c.W3CHttpResponseCodec.decode(W3CHttpResponseCodec.java:50)
at org.openqa.selenium.remote.HttpCommandExecutor.execute(HttpCommandExecutor.java:215)
at org.openqa.selenium.remote.service.DriverCommandExecutor.invokeExecute(DriverCommandExecutor.java:216)
at org.openqa.selenium.remote.service.DriverCommandExecutor.execute(DriverCommandExecutor.java:174)
at org.openqa.selenium.remote.RemoteWebDriver.execute(RemoteWebDriver.java:557)
at org.openqa.selenium.remote.ElementLocation$ElementFinder$2.findElement(ElementLocation.java:165)
at org.openqa.selenium.remote.ElementLocation.findElement(ElementLocation.java:59)
at org.openqa.selenium.remote.RemoteWebDriver.findElement(RemoteWebDriver.java:380)
at org.openqa.selenium.remote.RemoteWebDriver.findElement(RemoteWebDriver.java:374)
at pages.elementsPage.DoubleClickbtn(elementsPage.java:924)
at tests.ElementsTests.DoubleClickButtons(ElementsTests.java:771)
at java.base/java.util.ArrayList.forEach(ArrayList.java:1596)
... Removed 33 stack frames]]>
    </failure>
  </testcase> <!-- DoubleClickButtons -->
  <testcase classname="tests.ElementsTests" name="RightClickButton" time="1.019"/>
  <testcase classname="tests.ElementsTests" name="ClickMeButton" time="1.417"/>
  <testcase classname="tests.ElementsTests" name="ClickAllButtons" time="10.475"/>
  <testcase classname="tests.ElementsTests" name="ClickLinks" time="0.596"/>
  <testcase classname="tests.ElementsTests" name="ClickHomeLink" time="1.505"/>
  <testcase classname="tests.ElementsTests" name="ClickDynamicHomeLink" time="1.34"/>
  <testcase classname="tests.ElementsTests" name="ClickCreatedAPILink" time="1.096"/>
  <testcase classname="tests.ElementsTests" name="ClickNoContentLink" time="0.892"/>
  <testcase classname="tests.ElementsTests" name="ClickMovedLink" time="1.073"/>
  <testcase classname="tests.ElementsTests" name="ClickBadRequestLink" time="1.762"/>
  <testcase classname="tests.ElementsTests" name="ClickUnauthorizedLink" time="1.195"/>
  <testcase classname="tests.ElementsTests" name="ClickForbiddenLink" time="1.072"/>
  <testcase classname="tests.ElementsTests" name="ClickNotFoundLink" time="1.375"/>
  <testcase classname="tests.ElementsTests" name="ClickAllLinks" time="27.216"/>
  <testcase classname="tests.ElementsTests" name="ClickBrokenLinksImages" time="1.343"/>
  <testcase classname="tests.ElementsTests" name="GetValidImage" time="1.0"/>
  <testcase classname="tests.ElementsTests" name="GetBrokenImage" time="1.276"/>
  <testcase classname="tests.ElementsTests" name="BrokenLinksBrokenlink" time="8.882"/>
  <testcase classname="tests.ElementsTests" name="BrokenLinksValidlink" time="2.283"/>
  <testcase classname="tests.ElementsTests" name="UploadDownloadlink" time="0.658"/>
  <testcase classname="tests.ElementsTests" name="Downloadbtn" time="1.187">
    <failure type="java.lang.AssertionError" message="File was not downloaded successfully. expected [true] but found [false]">
      <![CDATA[java.lang.AssertionError: File was not downloaded successfully. expected [true] but found [false]
at pages.elementsPage.DownloadFile(elementsPage.java:1184)
at tests.ElementsTests.Downloadbtn(ElementsTests.java:1121)
at java.base/java.util.ArrayList.forEach(ArrayList.java:1596)
... Removed 33 stack frames]]>
    </failure>
  </testcase> <!-- Downloadbtn -->
  <testcase classname="tests.ElementsTests" name="Uploadbtn" time="1.32"/>
  <testcase classname="tests.ElementsTests" name="DynamicPropertiesbtn" time="1.099"/>
  <testcase classname="tests.ElementsTests" name="ColorChangebtn" time="1.365"/>
  <testcase classname="tests.ElementsTests" name="WillEnablebtn" time="6.33"/>
  <testcase classname="tests.ElementsTests" name="VisibleAfterbtn" time="6.492"/>
  <testcase classname="tests.FormTests" name="FormsCard" time="1.581"/>
  <testcase classname="tests.FormTests" name="FormButton" time="0.764"/>
  <testcase classname="tests.FormTests" name="fillForm" time="14.834"/>
  <testcase classname="tests.FormTests" name="fillForm" time="11.178"/>
  <testcase classname="tests.FormTests" name="fillForm" time="13.623"/>
  <testcase classname="tests.FormTests" name="fillForm" time="14.529"/>
  <testcase classname="tests.WidgetsTests" name="accessWidgets" time="0.485"/>
  <testcase classname="tests.WidgetsTests" name="Accordian" time="1.161"/>
  <testcase classname="tests.WidgetsTests" name="AccessWhatis" time="1.075"/>
  <testcase classname="tests.WidgetsTests" name="AccessWhereDoes" time="0.83"/>
  <testcase classname="tests.WidgetsTests" name="AccessWhyDoWe" time="1.008"/>
  <testcase classname="tests.WidgetsTests" name="AutoComplete" time="0.956"/>
  <testcase classname="tests.WidgetsTests" name="AutoCompleteSearch" time="2.441"/>
  <testcase classname="tests.WidgetsTests" name="AutoCompleteSearch" time="1.487"/>
  <testcase classname="tests.WidgetsTests" name="AutoCompleteSearch" time="1.608"/>
  <testcase classname="tests.WidgetsTests" name="AutoCompleteSearch" time="1.995"/>
  <testcase classname="tests.WidgetsTests" name="AutoCompleteSearch" time="4.669"/>
  <testcase classname="tests.WidgetsTests" name="AutoCompleteSearch" time="2.641"/>
  <testcase classname="tests.WidgetsTests" name="AutoCompleteSearch" time="1.785"/>
  <testcase classname="tests.WidgetsTests" name="AutoCompleteSearch" time="2.753"/>
  <testcase classname="tests.WidgetsTests" name="AutoCompleteSearch" time="1.416"/>
  <testcase classname="tests.WidgetsTests" name="AutoCompleteSearch" time="3.428"/>
  <testcase classname="tests.WidgetsTests" name="AutoCompleteSearch" time="1.286"/>
  <testcase classname="tests.WidgetsTests" name="AutoCompleteSearch" time="2.982"/>
  <testcase classname="tests.WidgetsTests" name="AutoCompleteSearch" time="2.133"/>
  <testcase classname="tests.WidgetsTests" name="AutoCompleteSearch" time="1.543"/>
  <testcase classname="tests.WidgetsTests" name="AutoCompleteSearch" time="1.723"/>
  <testcase classname="tests.WidgetsTests" name="AutoCompleteSearch" time="2.747"/>
  <testcase classname="tests.WidgetsTests" name="AutoCompleteSearch" time="2.798"/>
  <testcase classname="tests.WidgetsTests" name="AutoCompleteSearch" time="0.0">
    <skipped/>
  </testcase> <!-- AutoCompleteSearch -->
  <testcase classname="tests.WidgetsTests" name="AutoCompleteSearch" time="0.0">
    <skipped/>
  </testcase> <!-- AutoCompleteSearch -->
  <testcase classname="tests.WidgetsTests" name="AutoCompleteSearch" time="0.0">
    <skipped/>
  </testcase> <!-- AutoCompleteSearch -->
  <testcase classname="tests.WidgetsTests" name="AutoCompleteSearch" time="0.0">
    <skipped/>
  </testcase> <!-- AutoCompleteSearch -->
  <testcase classname="tests.WidgetsTests" name="AutoCompleteSearchRemove" time="0.0">
    <skipped/>
  </testcase> <!-- AutoCompleteSearchRemove -->
  <testcase classname="tests.WidgetsTests" name="AutoCompleteSingle" time="0.0">
    <skipped/>
  </testcase> <!-- AutoCompleteSingle -->
  <testcase classname="tests.WidgetsTests" name="SingleAddRemove" time="0.0">
    <skipped/>
  </testcase> <!-- SingleAddRemove -->
  <testcase classname="base.demoqaBase" name="@BeforeSuite setupReport" time="0.0">
    <ignored/>
  </testcase> <!-- @BeforeSuite setupReport -->
  <testcase classname="base.demoqaBase" name="@AfterSuite teardownReport" time="0.0">
    <ignored/>
  </testcase> <!-- @AfterSuite teardownReport -->
  <testcase classname="base.demoqaBase" name="@BeforeSuite setupReport" time="0.0">
    <ignored/>
  </testcase> <!-- @BeforeSuite setupReport -->
  <testcase classname="base.demoqaBase" name="@BeforeSuite setupReport" time="0.0">
    <ignored/>
  </testcase> <!-- @BeforeSuite setupReport -->
  <testcase classname="base.demoqaBase" name="@AfterSuite teardownReport" time="0.0">
    <ignored/>
  </testcase> <!-- @AfterSuite teardownReport -->
  <testcase classname="base.demoqaBase" name="@AfterSuite teardownReport" time="0.0">
    <ignored/>
  </testcase> <!-- @AfterSuite teardownReport -->
</testsuite> <!-- Surefire test -->
