<?xml version="1.0" encoding="UTF-8"?>
<testng-results ignored="0" total="68" passed="64" failed="4" skipped="0">
  <reporter-output>
  </reporter-output>
  <suite started-at="2025-09-11T15:59:58 IST" name="Default suite" finished-at="2025-09-11T16:33:09 IST" duration-ms="1991242">
    <groups>
    </groups>
    <test started-at="2025-09-11T15:59:58 IST" name="Default test" finished-at="2025-09-11T16:33:09 IST" duration-ms="1991242">
      <class name="tests.ElementsTests">
        <test-method is-config="true" signature="setupReport()[pri:0, instance:tests.ElementsTests@1921ad94]" started-at="2025-09-11T15:59:58 IST" name="setupReport" finished-at="2025-09-11T15:59:58 IST" duration-ms="202" status="PASS">
          <reporter-output>
          </reporter-output>
        </test-method> <!-- setupReport -->
        <test-method is-config="true" signature="setup(java.lang.reflect.Method)[pri:0, instance:tests.ElementsTests@1921ad94]" started-at="2025-09-11T15:59:58 IST" name="setup" finished-at="2025-09-11T16:00:13 IST" duration-ms="14797" status="PASS">
          <params>
            <param index="0">
              <value>
                <![CDATA[public void tests.ElementsTests.ElementsCard()]]>
              </value>
            </param>
          </params>
          <reporter-output>
          </reporter-output>
        </test-method> <!-- setup -->
        <test-method signature="ElementsCard()[pri:1, instance:tests.ElementsTests@1921ad94]" started-at="2025-09-11T16:00:13 IST" name="ElementsCard" finished-at="2025-09-11T16:00:13 IST" duration-ms="464" status="PASS">
          <reporter-output>
          </reporter-output>
        </test-method> <!-- ElementsCard -->
        <test-method is-config="true" signature="tearDown(org.testng.ITestResult)[pri:0, instance:tests.ElementsTests@1921ad94]" started-at="2025-09-11T16:00:13 IST" name="tearDown" finished-at="2025-09-11T16:00:13 IST" duration-ms="295" status="PASS">
          <params>
            <param index="0">
              <value>
                <![CDATA[[TestResult name=ElementsCard status=SUCCESS method=ElementsTests.ElementsCard()[pri:1, instance:tests.ElementsTests@1921ad94] output={null}]]]>
              </value>
            </param>
          </params>
          <reporter-output>
          </reporter-output>
        </test-method> <!-- tearDown -->
        <test-method is-config="true" signature="setup(java.lang.reflect.Method)[pri:0, instance:tests.ElementsTests@1921ad94]" started-at="2025-09-11T16:00:15 IST" name="setup" finished-at="2025-09-11T16:00:23 IST" duration-ms="8288" status="PASS">
          <params>
            <param index="0">
              <value>
                <![CDATA[public void tests.ElementsTests.TextBox(models.TextBoxUser)]]>
              </value>
            </param>
          </params>
          <reporter-output>
          </reporter-output>
        </test-method> <!-- setup -->
        <test-method signature="TextBox(models.TextBoxUser)[pri:2, instance:tests.ElementsTests@1921ad94]" started-at="2025-09-11T16:00:23 IST" name="TextBox" data-provider="TextBoxUserData" finished-at="2025-09-11T16:00:24 IST" duration-ms="1445" status="PASS">
          <params>
            <param index="0">
              <value>
                <![CDATA[TextBoxUser{firstName='Johny', lastName='Bravo', email='Jbravo@demoqa.com', currentAddress='301 Town 481, Brookville\n kansas 42129\n United States', permanentAddress='511 Grant 481, Prattsville\n Arkansas 72129\n United States'}]]>
              </value>
            </param>
          </params>
          <reporter-output>
          </reporter-output>
        </test-method> <!-- TextBox -->
        <test-method is-config="true" signature="tearDown(org.testng.ITestResult)[pri:0, instance:tests.ElementsTests@1921ad94]" started-at="2025-09-11T16:00:24 IST" name="tearDown" finished-at="2025-09-11T16:00:25 IST" duration-ms="628" status="PASS">
          <params>
            <param index="0">
              <value>
                <![CDATA[[TestResult name=TextBox status=SUCCESS method=ElementsTests.TextBox(models.TextBoxUser)[pri:2, instance:tests.ElementsTests@1921ad94] output={null}]]]>
              </value>
            </param>
          </params>
          <reporter-output>
          </reporter-output>
        </test-method> <!-- tearDown -->
        <test-method is-config="true" signature="setup(java.lang.reflect.Method)[pri:0, instance:tests.ElementsTests@1921ad94]" started-at="2025-09-11T16:00:25 IST" name="setup" finished-at="2025-09-11T16:00:41 IST" duration-ms="16236" status="PASS">
          <params>
            <param index="0">
              <value>
                <![CDATA[public void tests.ElementsTests.TextBox(models.TextBoxUser)]]>
              </value>
            </param>
          </params>
          <reporter-output>
          </reporter-output>
        </test-method> <!-- setup -->
        <test-method signature="TextBox(models.TextBoxUser)[pri:2, instance:tests.ElementsTests@1921ad94]" started-at="2025-09-11T16:00:41 IST" name="TextBox" data-provider="TextBoxUserData" finished-at="2025-09-11T16:00:43 IST" duration-ms="1376" status="PASS">
          <params>
            <param index="0">
              <value>
                <![CDATA[TextBoxUser{firstName='Gene', lastName='Femina', email='GFemina@demoqa.com', currentAddress='302 Town 481, Brookville\n kansas 42129\n United States', permanentAddress='512 Grant 481, Prattsville\n Arkansas 72129\n United States'}]]>
              </value>
            </param>
          </params>
          <reporter-output>
          </reporter-output>
        </test-method> <!-- TextBox -->
        <test-method is-config="true" signature="tearDown(org.testng.ITestResult)[pri:0, instance:tests.ElementsTests@1921ad94]" started-at="2025-09-11T16:00:43 IST" name="tearDown" finished-at="2025-09-11T16:00:43 IST" duration-ms="512" status="PASS">
          <params>
            <param index="0">
              <value>
                <![CDATA[[TestResult name=TextBox status=SUCCESS method=ElementsTests.TextBox(models.TextBoxUser)[pri:2, instance:tests.ElementsTests@1921ad94] output={null}]]]>
              </value>
            </param>
          </params>
          <reporter-output>
          </reporter-output>
        </test-method> <!-- tearDown -->
        <test-method is-config="true" signature="setup(java.lang.reflect.Method)[pri:0, instance:tests.ElementsTests@1921ad94]" started-at="2025-09-11T16:00:43 IST" name="setup" finished-at="2025-09-11T16:00:56 IST" duration-ms="13360" status="PASS">
          <params>
            <param index="0">
              <value>
                <![CDATA[public void tests.ElementsTests.TextBox(models.TextBoxUser)]]>
              </value>
            </param>
          </params>
          <reporter-output>
          </reporter-output>
        </test-method> <!-- setup -->
        <test-method signature="TextBox(models.TextBoxUser)[pri:2, instance:tests.ElementsTests@1921ad94]" started-at="2025-09-11T16:00:56 IST" name="TextBox" data-provider="TextBoxUserData" finished-at="2025-09-11T16:00:58 IST" duration-ms="1435" status="PASS">
          <params>
            <param index="0">
              <value>
                <![CDATA[TextBoxUser{firstName='Bud', lastName='Wisem', email='BWisem@demoqa.com', currentAddress='303 Town 481, Brookville\n kansas 42129\n United States', permanentAddress='513 Grant 481, Prattsville\n Arkansas 72129\n United States'}]]>
              </value>
            </param>
          </params>
          <reporter-output>
          </reporter-output>
        </test-method> <!-- TextBox -->
        <test-method is-config="true" signature="tearDown(org.testng.ITestResult)[pri:0, instance:tests.ElementsTests@1921ad94]" started-at="2025-09-11T16:00:58 IST" name="tearDown" finished-at="2025-09-11T16:00:58 IST" duration-ms="535" status="PASS">
          <params>
            <param index="0">
              <value>
                <![CDATA[[TestResult name=TextBox status=SUCCESS method=ElementsTests.TextBox(models.TextBoxUser)[pri:2, instance:tests.ElementsTests@1921ad94] output={null}]]]>
              </value>
            </param>
          </params>
          <reporter-output>
          </reporter-output>
        </test-method> <!-- tearDown -->
        <test-method is-config="true" signature="setup(java.lang.reflect.Method)[pri:0, instance:tests.ElementsTests@1921ad94]" started-at="2025-09-11T16:00:58 IST" name="setup" finished-at="2025-09-11T16:01:04 IST" duration-ms="5800" status="PASS">
          <params>
            <param index="0">
              <value>
                <![CDATA[public void tests.ElementsTests.TextBox(models.TextBoxUser)]]>
              </value>
            </param>
          </params>
          <reporter-output>
          </reporter-output>
        </test-method> <!-- setup -->
        <test-method signature="TextBox(models.TextBoxUser)[pri:2, instance:tests.ElementsTests@1921ad94]" started-at="2025-09-11T16:01:04 IST" name="TextBox" data-provider="TextBoxUserData" finished-at="2025-09-11T16:01:06 IST" duration-ms="1692" status="PASS">
          <params>
            <param index="0">
              <value>
                <![CDATA[TextBoxUser{firstName='Tom', lastName='Boss', email='TBoss@demoqa.com', currentAddress='304 Town 481, Brookville\n kansas 42129\n United States', permanentAddress='514 Grant 481, Prattsville\n Arkansas 72129\n United States'}]]>
              </value>
            </param>
          </params>
          <reporter-output>
          </reporter-output>
        </test-method> <!-- TextBox -->
        <test-method is-config="true" signature="tearDown(org.testng.ITestResult)[pri:0, instance:tests.ElementsTests@1921ad94]" started-at="2025-09-11T16:01:06 IST" name="tearDown" finished-at="2025-09-11T16:01:07 IST" duration-ms="647" status="PASS">
          <params>
            <param index="0">
              <value>
                <![CDATA[[TestResult name=TextBox status=SUCCESS method=ElementsTests.TextBox(models.TextBoxUser)[pri:2, instance:tests.ElementsTests@1921ad94] output={null}]]]>
              </value>
            </param>
          </params>
          <reporter-output>
          </reporter-output>
        </test-method> <!-- tearDown -->
        <test-method is-config="true" signature="setup(java.lang.reflect.Method)[pri:0, instance:tests.ElementsTests@1921ad94]" started-at="2025-09-11T16:01:07 IST" name="setup" finished-at="2025-09-11T16:01:20 IST" duration-ms="13842" status="PASS">
          <params>
            <param index="0">
              <value>
                <![CDATA[public void tests.ElementsTests.CheckBox()]]>
              </value>
            </param>
          </params>
          <reporter-output>
          </reporter-output>
        </test-method> <!-- setup -->
        <test-method signature="CheckBox()[pri:3, instance:tests.ElementsTests@1921ad94]" started-at="2025-09-11T16:01:20 IST" name="CheckBox" finished-at="2025-09-11T16:01:21 IST" duration-ms="557" status="PASS">
          <reporter-output>
          </reporter-output>
        </test-method> <!-- CheckBox -->
        <test-method is-config="true" signature="tearDown(org.testng.ITestResult)[pri:0, instance:tests.ElementsTests@1921ad94]" started-at="2025-09-11T16:01:21 IST" name="tearDown" finished-at="2025-09-11T16:01:21 IST" duration-ms="326" status="PASS">
          <params>
            <param index="0">
              <value>
                <![CDATA[[TestResult name=CheckBox status=SUCCESS method=ElementsTests.CheckBox()[pri:3, instance:tests.ElementsTests@1921ad94] output={null}]]]>
              </value>
            </param>
          </params>
          <reporter-output>
          </reporter-output>
        </test-method> <!-- tearDown -->
        <test-method is-config="true" signature="setup(java.lang.reflect.Method)[pri:0, instance:tests.ElementsTests@1921ad94]" started-at="2025-09-11T16:01:21 IST" name="setup" finished-at="2025-09-11T16:01:27 IST" duration-ms="5722" status="PASS">
          <params>
            <param index="0">
              <value>
                <![CDATA[public void tests.ElementsTests.SelectingHomeCheckBox()]]>
              </value>
            </param>
          </params>
          <reporter-output>
          </reporter-output>
        </test-method> <!-- setup -->
        <test-method signature="SelectingHomeCheckBox()[pri:4, instance:tests.ElementsTests@1921ad94]" started-at="2025-09-11T16:01:27 IST" name="SelectingHomeCheckBox" finished-at="2025-09-11T16:01:31 IST" duration-ms="4008" status="FAIL">
          <exception class="org.openqa.selenium.TimeoutException">
            <message>
              <![CDATA[Expected condition failed: waiting for presence of any elements located by By.xpath: //*[@id="result"] (tried for 3 second(s) with 500 milliseconds interval)
Build info: version: '4.35.0', revision: '1c58e5028b'
System info: os.name: 'Windows 11', os.arch: 'amd64', os.version: '10.0', java.version: '21.0.7'
Driver info: org.openqa.selenium.chrome.ChromeDriver
Capabilities {acceptInsecureCerts: false, browserName: chrome, browserVersion: 137.0.7151.120, chrome: {chromedriverVersion: 137.0.7151.119 (e0ac9d12dff..., userDataDir: C:\Users\dell\AppData\Local...}, fedcm:accounts: true, goog:chromeOptions: {debuggerAddress: localhost:51740}, networkConnectionEnabled: false, pageLoadStrategy: normal, platformName: windows, proxy: Proxy(), se:cdp: ws://localhost:51740/devtoo..., se:cdpVersion: 137.0.7151.120, setWindowRect: true, strictFileInteractability: false, timeouts: {implicit: 0, pageLoad: 300000, script: 30000}, unhandledPromptBehavior: dismiss and notify, webauthn:extension:credBlob: true, webauthn:extension:largeBlob: true, webauthn:extension:minPinLength: true, webauthn:extension:prf: true, webauthn:virtualAuthenticators: true}
Session ID: d30c9cffdba33227cffa3d9a61a83963]]>
            </message>
            <full-stacktrace>
              <![CDATA[org.openqa.selenium.TimeoutException: Expected condition failed: waiting for presence of any elements located by By.xpath: //*[@id="result"] (tried for 3 second(s) with 500 milliseconds interval)
Build info: version: '4.35.0', revision: '1c58e5028b'
System info: os.name: 'Windows 11', os.arch: 'amd64', os.version: '10.0', java.version: '21.0.7'
Driver info: org.openqa.selenium.chrome.ChromeDriver
Capabilities {acceptInsecureCerts: false, browserName: chrome, browserVersion: 137.0.7151.120, chrome: {chromedriverVersion: 137.0.7151.119 (e0ac9d12dff..., userDataDir: C:\Users\dell\AppData\Local...}, fedcm:accounts: true, goog:chromeOptions: {debuggerAddress: localhost:51740}, networkConnectionEnabled: false, pageLoadStrategy: normal, platformName: windows, proxy: Proxy(), se:cdp: ws://localhost:51740/devtoo..., se:cdpVersion: 137.0.7151.120, setWindowRect: true, strictFileInteractability: false, timeouts: {implicit: 0, pageLoad: 300000, script: 30000}, unhandledPromptBehavior: dismiss and notify, webauthn:extension:credBlob: true, webauthn:extension:largeBlob: true, webauthn:extension:minPinLength: true, webauthn:extension:prf: true, webauthn:virtualAuthenticators: true}
Session ID: d30c9cffdba33227cffa3d9a61a83963
at org.openqa.selenium.support.ui.WebDriverWait.timeoutException(WebDriverWait.java:84)
at org.openqa.selenium.support.ui.FluentWait.until(FluentWait.java:228)
at pages.elementsPage.validateSelectedCheckBox(elementsPage.java:413)
at tests.ElementsTests.SelectingHomeCheckBox(ElementsTests.java:124)
at java.base/jdk.internal.reflect.DirectMethodHandleAccessor.invoke(DirectMethodHandleAccessor.java:103)
at java.base/java.lang.reflect.Method.invoke(Method.java:580)
at org.testng.internal.invokers.MethodInvocationHelper.invokeMethod(MethodInvocationHelper.java:141)
at org.testng.internal.invokers.TestInvoker.invokeMethod(TestInvoker.java:687)
at org.testng.internal.invokers.TestInvoker.invokeTestMethod(TestInvoker.java:230)
at org.testng.internal.invokers.MethodRunner.runInSequence(MethodRunner.java:63)
at org.testng.internal.invokers.TestInvoker$MethodInvocationAgent.invoke(TestInvoker.java:995)
at org.testng.internal.invokers.TestInvoker.invokeTestMethods(TestInvoker.java:203)
at org.testng.internal.invokers.TestMethodWorker.invokeTestMethods(TestMethodWorker.java:154)
at org.testng.internal.invokers.TestMethodWorker.run(TestMethodWorker.java:134)
at java.base/java.util.ArrayList.forEach(ArrayList.java:1596)
at org.testng.TestRunner.privateRun(TestRunner.java:741)
at org.testng.TestRunner.run(TestRunner.java:616)
at org.testng.SuiteRunner.runTest(SuiteRunner.java:421)
at org.testng.SuiteRunner.runSequentially(SuiteRunner.java:413)
at org.testng.SuiteRunner.privateRun(SuiteRunner.java:373)
at org.testng.SuiteRunner.run(SuiteRunner.java:312)
at org.testng.SuiteRunnerWorker.runSuite(SuiteRunnerWorker.java:52)
at org.testng.SuiteRunnerWorker.run(SuiteRunnerWorker.java:95)
at org.testng.TestNG.runSuitesSequentially(TestNG.java:1274)
at org.testng.TestNG.runSuitesLocally(TestNG.java:1208)
at org.testng.TestNG.runSuites(TestNG.java:1112)
at org.testng.TestNG.run(TestNG.java:1079)
at org.testng.remote.AbstractRemoteTestNG.run(AbstractRemoteTestNG.java:115)
at org.testng.remote.RemoteTestNG.initAndRun(RemoteTestNG.java:293)
at org.testng.remote.RemoteTestNG.main(RemoteTestNG.java:91)
]]>
            </full-stacktrace>
          </exception> <!-- org.openqa.selenium.TimeoutException -->
          <reporter-output>
          </reporter-output>
        </test-method> <!-- SelectingHomeCheckBox -->
        <test-method is-config="true" signature="tearDown(org.testng.ITestResult)[pri:0, instance:tests.ElementsTests@1921ad94]" started-at="2025-09-11T16:01:31 IST" name="tearDown" finished-at="2025-09-11T16:01:32 IST" duration-ms="682" status="PASS">
          <params>
            <param index="0">
              <value>
                <![CDATA[[TestResult name=SelectingHomeCheckBox status=FAILURE method=ElementsTests.SelectingHomeCheckBox()[pri:4, instance:tests.ElementsTests@1921ad94] output={null}]]]>
              </value>
            </param>
          </params>
          <reporter-output>
          </reporter-output>
        </test-method> <!-- tearDown -->
        <test-method is-config="true" signature="setup(java.lang.reflect.Method)[pri:0, instance:tests.ElementsTests@1921ad94]" started-at="2025-09-11T16:01:32 IST" name="setup" finished-at="2025-09-11T16:01:58 IST" duration-ms="26767" status="PASS">
          <params>
            <param index="0">
              <value>
                <![CDATA[public void tests.ElementsTests.SelectingDesktopCheckBox()]]>
              </value>
            </param>
          </params>
          <reporter-output>
          </reporter-output>
        </test-method> <!-- setup -->
        <test-method signature="SelectingDesktopCheckBox()[pri:5, instance:tests.ElementsTests@1921ad94]" started-at="2025-09-11T16:01:58 IST" name="SelectingDesktopCheckBox" finished-at="2025-09-11T16:01:59 IST" duration-ms="693" status="PASS">
          <reporter-output>
          </reporter-output>
        </test-method> <!-- SelectingDesktopCheckBox -->
        <test-method is-config="true" signature="tearDown(org.testng.ITestResult)[pri:0, instance:tests.ElementsTests@1921ad94]" started-at="2025-09-11T16:01:59 IST" name="tearDown" finished-at="2025-09-11T16:01:59 IST" duration-ms="288" status="PASS">
          <params>
            <param index="0">
              <value>
                <![CDATA[[TestResult name=SelectingDesktopCheckBox status=SUCCESS method=ElementsTests.SelectingDesktopCheckBox()[pri:5, instance:tests.ElementsTests@1921ad94] output={null}]]]>
              </value>
            </param>
          </params>
          <reporter-output>
          </reporter-output>
        </test-method> <!-- tearDown -->
        <test-method is-config="true" signature="setup(java.lang.reflect.Method)[pri:0, instance:tests.ElementsTests@1921ad94]" started-at="2025-09-11T16:01:59 IST" name="setup" finished-at="2025-09-11T16:02:12 IST" duration-ms="12982" status="PASS">
          <params>
            <param index="0">
              <value>
                <![CDATA[public void tests.ElementsTests.SelectingNotesCommandsClick()]]>
              </value>
            </param>
          </params>
          <reporter-output>
          </reporter-output>
        </test-method> <!-- setup -->
        <test-method signature="SelectingNotesCommandsClick()[pri:6, instance:tests.ElementsTests@1921ad94]" started-at="2025-09-11T16:02:12 IST" name="SelectingNotesCommandsClick" finished-at="2025-09-11T16:02:13 IST" duration-ms="980" status="PASS">
          <reporter-output>
          </reporter-output>
        </test-method> <!-- SelectingNotesCommandsClick -->
        <test-method is-config="true" signature="tearDown(org.testng.ITestResult)[pri:0, instance:tests.ElementsTests@1921ad94]" started-at="2025-09-11T16:02:13 IST" name="tearDown" finished-at="2025-09-11T16:02:14 IST" duration-ms="334" status="PASS">
          <params>
            <param index="0">
              <value>
                <![CDATA[[TestResult name=SelectingNotesCommandsClick status=SUCCESS method=ElementsTests.SelectingNotesCommandsClick()[pri:6, instance:tests.ElementsTests@1921ad94] output={null}]]]>
              </value>
            </param>
          </params>
          <reporter-output>
          </reporter-output>
        </test-method> <!-- tearDown -->
        <test-method is-config="true" signature="setup(java.lang.reflect.Method)[pri:0, instance:tests.ElementsTests@1921ad94]" started-at="2025-09-11T16:02:14 IST" name="setup" finished-at="2025-09-11T16:02:28 IST" duration-ms="14242" status="PASS">
          <params>
            <param index="0">
              <value>
                <![CDATA[public void tests.ElementsTests.SelectingDocumentsCheckBox()]]>
              </value>
            </param>
          </params>
          <reporter-output>
          </reporter-output>
        </test-method> <!-- setup -->
        <test-method signature="SelectingDocumentsCheckBox()[pri:7, instance:tests.ElementsTests@1921ad94]" started-at="2025-09-11T16:02:28 IST" name="SelectingDocumentsCheckBox" finished-at="2025-09-11T16:02:29 IST" duration-ms="876" status="PASS">
          <reporter-output>
          </reporter-output>
        </test-method> <!-- SelectingDocumentsCheckBox -->
        <test-method is-config="true" signature="tearDown(org.testng.ITestResult)[pri:0, instance:tests.ElementsTests@1921ad94]" started-at="2025-09-11T16:02:29 IST" name="tearDown" finished-at="2025-09-11T16:02:29 IST" duration-ms="366" status="PASS">
          <params>
            <param index="0">
              <value>
                <![CDATA[[TestResult name=SelectingDocumentsCheckBox status=SUCCESS method=ElementsTests.SelectingDocumentsCheckBox()[pri:7, instance:tests.ElementsTests@1921ad94] output={null}]]]>
              </value>
            </param>
          </params>
          <reporter-output>
          </reporter-output>
        </test-method> <!-- tearDown -->
        <test-method is-config="true" signature="setup(java.lang.reflect.Method)[pri:0, instance:tests.ElementsTests@1921ad94]" started-at="2025-09-11T16:02:29 IST" name="setup" finished-at="2025-09-11T16:02:43 IST" duration-ms="13962" status="PASS">
          <params>
            <param index="0">
              <value>
                <![CDATA[public void tests.ElementsTests.SelectingWorkSpace()]]>
              </value>
            </param>
          </params>
          <reporter-output>
          </reporter-output>
        </test-method> <!-- setup -->
        <test-method signature="SelectingWorkSpace()[pri:8, instance:tests.ElementsTests@1921ad94]" started-at="2025-09-11T16:02:43 IST" name="SelectingWorkSpace" finished-at="2025-09-11T16:02:44 IST" duration-ms="974" status="PASS">
          <reporter-output>
          </reporter-output>
        </test-method> <!-- SelectingWorkSpace -->
        <test-method is-config="true" signature="tearDown(org.testng.ITestResult)[pri:0, instance:tests.ElementsTests@1921ad94]" started-at="2025-09-11T16:02:44 IST" name="tearDown" finished-at="2025-09-11T16:02:44 IST" duration-ms="310" status="PASS">
          <params>
            <param index="0">
              <value>
                <![CDATA[[TestResult name=SelectingWorkSpace status=SUCCESS method=ElementsTests.SelectingWorkSpace()[pri:8, instance:tests.ElementsTests@1921ad94] output={null}]]]>
              </value>
            </param>
          </params>
          <reporter-output>
          </reporter-output>
        </test-method> <!-- tearDown -->
        <test-method is-config="true" signature="setup(java.lang.reflect.Method)[pri:0, instance:tests.ElementsTests@1921ad94]" started-at="2025-09-11T16:02:44 IST" name="setup" finished-at="2025-09-11T16:03:00 IST" duration-ms="15287" status="PASS">
          <params>
            <param index="0">
              <value>
                <![CDATA[public void tests.ElementsTests.SelectReact()]]>
              </value>
            </param>
          </params>
          <reporter-output>
          </reporter-output>
        </test-method> <!-- setup -->
        <test-method signature="SelectReact()[pri:9, instance:tests.ElementsTests@1921ad94]" started-at="2025-09-11T16:03:00 IST" name="SelectReact" finished-at="2025-09-11T16:03:01 IST" duration-ms="1072" status="PASS">
          <reporter-output>
          </reporter-output>
        </test-method> <!-- SelectReact -->
        <test-method is-config="true" signature="tearDown(org.testng.ITestResult)[pri:0, instance:tests.ElementsTests@1921ad94]" started-at="2025-09-11T16:03:01 IST" name="tearDown" finished-at="2025-09-11T16:03:01 IST" duration-ms="309" status="PASS">
          <params>
            <param index="0">
              <value>
                <![CDATA[[TestResult name=SelectReact status=SUCCESS method=ElementsTests.SelectReact()[pri:9, instance:tests.ElementsTests@1921ad94] output={null}]]]>
              </value>
            </param>
          </params>
          <reporter-output>
          </reporter-output>
        </test-method> <!-- tearDown -->
        <test-method is-config="true" signature="setup(java.lang.reflect.Method)[pri:0, instance:tests.ElementsTests@1921ad94]" started-at="2025-09-11T16:03:01 IST" name="setup" finished-at="2025-09-11T16:03:09 IST" duration-ms="8080" status="PASS">
          <params>
            <param index="0">
              <value>
                <![CDATA[public void tests.ElementsTests.SelectAngular()]]>
              </value>
            </param>
          </params>
          <reporter-output>
          </reporter-output>
        </test-method> <!-- setup -->
        <test-method signature="SelectAngular()[pri:10, instance:tests.ElementsTests@1921ad94]" started-at="2025-09-11T16:03:09 IST" name="SelectAngular" finished-at="2025-09-11T16:03:10 IST" duration-ms="1016" status="PASS">
          <reporter-output>
          </reporter-output>
        </test-method> <!-- SelectAngular -->
        <test-method is-config="true" signature="tearDown(org.testng.ITestResult)[pri:0, instance:tests.ElementsTests@1921ad94]" started-at="2025-09-11T16:03:10 IST" name="tearDown" finished-at="2025-09-11T16:03:11 IST" duration-ms="310" status="PASS">
          <params>
            <param index="0">
              <value>
                <![CDATA[[TestResult name=SelectAngular status=SUCCESS method=ElementsTests.SelectAngular()[pri:10, instance:tests.ElementsTests@1921ad94] output={null}]]]>
              </value>
            </param>
          </params>
          <reporter-output>
          </reporter-output>
        </test-method> <!-- tearDown -->
        <test-method is-config="true" signature="setup(java.lang.reflect.Method)[pri:0, instance:tests.ElementsTests@1921ad94]" started-at="2025-09-11T16:03:11 IST" name="setup" finished-at="2025-09-11T16:03:22 IST" duration-ms="11615" status="PASS">
          <params>
            <param index="0">
              <value>
                <![CDATA[public void tests.ElementsTests.SelectVeu()]]>
              </value>
            </param>
          </params>
          <reporter-output>
          </reporter-output>
        </test-method> <!-- setup -->
        <test-method signature="SelectVeu()[pri:11, instance:tests.ElementsTests@1921ad94]" started-at="2025-09-11T16:03:22 IST" name="SelectVeu" finished-at="2025-09-11T16:03:23 IST" duration-ms="957" status="PASS">
          <reporter-output>
          </reporter-output>
        </test-method> <!-- SelectVeu -->
        <test-method is-config="true" signature="tearDown(org.testng.ITestResult)[pri:0, instance:tests.ElementsTests@1921ad94]" started-at="2025-09-11T16:03:23 IST" name="tearDown" finished-at="2025-09-11T16:03:23 IST" duration-ms="306" status="PASS">
          <params>
            <param index="0">
              <value>
                <![CDATA[[TestResult name=SelectVeu status=SUCCESS method=ElementsTests.SelectVeu()[pri:11, instance:tests.ElementsTests@1921ad94] output={null}]]]>
              </value>
            </param>
          </params>
          <reporter-output>
          </reporter-output>
        </test-method> <!-- tearDown -->
        <test-method is-config="true" signature="setup(java.lang.reflect.Method)[pri:0, instance:tests.ElementsTests@1921ad94]" started-at="2025-09-11T16:03:23 IST" name="setup" finished-at="2025-09-11T16:03:34 IST" duration-ms="10943" status="PASS">
          <params>
            <param index="0">
              <value>
                <![CDATA[public void tests.ElementsTests.SelectReactAnuglarVeu()]]>
              </value>
            </param>
          </params>
          <reporter-output>
          </reporter-output>
        </test-method> <!-- setup -->
        <test-method signature="SelectReactAnuglarVeu()[pri:12, instance:tests.ElementsTests@1921ad94]" started-at="2025-09-11T16:03:34 IST" name="SelectReactAnuglarVeu" finished-at="2025-09-11T16:03:36 IST" duration-ms="1622" status="PASS">
          <reporter-output>
          </reporter-output>
        </test-method> <!-- SelectReactAnuglarVeu -->
        <test-method is-config="true" signature="tearDown(org.testng.ITestResult)[pri:0, instance:tests.ElementsTests@1921ad94]" started-at="2025-09-11T16:03:36 IST" name="tearDown" finished-at="2025-09-11T16:03:37 IST" duration-ms="544" status="PASS">
          <params>
            <param index="0">
              <value>
                <![CDATA[[TestResult name=SelectReactAnuglarVeu status=SUCCESS method=ElementsTests.SelectReactAnuglarVeu()[pri:12, instance:tests.ElementsTests@1921ad94] output={null}]]]>
              </value>
            </param>
          </params>
          <reporter-output>
          </reporter-output>
        </test-method> <!-- tearDown -->
        <test-method is-config="true" signature="setup(java.lang.reflect.Method)[pri:0, instance:tests.ElementsTests@1921ad94]" started-at="2025-09-11T16:03:37 IST" name="setup" finished-at="2025-09-11T16:03:51 IST" duration-ms="14894" status="PASS">
          <params>
            <param index="0">
              <value>
                <![CDATA[public void tests.ElementsTests.SelectingOffice()]]>
              </value>
            </param>
          </params>
          <reporter-output>
          </reporter-output>
        </test-method> <!-- setup -->
        <test-method signature="SelectingOffice()[pri:13, instance:tests.ElementsTests@1921ad94]" started-at="2025-09-11T16:03:51 IST" name="SelectingOffice" finished-at="2025-09-11T16:03:53 IST" duration-ms="1050" status="PASS">
          <reporter-output>
          </reporter-output>
        </test-method> <!-- SelectingOffice -->
        <test-method is-config="true" signature="tearDown(org.testng.ITestResult)[pri:0, instance:tests.ElementsTests@1921ad94]" started-at="2025-09-11T16:03:53 IST" name="tearDown" finished-at="2025-09-11T16:03:53 IST" duration-ms="442" status="PASS">
          <params>
            <param index="0">
              <value>
                <![CDATA[[TestResult name=SelectingOffice status=SUCCESS method=ElementsTests.SelectingOffice()[pri:13, instance:tests.ElementsTests@1921ad94] output={null}]]]>
              </value>
            </param>
          </params>
          <reporter-output>
          </reporter-output>
        </test-method> <!-- tearDown -->
        <test-method is-config="true" signature="setup(java.lang.reflect.Method)[pri:0, instance:tests.ElementsTests@1921ad94]" started-at="2025-09-11T16:03:53 IST" name="setup" finished-at="2025-09-11T16:04:07 IST" duration-ms="14500" status="PASS">
          <params>
            <param index="0">
              <value>
                <![CDATA[public void tests.ElementsTests.SelectPublic()]]>
              </value>
            </param>
          </params>
          <reporter-output>
          </reporter-output>
        </test-method> <!-- setup -->
        <test-method signature="SelectPublic()[pri:14, instance:tests.ElementsTests@1921ad94]" started-at="2025-09-11T16:04:07 IST" name="SelectPublic" finished-at="2025-09-11T16:04:09 IST" duration-ms="1285" status="PASS">
          <reporter-output>
          </reporter-output>
        </test-method> <!-- SelectPublic -->
        <test-method is-config="true" signature="tearDown(org.testng.ITestResult)[pri:0, instance:tests.ElementsTests@1921ad94]" started-at="2025-09-11T16:04:09 IST" name="tearDown" finished-at="2025-09-11T16:04:09 IST" duration-ms="354" status="PASS">
          <params>
            <param index="0">
              <value>
                <![CDATA[[TestResult name=SelectPublic status=SUCCESS method=ElementsTests.SelectPublic()[pri:14, instance:tests.ElementsTests@1921ad94] output={null}]]]>
              </value>
            </param>
          </params>
          <reporter-output>
          </reporter-output>
        </test-method> <!-- tearDown -->
        <test-method is-config="true" signature="setup(java.lang.reflect.Method)[pri:0, instance:tests.ElementsTests@1921ad94]" started-at="2025-09-11T16:04:09 IST" name="setup" finished-at="2025-09-11T16:04:17 IST" duration-ms="7985" status="PASS">
          <params>
            <param index="0">
              <value>
                <![CDATA[public void tests.ElementsTests.SelectPrivate()]]>
              </value>
            </param>
          </params>
          <reporter-output>
          </reporter-output>
        </test-method> <!-- setup -->
        <test-method signature="SelectPrivate()[pri:15, instance:tests.ElementsTests@1921ad94]" started-at="2025-09-11T16:04:17 IST" name="SelectPrivate" finished-at="2025-09-11T16:04:18 IST" duration-ms="1155" status="PASS">
          <reporter-output>
          </reporter-output>
        </test-method> <!-- SelectPrivate -->
        <test-method is-config="true" signature="tearDown(org.testng.ITestResult)[pri:0, instance:tests.ElementsTests@1921ad94]" started-at="2025-09-11T16:04:18 IST" name="tearDown" finished-at="2025-09-11T16:04:19 IST" duration-ms="329" status="PASS">
          <params>
            <param index="0">
              <value>
                <![CDATA[[TestResult name=SelectPrivate status=SUCCESS method=ElementsTests.SelectPrivate()[pri:15, instance:tests.ElementsTests@1921ad94] output={null}]]]>
              </value>
            </param>
          </params>
          <reporter-output>
          </reporter-output>
        </test-method> <!-- tearDown -->
        <test-method is-config="true" signature="setup(java.lang.reflect.Method)[pri:0, instance:tests.ElementsTests@1921ad94]" started-at="2025-09-11T16:04:19 IST" name="setup" finished-at="2025-09-11T16:04:54 IST" duration-ms="35467" status="PASS">
          <params>
            <param index="0">
              <value>
                <![CDATA[public void tests.ElementsTests.SelectClassified()]]>
              </value>
            </param>
          </params>
          <reporter-output>
          </reporter-output>
        </test-method> <!-- setup -->
        <test-method signature="SelectClassified()[pri:16, instance:tests.ElementsTests@1921ad94]" started-at="2025-09-11T16:04:54 IST" name="SelectClassified" finished-at="2025-09-11T16:04:55 IST" duration-ms="944" status="PASS">
          <reporter-output>
          </reporter-output>
        </test-method> <!-- SelectClassified -->
        <test-method is-config="true" signature="tearDown(org.testng.ITestResult)[pri:0, instance:tests.ElementsTests@1921ad94]" started-at="2025-09-11T16:04:55 IST" name="tearDown" finished-at="2025-09-11T16:04:55 IST" duration-ms="291" status="PASS">
          <params>
            <param index="0">
              <value>
                <![CDATA[[TestResult name=SelectClassified status=SUCCESS method=ElementsTests.SelectClassified()[pri:16, instance:tests.ElementsTests@1921ad94] output={null}]]]>
              </value>
            </param>
          </params>
          <reporter-output>
          </reporter-output>
        </test-method> <!-- tearDown -->
        <test-method is-config="true" signature="setup(java.lang.reflect.Method)[pri:0, instance:tests.ElementsTests@1921ad94]" started-at="2025-09-11T16:04:55 IST" name="setup" finished-at="2025-09-11T16:05:09 IST" duration-ms="13681" status="PASS">
          <params>
            <param index="0">
              <value>
                <![CDATA[public void tests.ElementsTests.SelectGeneral()]]>
              </value>
            </param>
          </params>
          <reporter-output>
          </reporter-output>
        </test-method> <!-- setup -->
        <test-method signature="SelectGeneral()[pri:17, instance:tests.ElementsTests@1921ad94]" started-at="2025-09-11T16:05:09 IST" name="SelectGeneral" finished-at="2025-09-11T16:05:10 IST" duration-ms="1042" status="PASS">
          <reporter-output>
          </reporter-output>
        </test-method> <!-- SelectGeneral -->
        <test-method is-config="true" signature="tearDown(org.testng.ITestResult)[pri:0, instance:tests.ElementsTests@1921ad94]" started-at="2025-09-11T16:05:10 IST" name="tearDown" finished-at="2025-09-11T16:10:12 IST" duration-ms="302015" status="PASS">
          <params>
            <param index="0">
              <value>
                <![CDATA[[TestResult name=SelectGeneral status=SUCCESS method=ElementsTests.SelectGeneral()[pri:17, instance:tests.ElementsTests@1921ad94] output={null}]]]>
              </value>
            </param>
          </params>
          <reporter-output>
          </reporter-output>
        </test-method> <!-- tearDown -->
        <test-method is-config="true" signature="setup(java.lang.reflect.Method)[pri:0, instance:tests.ElementsTests@1921ad94]" started-at="2025-09-11T16:10:12 IST" name="setup" finished-at="2025-09-11T16:10:20 IST" duration-ms="8220" status="PASS">
          <params>
            <param index="0">
              <value>
                <![CDATA[public void tests.ElementsTests.SelectOfficeAll()]]>
              </value>
            </param>
          </params>
          <reporter-output>
          </reporter-output>
        </test-method> <!-- setup -->
        <test-method signature="SelectOfficeAll()[pri:18, instance:tests.ElementsTests@1921ad94]" started-at="2025-09-11T16:10:20 IST" name="SelectOfficeAll" finished-at="2025-09-11T16:10:22 IST" duration-ms="1394" status="PASS">
          <reporter-output>
          </reporter-output>
        </test-method> <!-- SelectOfficeAll -->
        <test-method is-config="true" signature="tearDown(org.testng.ITestResult)[pri:0, instance:tests.ElementsTests@1921ad94]" started-at="2025-09-11T16:10:22 IST" name="tearDown" finished-at="2025-09-11T16:10:22 IST" duration-ms="324" status="PASS">
          <params>
            <param index="0">
              <value>
                <![CDATA[[TestResult name=SelectOfficeAll status=SUCCESS method=ElementsTests.SelectOfficeAll()[pri:18, instance:tests.ElementsTests@1921ad94] output={null}]]]>
              </value>
            </param>
          </params>
          <reporter-output>
          </reporter-output>
        </test-method> <!-- tearDown -->
        <test-method is-config="true" signature="setup(java.lang.reflect.Method)[pri:0, instance:tests.ElementsTests@1921ad94]" started-at="2025-09-11T16:10:22 IST" name="setup" finished-at="2025-09-11T16:10:37 IST" duration-ms="15369" status="PASS">
          <params>
            <param index="0">
              <value>
                <![CDATA[public void tests.ElementsTests.SelectingDownloads()]]>
              </value>
            </param>
          </params>
          <reporter-output>
          </reporter-output>
        </test-method> <!-- setup -->
        <test-method signature="SelectingDownloads()[pri:19, instance:tests.ElementsTests@1921ad94]" started-at="2025-09-11T16:10:37 IST" name="SelectingDownloads" finished-at="2025-09-11T16:10:38 IST" duration-ms="911" status="PASS">
          <reporter-output>
          </reporter-output>
        </test-method> <!-- SelectingDownloads -->
        <test-method is-config="true" signature="tearDown(org.testng.ITestResult)[pri:0, instance:tests.ElementsTests@1921ad94]" started-at="2025-09-11T16:10:38 IST" name="tearDown" finished-at="2025-09-11T16:10:39 IST" duration-ms="350" status="PASS">
          <params>
            <param index="0">
              <value>
                <![CDATA[[TestResult name=SelectingDownloads status=SUCCESS method=ElementsTests.SelectingDownloads()[pri:19, instance:tests.ElementsTests@1921ad94] output={null}]]]>
              </value>
            </param>
          </params>
          <reporter-output>
          </reporter-output>
        </test-method> <!-- tearDown -->
        <test-method is-config="true" signature="setup(java.lang.reflect.Method)[pri:0, instance:tests.ElementsTests@1921ad94]" started-at="2025-09-11T16:10:39 IST" name="setup" finished-at="2025-09-11T16:10:49 IST" duration-ms="10271" status="PASS">
          <params>
            <param index="0">
              <value>
                <![CDATA[public void tests.ElementsTests.SelectingWordFile()]]>
              </value>
            </param>
          </params>
          <reporter-output>
          </reporter-output>
        </test-method> <!-- setup -->
        <test-method signature="SelectingWordFile()[pri:20, instance:tests.ElementsTests@1921ad94]" started-at="2025-09-11T16:10:49 IST" name="SelectingWordFile" finished-at="2025-09-11T16:10:50 IST" duration-ms="924" status="PASS">
          <reporter-output>
          </reporter-output>
        </test-method> <!-- SelectingWordFile -->
        <test-method is-config="true" signature="tearDown(org.testng.ITestResult)[pri:0, instance:tests.ElementsTests@1921ad94]" started-at="2025-09-11T16:10:50 IST" name="tearDown" finished-at="2025-09-11T16:10:50 IST" duration-ms="333" status="PASS">
          <params>
            <param index="0">
              <value>
                <![CDATA[[TestResult name=SelectingWordFile status=SUCCESS method=ElementsTests.SelectingWordFile()[pri:20, instance:tests.ElementsTests@1921ad94] output={null}]]]>
              </value>
            </param>
          </params>
          <reporter-output>
          </reporter-output>
        </test-method> <!-- tearDown -->
        <test-method is-config="true" signature="setup(java.lang.reflect.Method)[pri:0, instance:tests.ElementsTests@1921ad94]" started-at="2025-09-11T16:10:50 IST" name="setup" finished-at="2025-09-11T16:10:55 IST" duration-ms="5347" status="PASS">
          <params>
            <param index="0">
              <value>
                <![CDATA[public void tests.ElementsTests.SelectingExcelFile()]]>
              </value>
            </param>
          </params>
          <reporter-output>
          </reporter-output>
        </test-method> <!-- setup -->
        <test-method signature="SelectingExcelFile()[pri:21, instance:tests.ElementsTests@1921ad94]" started-at="2025-09-11T16:10:55 IST" name="SelectingExcelFile" finished-at="2025-09-11T16:10:57 IST" duration-ms="1052" status="PASS">
          <reporter-output>
          </reporter-output>
        </test-method> <!-- SelectingExcelFile -->
        <test-method is-config="true" signature="tearDown(org.testng.ITestResult)[pri:0, instance:tests.ElementsTests@1921ad94]" started-at="2025-09-11T16:10:57 IST" name="tearDown" finished-at="2025-09-11T16:10:57 IST" duration-ms="320" status="PASS">
          <params>
            <param index="0">
              <value>
                <![CDATA[[TestResult name=SelectingExcelFile status=SUCCESS method=ElementsTests.SelectingExcelFile()[pri:21, instance:tests.ElementsTests@1921ad94] output={null}]]]>
              </value>
            </param>
          </params>
          <reporter-output>
          </reporter-output>
        </test-method> <!-- tearDown -->
        <test-method is-config="true" signature="setup(java.lang.reflect.Method)[pri:0, instance:tests.ElementsTests@1921ad94]" started-at="2025-09-11T16:10:57 IST" name="setup" finished-at="2025-09-11T16:11:06 IST" duration-ms="9087" status="PASS">
          <params>
            <param index="0">
              <value>
                <![CDATA[public void tests.ElementsTests.SelectingAllFiles()]]>
              </value>
            </param>
          </params>
          <reporter-output>
          </reporter-output>
        </test-method> <!-- setup -->
        <test-method signature="SelectingAllFiles()[pri:22, instance:tests.ElementsTests@1921ad94]" started-at="2025-09-11T16:11:06 IST" name="SelectingAllFiles" finished-at="2025-09-11T16:11:07 IST" duration-ms="1353" status="PASS">
          <reporter-output>
          </reporter-output>
        </test-method> <!-- SelectingAllFiles -->
        <test-method is-config="true" signature="tearDown(org.testng.ITestResult)[pri:0, instance:tests.ElementsTests@1921ad94]" started-at="2025-09-11T16:11:07 IST" name="tearDown" finished-at="2025-09-11T16:11:08 IST" duration-ms="384" status="PASS">
          <params>
            <param index="0">
              <value>
                <![CDATA[[TestResult name=SelectingAllFiles status=SUCCESS method=ElementsTests.SelectingAllFiles()[pri:22, instance:tests.ElementsTests@1921ad94] output={null}]]]>
              </value>
            </param>
          </params>
          <reporter-output>
          </reporter-output>
        </test-method> <!-- tearDown -->
        <test-method is-config="true" signature="setup(java.lang.reflect.Method)[pri:0, instance:tests.ElementsTests@1921ad94]" started-at="2025-09-11T16:11:08 IST" name="setup" finished-at="2025-09-11T16:11:23 IST" duration-ms="15724" status="PASS">
          <params>
            <param index="0">
              <value>
                <![CDATA[public void tests.ElementsTests.clickRadioButton()]]>
              </value>
            </param>
          </params>
          <reporter-output>
          </reporter-output>
        </test-method> <!-- setup -->
        <test-method signature="clickRadioButton()[pri:23, instance:tests.ElementsTests@1921ad94]" started-at="2025-09-11T16:11:23 IST" name="clickRadioButton" finished-at="2025-09-11T16:11:24 IST" duration-ms="891" status="PASS">
          <reporter-output>
          </reporter-output>
        </test-method> <!-- clickRadioButton -->
        <test-method is-config="true" signature="tearDown(org.testng.ITestResult)[pri:0, instance:tests.ElementsTests@1921ad94]" started-at="2025-09-11T16:11:24 IST" name="tearDown" finished-at="2025-09-11T16:11:25 IST" duration-ms="330" status="PASS">
          <params>
            <param index="0">
              <value>
                <![CDATA[[TestResult name=clickRadioButton status=SUCCESS method=ElementsTests.clickRadioButton()[pri:23, instance:tests.ElementsTests@1921ad94] output={null}]]]>
              </value>
            </param>
          </params>
          <reporter-output>
          </reporter-output>
        </test-method> <!-- tearDown -->
        <test-method is-config="true" signature="setup(java.lang.reflect.Method)[pri:0, instance:tests.ElementsTests@1921ad94]" started-at="2025-09-11T16:11:25 IST" name="setup" finished-at="2025-09-11T16:11:35 IST" duration-ms="10491" status="PASS">
          <params>
            <param index="0">
              <value>
                <![CDATA[public void tests.ElementsTests.SelectYesRadioButton()]]>
              </value>
            </param>
          </params>
          <reporter-output>
          </reporter-output>
        </test-method> <!-- setup -->
        <test-method signature="SelectYesRadioButton()[pri:24, instance:tests.ElementsTests@1921ad94]" started-at="2025-09-11T16:11:35 IST" name="SelectYesRadioButton" finished-at="2025-09-11T16:11:36 IST" duration-ms="724" status="PASS">
          <reporter-output>
          </reporter-output>
        </test-method> <!-- SelectYesRadioButton -->
        <test-method is-config="true" signature="tearDown(org.testng.ITestResult)[pri:0, instance:tests.ElementsTests@1921ad94]" started-at="2025-09-11T16:11:36 IST" name="tearDown" finished-at="2025-09-11T16:11:36 IST" duration-ms="345" status="PASS">
          <params>
            <param index="0">
              <value>
                <![CDATA[[TestResult name=SelectYesRadioButton status=SUCCESS method=ElementsTests.SelectYesRadioButton()[pri:24, instance:tests.ElementsTests@1921ad94] output={null}]]]>
              </value>
            </param>
          </params>
          <reporter-output>
          </reporter-output>
        </test-method> <!-- tearDown -->
        <test-method is-config="true" signature="setup(java.lang.reflect.Method)[pri:0, instance:tests.ElementsTests@1921ad94]" started-at="2025-09-11T16:11:36 IST" name="setup" finished-at="2025-09-11T16:11:51 IST" duration-ms="14592" status="PASS">
          <params>
            <param index="0">
              <value>
                <![CDATA[public void tests.ElementsTests.SelectImpressiveRadioButton()]]>
              </value>
            </param>
          </params>
          <reporter-output>
          </reporter-output>
        </test-method> <!-- setup -->
        <test-method signature="SelectImpressiveRadioButton()[pri:25, instance:tests.ElementsTests@1921ad94]" started-at="2025-09-11T16:11:51 IST" name="SelectImpressiveRadioButton" finished-at="2025-09-11T16:11:51 IST" duration-ms="687" status="PASS">
          <reporter-output>
          </reporter-output>
        </test-method> <!-- SelectImpressiveRadioButton -->
        <test-method is-config="true" signature="tearDown(org.testng.ITestResult)[pri:0, instance:tests.ElementsTests@1921ad94]" started-at="2025-09-11T16:11:51 IST" name="tearDown" finished-at="2025-09-11T16:11:52 IST" duration-ms="346" status="PASS">
          <params>
            <param index="0">
              <value>
                <![CDATA[[TestResult name=SelectImpressiveRadioButton status=SUCCESS method=ElementsTests.SelectImpressiveRadioButton()[pri:25, instance:tests.ElementsTests@1921ad94] output={null}]]]>
              </value>
            </param>
          </params>
          <reporter-output>
          </reporter-output>
        </test-method> <!-- tearDown -->
        <test-method is-config="true" signature="setup(java.lang.reflect.Method)[pri:0, instance:tests.ElementsTests@1921ad94]" started-at="2025-09-11T16:11:52 IST" name="setup" finished-at="2025-09-11T16:12:07 IST" duration-ms="15106" status="PASS">
          <params>
            <param index="0">
              <value>
                <![CDATA[public void tests.ElementsTests.WebTablesClick()]]>
              </value>
            </param>
          </params>
          <reporter-output>
          </reporter-output>
        </test-method> <!-- setup -->
        <test-method signature="WebTablesClick()[pri:26, instance:tests.ElementsTests@1921ad94]" started-at="2025-09-11T16:12:07 IST" name="WebTablesClick" finished-at="2025-09-11T16:12:07 IST" duration-ms="442" status="PASS">
          <reporter-output>
          </reporter-output>
        </test-method> <!-- WebTablesClick -->
        <test-method is-config="true" signature="tearDown(org.testng.ITestResult)[pri:0, instance:tests.ElementsTests@1921ad94]" started-at="2025-09-11T16:12:07 IST" name="tearDown" finished-at="2025-09-11T16:12:08 IST" duration-ms="310" status="PASS">
          <params>
            <param index="0">
              <value>
                <![CDATA[[TestResult name=WebTablesClick status=SUCCESS method=ElementsTests.WebTablesClick()[pri:26, instance:tests.ElementsTests@1921ad94] output={null}]]]>
              </value>
            </param>
          </params>
          <reporter-output>
          </reporter-output>
        </test-method> <!-- tearDown -->
        <test-method is-config="true" signature="setup(java.lang.reflect.Method)[pri:0, instance:tests.ElementsTests@1921ad94]" started-at="2025-09-11T16:12:08 IST" name="setup" finished-at="2025-09-11T16:12:26 IST" duration-ms="18311" status="PASS">
          <params>
            <param index="0">
              <value>
                <![CDATA[public void tests.ElementsTests.webTableNewRegistration(models.WebTableUser)]]>
              </value>
            </param>
          </params>
          <reporter-output>
          </reporter-output>
        </test-method> <!-- setup -->
        <test-method signature="webTableNewRegistration(models.WebTableUser)[pri:27, instance:tests.ElementsTests@1921ad94]" started-at="2025-09-11T16:12:26 IST" name="webTableNewRegistration" data-provider="WebTableUserData" finished-at="2025-09-11T16:12:28 IST" duration-ms="2119" status="PASS">
          <params>
            <param index="0">
              <value>
                <![CDATA[WebTableUser{firstName='Johny', lastName='Bravo', email='Jbravo@demoqa.com', salary=280000, age=340, department='Information Technology'}]]>
              </value>
            </param>
          </params>
          <reporter-output>
          </reporter-output>
        </test-method> <!-- webTableNewRegistration -->
        <test-method is-config="true" signature="tearDown(org.testng.ITestResult)[pri:0, instance:tests.ElementsTests@1921ad94]" started-at="2025-09-11T16:12:28 IST" name="tearDown" finished-at="2025-09-11T16:12:29 IST" duration-ms="667" status="PASS">
          <params>
            <param index="0">
              <value>
                <![CDATA[[TestResult name=webTableNewRegistration status=SUCCESS method=ElementsTests.webTableNewRegistration(models.WebTableUser)[pri:27, instance:tests.ElementsTests@1921ad94] output={null}]]]>
              </value>
            </param>
          </params>
          <reporter-output>
          </reporter-output>
        </test-method> <!-- tearDown -->
        <test-method is-config="true" signature="setup(java.lang.reflect.Method)[pri:0, instance:tests.ElementsTests@1921ad94]" started-at="2025-09-11T16:12:29 IST" name="setup" finished-at="2025-09-11T16:12:44 IST" duration-ms="14975" status="PASS">
          <params>
            <param index="0">
              <value>
                <![CDATA[public void tests.ElementsTests.webTableNewRegistration(models.WebTableUser)]]>
              </value>
            </param>
          </params>
          <reporter-output>
          </reporter-output>
        </test-method> <!-- setup -->
        <test-method signature="webTableNewRegistration(models.WebTableUser)[pri:27, instance:tests.ElementsTests@1921ad94]" started-at="2025-09-11T16:12:44 IST" name="webTableNewRegistration" data-provider="WebTableUserData" finished-at="2025-09-11T16:12:46 IST" duration-ms="1883" status="PASS">
          <params>
            <param index="0">
              <value>
                <![CDATA[WebTableUser{firstName='Gene', lastName='Femina', email='GFemina@demoqa.com', salary=180000, age=300, department='Finance'}]]>
              </value>
            </param>
          </params>
          <reporter-output>
          </reporter-output>
        </test-method> <!-- webTableNewRegistration -->
        <test-method is-config="true" signature="tearDown(org.testng.ITestResult)[pri:0, instance:tests.ElementsTests@1921ad94]" started-at="2025-09-11T16:12:46 IST" name="tearDown" finished-at="2025-09-11T16:12:46 IST" duration-ms="327" status="PASS">
          <params>
            <param index="0">
              <value>
                <![CDATA[[TestResult name=webTableNewRegistration status=SUCCESS method=ElementsTests.webTableNewRegistration(models.WebTableUser)[pri:27, instance:tests.ElementsTests@1921ad94] output={null}]]]>
              </value>
            </param>
          </params>
          <reporter-output>
          </reporter-output>
        </test-method> <!-- tearDown -->
        <test-method is-config="true" signature="setup(java.lang.reflect.Method)[pri:0, instance:tests.ElementsTests@1921ad94]" started-at="2025-09-11T16:12:46 IST" name="setup" finished-at="2025-09-11T16:12:51 IST" duration-ms="5465" status="PASS">
          <params>
            <param index="0">
              <value>
                <![CDATA[public void tests.ElementsTests.webTableNewRegistration(models.WebTableUser)]]>
              </value>
            </param>
          </params>
          <reporter-output>
          </reporter-output>
        </test-method> <!-- setup -->
        <test-method signature="webTableNewRegistration(models.WebTableUser)[pri:27, instance:tests.ElementsTests@1921ad94]" started-at="2025-09-11T16:12:51 IST" name="webTableNewRegistration" data-provider="WebTableUserData" finished-at="2025-09-11T16:12:54 IST" duration-ms="2511" status="PASS">
          <params>
            <param index="0">
              <value>
                <![CDATA[WebTableUser{firstName='Bud', lastName='Wisem', email='BWisem@demoqa.com', salary=150000, age=400, department='Medicine'}]]>
              </value>
            </param>
          </params>
          <reporter-output>
          </reporter-output>
        </test-method> <!-- webTableNewRegistration -->
        <test-method is-config="true" signature="tearDown(org.testng.ITestResult)[pri:0, instance:tests.ElementsTests@1921ad94]" started-at="2025-09-11T16:12:54 IST" name="tearDown" finished-at="2025-09-11T16:12:54 IST" duration-ms="398" status="PASS">
          <params>
            <param index="0">
              <value>
                <![CDATA[[TestResult name=webTableNewRegistration status=SUCCESS method=ElementsTests.webTableNewRegistration(models.WebTableUser)[pri:27, instance:tests.ElementsTests@1921ad94] output={null}]]]>
              </value>
            </param>
          </params>
          <reporter-output>
          </reporter-output>
        </test-method> <!-- tearDown -->
        <test-method is-config="true" signature="setup(java.lang.reflect.Method)[pri:0, instance:tests.ElementsTests@1921ad94]" started-at="2025-09-11T16:12:54 IST" name="setup" finished-at="2025-09-11T16:13:07 IST" duration-ms="13094" status="PASS">
          <params>
            <param index="0">
              <value>
                <![CDATA[public void tests.ElementsTests.webTableNewRegistration(models.WebTableUser)]]>
              </value>
            </param>
          </params>
          <reporter-output>
          </reporter-output>
        </test-method> <!-- setup -->
        <test-method signature="webTableNewRegistration(models.WebTableUser)[pri:27, instance:tests.ElementsTests@1921ad94]" started-at="2025-09-11T16:13:07 IST" name="webTableNewRegistration" data-provider="WebTableUserData" finished-at="2025-09-11T16:13:09 IST" duration-ms="1911" status="PASS">
          <params>
            <param index="0">
              <value>
                <![CDATA[WebTableUser{firstName='Tom', lastName='Boss', email='TBoss@demoqa.com', salary=190000, age=420, department='Recreation'}]]>
              </value>
            </param>
          </params>
          <reporter-output>
          </reporter-output>
        </test-method> <!-- webTableNewRegistration -->
        <test-method is-config="true" signature="tearDown(org.testng.ITestResult)[pri:0, instance:tests.ElementsTests@1921ad94]" started-at="2025-09-11T16:13:09 IST" name="tearDown" finished-at="2025-09-11T16:13:10 IST" duration-ms="326" status="PASS">
          <params>
            <param index="0">
              <value>
                <![CDATA[[TestResult name=webTableNewRegistration status=SUCCESS method=ElementsTests.webTableNewRegistration(models.WebTableUser)[pri:27, instance:tests.ElementsTests@1921ad94] output={null}]]]>
              </value>
            </param>
          </params>
          <reporter-output>
          </reporter-output>
        </test-method> <!-- tearDown -->
        <test-method is-config="true" signature="setup(java.lang.reflect.Method)[pri:0, instance:tests.ElementsTests@1921ad94]" started-at="2025-09-11T16:13:10 IST" name="setup" finished-at="2025-09-11T16:13:15 IST" duration-ms="5120" status="PASS">
          <params>
            <param index="0">
              <value>
                <![CDATA[public void tests.ElementsTests.webTableAddSearch(models.WebTableUser)]]>
              </value>
            </param>
          </params>
          <reporter-output>
          </reporter-output>
        </test-method> <!-- setup -->
        <test-method signature="webTableAddSearch(models.WebTableUser)[pri:28, instance:tests.ElementsTests@1921ad94]" started-at="2025-09-11T16:13:15 IST" name="webTableAddSearch" data-provider="WTFormDataEdit" finished-at="2025-09-11T16:13:17 IST" duration-ms="2324" status="PASS">
          <params>
            <param index="0">
              <value>
                <![CDATA[WebTableUser{firstName='Johny', lastName='Bravo', email='Jbravo@demoqa.com', salary=280000, age=340, department='Information Technology'}]]>
              </value>
            </param>
          </params>
          <reporter-output>
          </reporter-output>
        </test-method> <!-- webTableAddSearch -->
        <test-method is-config="true" signature="tearDown(org.testng.ITestResult)[pri:0, instance:tests.ElementsTests@1921ad94]" started-at="2025-09-11T16:13:17 IST" name="tearDown" finished-at="2025-09-11T16:13:18 IST" duration-ms="415" status="PASS">
          <params>
            <param index="0">
              <value>
                <![CDATA[[TestResult name=webTableAddSearch status=SUCCESS method=ElementsTests.webTableAddSearch(models.WebTableUser)[pri:28, instance:tests.ElementsTests@1921ad94] output={null}]]]>
              </value>
            </param>
          </params>
          <reporter-output>
          </reporter-output>
        </test-method> <!-- tearDown -->
        <test-method is-config="true" signature="setup(java.lang.reflect.Method)[pri:0, instance:tests.ElementsTests@1921ad94]" started-at="2025-09-11T16:13:18 IST" name="setup" finished-at="2025-09-11T16:13:24 IST" duration-ms="6353" status="PASS">
          <params>
            <param index="0">
              <value>
                <![CDATA[public void tests.ElementsTests.webTableAddEditFirstName(models.WebTableUser)]]>
              </value>
            </param>
          </params>
          <reporter-output>
          </reporter-output>
        </test-method> <!-- setup -->
        <test-method signature="webTableAddEditFirstName(models.WebTableUser)[pri:29, instance:tests.ElementsTests@1921ad94]" started-at="2025-09-11T16:13:24 IST" name="webTableAddEditFirstName" data-provider="WTFormDataEdit" finished-at="2025-09-11T16:13:28 IST" duration-ms="3623" status="PASS">
          <params>
            <param index="0">
              <value>
                <![CDATA[WebTableUser{firstName='Tonny', lastName='Bravo', email='Jbravo@demoqa.com', salary=280000, age=340, department='Information Technology'}]]>
              </value>
            </param>
          </params>
          <reporter-output>
          </reporter-output>
        </test-method> <!-- webTableAddEditFirstName -->
        <test-method is-config="true" signature="tearDown(org.testng.ITestResult)[pri:0, instance:tests.ElementsTests@1921ad94]" started-at="2025-09-11T16:13:28 IST" name="tearDown" finished-at="2025-09-11T16:13:28 IST" duration-ms="299" status="PASS">
          <params>
            <param index="0">
              <value>
                <![CDATA[[TestResult name=webTableAddEditFirstName status=SUCCESS method=ElementsTests.webTableAddEditFirstName(models.WebTableUser)[pri:29, instance:tests.ElementsTests@1921ad94] output={null}]]]>
              </value>
            </param>
          </params>
          <reporter-output>
          </reporter-output>
        </test-method> <!-- tearDown -->
        <test-method is-config="true" signature="setup(java.lang.reflect.Method)[pri:0, instance:tests.ElementsTests@1921ad94]" started-at="2025-09-11T16:13:28 IST" name="setup" finished-at="2025-09-11T16:13:41 IST" duration-ms="13441" status="PASS">
          <params>
            <param index="0">
              <value>
                <![CDATA[public void tests.ElementsTests.webTableAddSearchEdit(models.WebTableUser)]]>
              </value>
            </param>
          </params>
          <reporter-output>
          </reporter-output>
        </test-method> <!-- setup -->
        <test-method signature="webTableAddSearchEdit(models.WebTableUser)[pri:30, instance:tests.ElementsTests@1921ad94]" started-at="2025-09-11T16:13:41 IST" name="webTableAddSearchEdit" data-provider="WTFormDataEdit" finished-at="2025-09-11T16:13:46 IST" duration-ms="4263" status="PASS">
          <params>
            <param index="0">
              <value>
                <![CDATA[WebTableUser{firstName='Tonny', lastName='Bravo', email='Jbravo@demoqa.com', salary=280000, age=340, department='Information Technology'}]]>
              </value>
            </param>
          </params>
          <reporter-output>
          </reporter-output>
        </test-method> <!-- webTableAddSearchEdit -->
        <test-method is-config="true" signature="tearDown(org.testng.ITestResult)[pri:0, instance:tests.ElementsTests@1921ad94]" started-at="2025-09-11T16:13:46 IST" name="tearDown" finished-at="2025-09-11T16:13:46 IST" duration-ms="359" status="PASS">
          <params>
            <param index="0">
              <value>
                <![CDATA[[TestResult name=webTableAddSearchEdit status=SUCCESS method=ElementsTests.webTableAddSearchEdit(models.WebTableUser)[pri:30, instance:tests.ElementsTests@1921ad94] output={null}]]]>
              </value>
            </param>
          </params>
          <reporter-output>
          </reporter-output>
        </test-method> <!-- tearDown -->
        <test-method is-config="true" signature="setup(java.lang.reflect.Method)[pri:0, instance:tests.ElementsTests@1921ad94]" started-at="2025-09-11T16:13:46 IST" name="setup" finished-at="2025-09-11T16:14:00 IST" duration-ms="13724" status="PASS">
          <params>
            <param index="0">
              <value>
                <![CDATA[public void tests.ElementsTests.webTableDeleteUser(models.WebTableUser)]]>
              </value>
            </param>
          </params>
          <reporter-output>
          </reporter-output>
        </test-method> <!-- setup -->
        <test-method signature="webTableDeleteUser(models.WebTableUser)[pri:31, instance:tests.ElementsTests@1921ad94]" started-at="2025-09-11T16:14:00 IST" name="webTableDeleteUser" data-provider="WTFormDataEdit" finished-at="2025-09-11T16:14:03 IST" duration-ms="2782" status="PASS">
          <params>
            <param index="0">
              <value>
                <![CDATA[WebTableUser{firstName='Johny', lastName='Bravo', email='Jbravo@demoqa.com', salary=280000, age=340, department='Information Technology'}]]>
              </value>
            </param>
          </params>
          <reporter-output>
          </reporter-output>
        </test-method> <!-- webTableDeleteUser -->
        <test-method is-config="true" signature="tearDown(org.testng.ITestResult)[pri:0, instance:tests.ElementsTests@1921ad94]" started-at="2025-09-11T16:14:03 IST" name="tearDown" finished-at="2025-09-11T16:14:03 IST" duration-ms="335" status="PASS">
          <params>
            <param index="0">
              <value>
                <![CDATA[[TestResult name=webTableDeleteUser status=SUCCESS method=ElementsTests.webTableDeleteUser(models.WebTableUser)[pri:31, instance:tests.ElementsTests@1921ad94] output={null}]]]>
              </value>
            </param>
          </params>
          <reporter-output>
          </reporter-output>
        </test-method> <!-- tearDown -->
        <test-method is-config="true" signature="setup(java.lang.reflect.Method)[pri:0, instance:tests.ElementsTests@1921ad94]" started-at="2025-09-11T16:14:03 IST" name="setup" finished-at="2025-09-11T16:14:17 IST" duration-ms="13801" status="PASS">
          <params>
            <param index="0">
              <value>
                <![CDATA[public void tests.ElementsTests.testAddAllUsersFromExcel() throws java.io.IOException]]>
              </value>
            </param>
          </params>
          <reporter-output>
          </reporter-output>
        </test-method> <!-- setup -->
        <test-method signature="testAddAllUsersFromExcel()[pri:32, instance:tests.ElementsTests@1921ad94]" started-at="2025-09-11T16:14:17 IST" name="testAddAllUsersFromExcel" finished-at="2025-09-11T16:14:24 IST" duration-ms="7382" status="PASS">
          <reporter-output>
          </reporter-output>
        </test-method> <!-- testAddAllUsersFromExcel -->
        <test-method is-config="true" signature="tearDown(org.testng.ITestResult)[pri:0, instance:tests.ElementsTests@1921ad94]" started-at="2025-09-11T16:14:24 IST" name="tearDown" finished-at="2025-09-11T16:14:25 IST" duration-ms="768" status="PASS">
          <params>
            <param index="0">
              <value>
                <![CDATA[[TestResult name=testAddAllUsersFromExcel status=SUCCESS method=ElementsTests.testAddAllUsersFromExcel()[pri:32, instance:tests.ElementsTests@1921ad94] output={null}]]]>
              </value>
            </param>
          </params>
          <reporter-output>
          </reporter-output>
        </test-method> <!-- tearDown -->
        <test-method is-config="true" signature="setup(java.lang.reflect.Method)[pri:0, instance:tests.ElementsTests@1921ad94]" started-at="2025-09-11T16:14:25 IST" name="setup" finished-at="2025-09-11T16:14:36 IST" duration-ms="11580" status="PASS">
          <params>
            <param index="0">
              <value>
                <![CDATA[public void tests.ElementsTests.testAddAllUsersSearchEdit() throws java.io.IOException]]>
              </value>
            </param>
          </params>
          <reporter-output>
          </reporter-output>
        </test-method> <!-- setup -->
        <test-method signature="testAddAllUsersSearchEdit()[pri:33, instance:tests.ElementsTests@1921ad94]" started-at="2025-09-11T16:14:36 IST" name="testAddAllUsersSearchEdit" finished-at="2025-09-11T16:14:46 IST" duration-ms="9472" status="PASS">
          <reporter-output>
          </reporter-output>
        </test-method> <!-- testAddAllUsersSearchEdit -->
        <test-method is-config="true" signature="tearDown(org.testng.ITestResult)[pri:0, instance:tests.ElementsTests@1921ad94]" started-at="2025-09-11T16:14:46 IST" name="tearDown" finished-at="2025-09-11T16:14:46 IST" duration-ms="415" status="PASS">
          <params>
            <param index="0">
              <value>
                <![CDATA[[TestResult name=testAddAllUsersSearchEdit status=SUCCESS method=ElementsTests.testAddAllUsersSearchEdit()[pri:33, instance:tests.ElementsTests@1921ad94] output={null}]]]>
              </value>
            </param>
          </params>
          <reporter-output>
          </reporter-output>
        </test-method> <!-- tearDown -->
        <test-method is-config="true" signature="setup(java.lang.reflect.Method)[pri:0, instance:tests.ElementsTests@1921ad94]" started-at="2025-09-11T16:14:46 IST" name="setup" finished-at="2025-09-11T16:15:01 IST" duration-ms="15038" status="PASS">
          <params>
            <param index="0">
              <value>
                <![CDATA[public void tests.ElementsTests.EditSalaryDepartment() throws java.io.IOException]]>
              </value>
            </param>
          </params>
          <reporter-output>
          </reporter-output>
        </test-method> <!-- setup -->
        <test-method signature="EditSalaryDepartment()[pri:34, instance:tests.ElementsTests@1921ad94]" started-at="2025-09-11T16:15:01 IST" name="EditSalaryDepartment" finished-at="2025-09-11T16:15:14 IST" duration-ms="12469" status="PASS">
          <reporter-output>
          </reporter-output>
        </test-method> <!-- EditSalaryDepartment -->
        <test-method is-config="true" signature="tearDown(org.testng.ITestResult)[pri:0, instance:tests.ElementsTests@1921ad94]" started-at="2025-09-11T16:15:14 IST" name="tearDown" finished-at="2025-09-11T16:20:16 IST" duration-ms="302144" status="PASS">
          <params>
            <param index="0">
              <value>
                <![CDATA[[TestResult name=EditSalaryDepartment status=SUCCESS method=ElementsTests.EditSalaryDepartment()[pri:34, instance:tests.ElementsTests@1921ad94] output={null}]]]>
              </value>
            </param>
          </params>
          <reporter-output>
          </reporter-output>
        </test-method> <!-- tearDown -->
        <test-method is-config="true" signature="setup(java.lang.reflect.Method)[pri:0, instance:tests.ElementsTests@1921ad94]" started-at="2025-09-11T16:20:16 IST" name="setup" finished-at="2025-09-11T16:20:24 IST" duration-ms="7987" status="PASS">
          <params>
            <param index="0">
              <value>
                <![CDATA[public void tests.ElementsTests.Buttons()]]>
              </value>
            </param>
          </params>
          <reporter-output>
          </reporter-output>
        </test-method> <!-- setup -->
        <test-method signature="Buttons()[pri:35, instance:tests.ElementsTests@1921ad94]" started-at="2025-09-11T16:20:24 IST" name="Buttons" finished-at="2025-09-11T16:20:24 IST" duration-ms="432" status="PASS">
          <reporter-output>
          </reporter-output>
        </test-method> <!-- Buttons -->
        <test-method is-config="true" signature="tearDown(org.testng.ITestResult)[pri:0, instance:tests.ElementsTests@1921ad94]" started-at="2025-09-11T16:20:24 IST" name="tearDown" finished-at="2025-09-11T16:20:25 IST" duration-ms="315" status="PASS">
          <params>
            <param index="0">
              <value>
                <![CDATA[[TestResult name=Buttons status=SUCCESS method=ElementsTests.Buttons()[pri:35, instance:tests.ElementsTests@1921ad94] output={null}]]]>
              </value>
            </param>
          </params>
          <reporter-output>
          </reporter-output>
        </test-method> <!-- tearDown -->
        <test-method is-config="true" signature="setup(java.lang.reflect.Method)[pri:0, instance:tests.ElementsTests@1921ad94]" started-at="2025-09-11T16:20:25 IST" name="setup" finished-at="2025-09-11T16:20:38 IST" duration-ms="13008" status="PASS">
          <params>
            <param index="0">
              <value>
                <![CDATA[public void tests.ElementsTests.DoubleClickButtons()]]>
              </value>
            </param>
          </params>
          <reporter-output>
          </reporter-output>
        </test-method> <!-- setup -->
        <test-method signature="DoubleClickButtons()[pri:36, instance:tests.ElementsTests@1921ad94]" started-at="2025-09-11T16:20:38 IST" name="DoubleClickButtons" finished-at="2025-09-11T16:20:39 IST" duration-ms="909" status="FAIL">
          <exception class="org.openqa.selenium.NoSuchElementException">
            <message>
              <![CDATA[no such element: Unable to locate element: {"method":"xpath","selector":"//p[@id='doubleClickMessage']"}
  (Session info: chrome=137.0.7151.120)
For documentation on this error, please visit: https://www.selenium.dev/documentation/webdriver/troubleshooting/errors#no-such-element-exception
Build info: version: '4.35.0', revision: '1c58e5028b'
System info: os.name: 'Windows 11', os.arch: 'amd64', os.version: '10.0', java.version: '21.0.7'
Driver info: org.openqa.selenium.chrome.ChromeDriver
Command: [18e0a46c7dcfa57d318f2cd192a1084c, findElement {using=xpath, value=//p[@id='doubleClickMessage']}]
Capabilities {acceptInsecureCerts: false, browserName: chrome, browserVersion: 137.0.7151.120, chrome: {chromedriverVersion: 137.0.7151.119 (e0ac9d12dff..., userDataDir: C:\Users\dell\AppData\Local...}, fedcm:accounts: true, goog:chromeOptions: {debuggerAddress: localhost:57789}, networkConnectionEnabled: false, pageLoadStrategy: normal, platformName: windows, proxy: Proxy(), se:cdp: ws://localhost:57789/devtoo..., se:cdpVersion: 137.0.7151.120, setWindowRect: true, strictFileInteractability: false, timeouts: {implicit: 0, pageLoad: 300000, script: 30000}, unhandledPromptBehavior: dismiss and notify, webauthn:extension:credBlob: true, webauthn:extension:largeBlob: true, webauthn:extension:minPinLength: true, webauthn:extension:prf: true, webauthn:virtualAuthenticators: true}
Session ID: 18e0a46c7dcfa57d318f2cd192a1084c]]>
            </message>
            <full-stacktrace>
              <![CDATA[org.openqa.selenium.NoSuchElementException: no such element: Unable to locate element: {"method":"xpath","selector":"//p[@id='doubleClickMessage']"}
  (Session info: chrome=137.0.7151.120)
For documentation on this error, please visit: https://www.selenium.dev/documentation/webdriver/troubleshooting/errors#no-such-element-exception
Build info: version: '4.35.0', revision: '1c58e5028b'
System info: os.name: 'Windows 11', os.arch: 'amd64', os.version: '10.0', java.version: '21.0.7'
Driver info: org.openqa.selenium.chrome.ChromeDriver
Command: [18e0a46c7dcfa57d318f2cd192a1084c, findElement {using=xpath, value=//p[@id='doubleClickMessage']}]
Capabilities {acceptInsecureCerts: false, browserName: chrome, browserVersion: 137.0.7151.120, chrome: {chromedriverVersion: 137.0.7151.119 (e0ac9d12dff..., userDataDir: C:\Users\dell\AppData\Local...}, fedcm:accounts: true, goog:chromeOptions: {debuggerAddress: localhost:57789}, networkConnectionEnabled: false, pageLoadStrategy: normal, platformName: windows, proxy: Proxy(), se:cdp: ws://localhost:57789/devtoo..., se:cdpVersion: 137.0.7151.120, setWindowRect: true, strictFileInteractability: false, timeouts: {implicit: 0, pageLoad: 300000, script: 30000}, unhandledPromptBehavior: dismiss and notify, webauthn:extension:credBlob: true, webauthn:extension:largeBlob: true, webauthn:extension:minPinLength: true, webauthn:extension:prf: true, webauthn:virtualAuthenticators: true}
Session ID: 18e0a46c7dcfa57d318f2cd192a1084c
at java.base/jdk.internal.reflect.DirectConstructorHandleAccessor.newInstance(DirectConstructorHandleAccessor.java:62)
at java.base/java.lang.reflect.Constructor.newInstanceWithCaller(Constructor.java:502)
at java.base/java.lang.reflect.Constructor.newInstance(Constructor.java:486)
at org.openqa.selenium.remote.ErrorCodec.decode(ErrorCodec.java:167)
at org.openqa.selenium.remote.codec.w3c.W3CHttpResponseCodec.decode(W3CHttpResponseCodec.java:138)
at org.openqa.selenium.remote.codec.w3c.W3CHttpResponseCodec.decode(W3CHttpResponseCodec.java:50)
at org.openqa.selenium.remote.HttpCommandExecutor.execute(HttpCommandExecutor.java:215)
at org.openqa.selenium.remote.service.DriverCommandExecutor.invokeExecute(DriverCommandExecutor.java:216)
at org.openqa.selenium.remote.service.DriverCommandExecutor.execute(DriverCommandExecutor.java:174)
at org.openqa.selenium.remote.RemoteWebDriver.execute(RemoteWebDriver.java:557)
at org.openqa.selenium.remote.ElementLocation$ElementFinder$2.findElement(ElementLocation.java:165)
at org.openqa.selenium.remote.ElementLocation.findElement(ElementLocation.java:59)
at org.openqa.selenium.remote.RemoteWebDriver.findElement(RemoteWebDriver.java:380)
at org.openqa.selenium.remote.RemoteWebDriver.findElement(RemoteWebDriver.java:374)
at pages.elementsPage.DoubleClickbtn(elementsPage.java:919)
at tests.ElementsTests.DoubleClickButtons(ElementsTests.java:771)
at java.base/jdk.internal.reflect.DirectMethodHandleAccessor.invoke(DirectMethodHandleAccessor.java:103)
at java.base/java.lang.reflect.Method.invoke(Method.java:580)
at org.testng.internal.invokers.MethodInvocationHelper.invokeMethod(MethodInvocationHelper.java:141)
at org.testng.internal.invokers.TestInvoker.invokeMethod(TestInvoker.java:687)
at org.testng.internal.invokers.TestInvoker.invokeTestMethod(TestInvoker.java:230)
at org.testng.internal.invokers.MethodRunner.runInSequence(MethodRunner.java:63)
at org.testng.internal.invokers.TestInvoker$MethodInvocationAgent.invoke(TestInvoker.java:995)
at org.testng.internal.invokers.TestInvoker.invokeTestMethods(TestInvoker.java:203)
at org.testng.internal.invokers.TestMethodWorker.invokeTestMethods(TestMethodWorker.java:154)
at org.testng.internal.invokers.TestMethodWorker.run(TestMethodWorker.java:134)
at java.base/java.util.ArrayList.forEach(ArrayList.java:1596)
at org.testng.TestRunner.privateRun(TestRunner.java:741)
at org.testng.TestRunner.run(TestRunner.java:616)
at org.testng.SuiteRunner.runTest(SuiteRunner.java:421)
at org.testng.SuiteRunner.runSequentially(SuiteRunner.java:413)
at org.testng.SuiteRunner.privateRun(SuiteRunner.java:373)
at org.testng.SuiteRunner.run(SuiteRunner.java:312)
at org.testng.SuiteRunnerWorker.runSuite(SuiteRunnerWorker.java:52)
at org.testng.SuiteRunnerWorker.run(SuiteRunnerWorker.java:95)
at org.testng.TestNG.runSuitesSequentially(TestNG.java:1274)
at org.testng.TestNG.runSuitesLocally(TestNG.java:1208)
at org.testng.TestNG.runSuites(TestNG.java:1112)
at org.testng.TestNG.run(TestNG.java:1079)
at org.testng.remote.AbstractRemoteTestNG.run(AbstractRemoteTestNG.java:115)
at org.testng.remote.RemoteTestNG.initAndRun(RemoteTestNG.java:293)
at org.testng.remote.RemoteTestNG.main(RemoteTestNG.java:91)
]]>
            </full-stacktrace>
          </exception> <!-- org.openqa.selenium.NoSuchElementException -->
          <reporter-output>
          </reporter-output>
        </test-method> <!-- DoubleClickButtons -->
        <test-method is-config="true" signature="tearDown(org.testng.ITestResult)[pri:0, instance:tests.ElementsTests@1921ad94]" started-at="2025-09-11T16:20:39 IST" name="tearDown" finished-at="2025-09-11T16:20:39 IST" duration-ms="608" status="PASS">
          <params>
            <param index="0">
              <value>
                <![CDATA[[TestResult name=DoubleClickButtons status=FAILURE method=ElementsTests.DoubleClickButtons()[pri:36, instance:tests.ElementsTests@1921ad94] output={null}]]]>
              </value>
            </param>
          </params>
          <reporter-output>
          </reporter-output>
        </test-method> <!-- tearDown -->
        <test-method is-config="true" signature="setup(java.lang.reflect.Method)[pri:0, instance:tests.ElementsTests@1921ad94]" started-at="2025-09-11T16:20:39 IST" name="setup" finished-at="2025-09-11T16:20:52 IST" duration-ms="12792" status="PASS">
          <params>
            <param index="0">
              <value>
                <![CDATA[public void tests.ElementsTests.RightClickButton()]]>
              </value>
            </param>
          </params>
          <reporter-output>
          </reporter-output>
        </test-method> <!-- setup -->
        <test-method signature="RightClickButton()[pri:37, instance:tests.ElementsTests@1921ad94]" started-at="2025-09-11T16:20:52 IST" name="RightClickButton" finished-at="2025-09-11T16:20:53 IST" duration-ms="814" status="FAIL">
          <exception class="org.openqa.selenium.NoSuchElementException">
            <message>
              <![CDATA[no such element: Unable to locate element: {"method":"xpath","selector":"//p[@id='rightClickMessage']"}
  (Session info: chrome=137.0.7151.120)
For documentation on this error, please visit: https://www.selenium.dev/documentation/webdriver/troubleshooting/errors#no-such-element-exception
Build info: version: '4.35.0', revision: '1c58e5028b'
System info: os.name: 'Windows 11', os.arch: 'amd64', os.version: '10.0', java.version: '21.0.7'
Driver info: org.openqa.selenium.chrome.ChromeDriver
Command: [08d41c85f4c47470c780cea68677b272, findElement {using=xpath, value=//p[@id='rightClickMessage']}]
Capabilities {acceptInsecureCerts: false, browserName: chrome, browserVersion: 137.0.7151.120, chrome: {chromedriverVersion: 137.0.7151.119 (e0ac9d12dff..., userDataDir: C:\Users\dell\AppData\Local...}, fedcm:accounts: true, goog:chromeOptions: {debuggerAddress: localhost:57977}, networkConnectionEnabled: false, pageLoadStrategy: normal, platformName: windows, proxy: Proxy(), se:cdp: ws://localhost:57977/devtoo..., se:cdpVersion: 137.0.7151.120, setWindowRect: true, strictFileInteractability: false, timeouts: {implicit: 0, pageLoad: 300000, script: 30000}, unhandledPromptBehavior: dismiss and notify, webauthn:extension:credBlob: true, webauthn:extension:largeBlob: true, webauthn:extension:minPinLength: true, webauthn:extension:prf: true, webauthn:virtualAuthenticators: true}
Session ID: 08d41c85f4c47470c780cea68677b272]]>
            </message>
            <full-stacktrace>
              <![CDATA[org.openqa.selenium.NoSuchElementException: no such element: Unable to locate element: {"method":"xpath","selector":"//p[@id='rightClickMessage']"}
  (Session info: chrome=137.0.7151.120)
For documentation on this error, please visit: https://www.selenium.dev/documentation/webdriver/troubleshooting/errors#no-such-element-exception
Build info: version: '4.35.0', revision: '1c58e5028b'
System info: os.name: 'Windows 11', os.arch: 'amd64', os.version: '10.0', java.version: '21.0.7'
Driver info: org.openqa.selenium.chrome.ChromeDriver
Command: [08d41c85f4c47470c780cea68677b272, findElement {using=xpath, value=//p[@id='rightClickMessage']}]
Capabilities {acceptInsecureCerts: false, browserName: chrome, browserVersion: 137.0.7151.120, chrome: {chromedriverVersion: 137.0.7151.119 (e0ac9d12dff..., userDataDir: C:\Users\dell\AppData\Local...}, fedcm:accounts: true, goog:chromeOptions: {debuggerAddress: localhost:57977}, networkConnectionEnabled: false, pageLoadStrategy: normal, platformName: windows, proxy: Proxy(), se:cdp: ws://localhost:57977/devtoo..., se:cdpVersion: 137.0.7151.120, setWindowRect: true, strictFileInteractability: false, timeouts: {implicit: 0, pageLoad: 300000, script: 30000}, unhandledPromptBehavior: dismiss and notify, webauthn:extension:credBlob: true, webauthn:extension:largeBlob: true, webauthn:extension:minPinLength: true, webauthn:extension:prf: true, webauthn:virtualAuthenticators: true}
Session ID: 08d41c85f4c47470c780cea68677b272
at java.base/jdk.internal.reflect.DirectConstructorHandleAccessor.newInstance(DirectConstructorHandleAccessor.java:62)
at java.base/java.lang.reflect.Constructor.newInstanceWithCaller(Constructor.java:502)
at java.base/java.lang.reflect.Constructor.newInstance(Constructor.java:486)
at org.openqa.selenium.remote.ErrorCodec.decode(ErrorCodec.java:167)
at org.openqa.selenium.remote.codec.w3c.W3CHttpResponseCodec.decode(W3CHttpResponseCodec.java:138)
at org.openqa.selenium.remote.codec.w3c.W3CHttpResponseCodec.decode(W3CHttpResponseCodec.java:50)
at org.openqa.selenium.remote.HttpCommandExecutor.execute(HttpCommandExecutor.java:215)
at org.openqa.selenium.remote.service.DriverCommandExecutor.invokeExecute(DriverCommandExecutor.java:216)
at org.openqa.selenium.remote.service.DriverCommandExecutor.execute(DriverCommandExecutor.java:174)
at org.openqa.selenium.remote.RemoteWebDriver.execute(RemoteWebDriver.java:557)
at org.openqa.selenium.remote.ElementLocation$ElementFinder$2.findElement(ElementLocation.java:165)
at org.openqa.selenium.remote.ElementLocation.findElement(ElementLocation.java:59)
at org.openqa.selenium.remote.RemoteWebDriver.findElement(RemoteWebDriver.java:380)
at org.openqa.selenium.remote.RemoteWebDriver.findElement(RemoteWebDriver.java:374)
at org.openqa.selenium.support.pagefactory.DefaultElementLocator.findElement(DefaultElementLocator.java:68)
at org.openqa.selenium.support.pagefactory.internal.LocatingElementHandler.invoke(LocatingElementHandler.java:38)
at jdk.proxy2/jdk.proxy2.$Proxy32.getText(Unknown Source)
at pages.elementsPage.RightClickBtn(elementsPage.java:939)
at tests.ElementsTests.RightClickButton(ElementsTests.java:785)
at java.base/jdk.internal.reflect.DirectMethodHandleAccessor.invoke(DirectMethodHandleAccessor.java:103)
at java.base/java.lang.reflect.Method.invoke(Method.java:580)
at org.testng.internal.invokers.MethodInvocationHelper.invokeMethod(MethodInvocationHelper.java:141)
at org.testng.internal.invokers.TestInvoker.invokeMethod(TestInvoker.java:687)
at org.testng.internal.invokers.TestInvoker.invokeTestMethod(TestInvoker.java:230)
at org.testng.internal.invokers.MethodRunner.runInSequence(MethodRunner.java:63)
at org.testng.internal.invokers.TestInvoker$MethodInvocationAgent.invoke(TestInvoker.java:995)
at org.testng.internal.invokers.TestInvoker.invokeTestMethods(TestInvoker.java:203)
at org.testng.internal.invokers.TestMethodWorker.invokeTestMethods(TestMethodWorker.java:154)
at org.testng.internal.invokers.TestMethodWorker.run(TestMethodWorker.java:134)
at java.base/java.util.ArrayList.forEach(ArrayList.java:1596)
at org.testng.TestRunner.privateRun(TestRunner.java:741)
at org.testng.TestRunner.run(TestRunner.java:616)
at org.testng.SuiteRunner.runTest(SuiteRunner.java:421)
at org.testng.SuiteRunner.runSequentially(SuiteRunner.java:413)
at org.testng.SuiteRunner.privateRun(SuiteRunner.java:373)
at org.testng.SuiteRunner.run(SuiteRunner.java:312)
at org.testng.SuiteRunnerWorker.runSuite(SuiteRunnerWorker.java:52)
at org.testng.SuiteRunnerWorker.run(SuiteRunnerWorker.java:95)
at org.testng.TestNG.runSuitesSequentially(TestNG.java:1274)
at org.testng.TestNG.runSuitesLocally(TestNG.java:1208)
at org.testng.TestNG.runSuites(TestNG.java:1112)
at org.testng.TestNG.run(TestNG.java:1079)
at org.testng.remote.AbstractRemoteTestNG.run(AbstractRemoteTestNG.java:115)
at org.testng.remote.RemoteTestNG.initAndRun(RemoteTestNG.java:293)
at org.testng.remote.RemoteTestNG.main(RemoteTestNG.java:91)
]]>
            </full-stacktrace>
          </exception> <!-- org.openqa.selenium.NoSuchElementException -->
          <reporter-output>
          </reporter-output>
        </test-method> <!-- RightClickButton -->
        <test-method is-config="true" signature="tearDown(org.testng.ITestResult)[pri:0, instance:tests.ElementsTests@1921ad94]" started-at="2025-09-11T16:20:53 IST" name="tearDown" finished-at="2025-09-11T16:20:54 IST" duration-ms="648" status="PASS">
          <params>
            <param index="0">
              <value>
                <![CDATA[[TestResult name=RightClickButton status=FAILURE method=ElementsTests.RightClickButton()[pri:37, instance:tests.ElementsTests@1921ad94] output={null}]]]>
              </value>
            </param>
          </params>
          <reporter-output>
          </reporter-output>
        </test-method> <!-- tearDown -->
        <test-method is-config="true" signature="setup(java.lang.reflect.Method)[pri:0, instance:tests.ElementsTests@1921ad94]" started-at="2025-09-11T16:20:54 IST" name="setup" finished-at="2025-09-11T16:21:08 IST" duration-ms="14047" status="PASS">
          <params>
            <param index="0">
              <value>
                <![CDATA[public void tests.ElementsTests.ClickMeButton()]]>
              </value>
            </param>
          </params>
          <reporter-output>
          </reporter-output>
        </test-method> <!-- setup -->
        <test-method signature="ClickMeButton()[pri:38, instance:tests.ElementsTests@1921ad94]" started-at="2025-09-11T16:21:08 IST" name="ClickMeButton" finished-at="2025-09-11T16:21:08 IST" duration-ms="710" status="PASS">
          <reporter-output>
          </reporter-output>
        </test-method> <!-- ClickMeButton -->
        <test-method is-config="true" signature="tearDown(org.testng.ITestResult)[pri:0, instance:tests.ElementsTests@1921ad94]" started-at="2025-09-11T16:21:08 IST" name="tearDown" finished-at="2025-09-11T16:21:09 IST" duration-ms="341" status="PASS">
          <params>
            <param index="0">
              <value>
                <![CDATA[[TestResult name=ClickMeButton status=SUCCESS method=ElementsTests.ClickMeButton()[pri:38, instance:tests.ElementsTests@1921ad94] output={null}]]]>
              </value>
            </param>
          </params>
          <reporter-output>
          </reporter-output>
        </test-method> <!-- tearDown -->
        <test-method is-config="true" signature="setup(java.lang.reflect.Method)[pri:0, instance:tests.ElementsTests@1921ad94]" started-at="2025-09-11T16:21:09 IST" name="setup" finished-at="2025-09-11T16:21:23 IST" duration-ms="14605" status="PASS">
          <params>
            <param index="0">
              <value>
                <![CDATA[public void tests.ElementsTests.ClickAllButtons()]]>
              </value>
            </param>
          </params>
          <reporter-output>
          </reporter-output>
        </test-method> <!-- setup -->
        <test-method signature="ClickAllButtons()[pri:39, instance:tests.ElementsTests@1921ad94]" started-at="2025-09-11T16:21:23 IST" name="ClickAllButtons" finished-at="2025-09-11T16:21:33 IST" duration-ms="10045" status="PASS">
          <reporter-output>
          </reporter-output>
        </test-method> <!-- ClickAllButtons -->
        <test-method is-config="true" signature="tearDown(org.testng.ITestResult)[pri:0, instance:tests.ElementsTests@1921ad94]" started-at="2025-09-11T16:21:33 IST" name="tearDown" finished-at="2025-09-11T16:21:34 IST" duration-ms="521" status="PASS">
          <params>
            <param index="0">
              <value>
                <![CDATA[[TestResult name=ClickAllButtons status=SUCCESS method=ElementsTests.ClickAllButtons()[pri:39, instance:tests.ElementsTests@1921ad94] output={null}]]]>
              </value>
            </param>
          </params>
          <reporter-output>
          </reporter-output>
        </test-method> <!-- tearDown -->
        <test-method is-config="true" signature="setup(java.lang.reflect.Method)[pri:0, instance:tests.ElementsTests@1921ad94]" started-at="2025-09-11T16:21:34 IST" name="setup" finished-at="2025-09-11T16:22:10 IST" duration-ms="36214" status="PASS">
          <params>
            <param index="0">
              <value>
                <![CDATA[public void tests.ElementsTests.ClickLinks()]]>
              </value>
            </param>
          </params>
          <reporter-output>
          </reporter-output>
        </test-method> <!-- setup -->
        <test-method signature="ClickLinks()[pri:40, instance:tests.ElementsTests@1921ad94]" started-at="2025-09-11T16:22:10 IST" name="ClickLinks" finished-at="2025-09-11T16:22:10 IST" duration-ms="422" status="PASS">
          <reporter-output>
          </reporter-output>
        </test-method> <!-- ClickLinks -->
        <test-method is-config="true" signature="tearDown(org.testng.ITestResult)[pri:0, instance:tests.ElementsTests@1921ad94]" started-at="2025-09-11T16:22:10 IST" name="tearDown" finished-at="2025-09-11T16:22:11 IST" duration-ms="270" status="PASS">
          <params>
            <param index="0">
              <value>
                <![CDATA[[TestResult name=ClickLinks status=SUCCESS method=ElementsTests.ClickLinks()[pri:40, instance:tests.ElementsTests@1921ad94] output={null}]]]>
              </value>
            </param>
          </params>
          <reporter-output>
          </reporter-output>
        </test-method> <!-- tearDown -->
        <test-method is-config="true" signature="setup(java.lang.reflect.Method)[pri:0, instance:tests.ElementsTests@1921ad94]" started-at="2025-09-11T16:22:11 IST" name="setup" finished-at="2025-09-11T16:22:16 IST" duration-ms="5484" status="PASS">
          <params>
            <param index="0">
              <value>
                <![CDATA[public void tests.ElementsTests.ClickHomeLink()]]>
              </value>
            </param>
          </params>
          <reporter-output>
          </reporter-output>
        </test-method> <!-- setup -->
        <test-method signature="ClickHomeLink()[pri:41, instance:tests.ElementsTests@1921ad94]" started-at="2025-09-11T16:22:16 IST" name="ClickHomeLink" finished-at="2025-09-11T16:22:17 IST" duration-ms="769" status="PASS">
          <reporter-output>
          </reporter-output>
        </test-method> <!-- ClickHomeLink -->
        <test-method is-config="true" signature="tearDown(org.testng.ITestResult)[pri:0, instance:tests.ElementsTests@1921ad94]" started-at="2025-09-11T16:22:17 IST" name="tearDown" finished-at="2025-09-11T16:22:17 IST" duration-ms="321" status="PASS">
          <params>
            <param index="0">
              <value>
                <![CDATA[[TestResult name=ClickHomeLink status=SUCCESS method=ElementsTests.ClickHomeLink()[pri:41, instance:tests.ElementsTests@1921ad94] output={null}]]]>
              </value>
            </param>
          </params>
          <reporter-output>
          </reporter-output>
        </test-method> <!-- tearDown -->
        <test-method is-config="true" signature="setup(java.lang.reflect.Method)[pri:0, instance:tests.ElementsTests@1921ad94]" started-at="2025-09-11T16:22:17 IST" name="setup" finished-at="2025-09-11T16:22:33 IST" duration-ms="15571" status="PASS">
          <params>
            <param index="0">
              <value>
                <![CDATA[public void tests.ElementsTests.ClickDynamicHomeLink()]]>
              </value>
            </param>
          </params>
          <reporter-output>
          </reporter-output>
        </test-method> <!-- setup -->
        <test-method signature="ClickDynamicHomeLink()[pri:42, instance:tests.ElementsTests@1921ad94]" started-at="2025-09-11T16:22:33 IST" name="ClickDynamicHomeLink" finished-at="2025-09-11T16:22:33 IST" duration-ms="585" status="PASS">
          <reporter-output>
          </reporter-output>
        </test-method> <!-- ClickDynamicHomeLink -->
        <test-method is-config="true" signature="tearDown(org.testng.ITestResult)[pri:0, instance:tests.ElementsTests@1921ad94]" started-at="2025-09-11T16:22:33 IST" name="tearDown" finished-at="2025-09-11T16:22:34 IST" duration-ms="311" status="PASS">
          <params>
            <param index="0">
              <value>
                <![CDATA[[TestResult name=ClickDynamicHomeLink status=SUCCESS method=ElementsTests.ClickDynamicHomeLink()[pri:42, instance:tests.ElementsTests@1921ad94] output={null}]]]>
              </value>
            </param>
          </params>
          <reporter-output>
          </reporter-output>
        </test-method> <!-- tearDown -->
        <test-method is-config="true" signature="setup(java.lang.reflect.Method)[pri:0, instance:tests.ElementsTests@1921ad94]" started-at="2025-09-11T16:22:34 IST" name="setup" finished-at="2025-09-11T16:22:48 IST" duration-ms="14647" status="PASS">
          <params>
            <param index="0">
              <value>
                <![CDATA[public void tests.ElementsTests.ClickCreatedAPILink()]]>
              </value>
            </param>
          </params>
          <reporter-output>
          </reporter-output>
        </test-method> <!-- setup -->
        <test-method signature="ClickCreatedAPILink()[pri:43, instance:tests.ElementsTests@1921ad94]" started-at="2025-09-11T16:22:48 IST" name="ClickCreatedAPILink" finished-at="2025-09-11T16:22:49 IST" duration-ms="625" status="PASS">
          <reporter-output>
          </reporter-output>
        </test-method> <!-- ClickCreatedAPILink -->
        <test-method is-config="true" signature="tearDown(org.testng.ITestResult)[pri:0, instance:tests.ElementsTests@1921ad94]" started-at="2025-09-11T16:22:49 IST" name="tearDown" finished-at="2025-09-11T16:22:49 IST" duration-ms="298" status="PASS">
          <params>
            <param index="0">
              <value>
                <![CDATA[[TestResult name=ClickCreatedAPILink status=SUCCESS method=ElementsTests.ClickCreatedAPILink()[pri:43, instance:tests.ElementsTests@1921ad94] output={null}]]]>
              </value>
            </param>
          </params>
          <reporter-output>
          </reporter-output>
        </test-method> <!-- tearDown -->
        <test-method is-config="true" signature="setup(java.lang.reflect.Method)[pri:0, instance:tests.ElementsTests@1921ad94]" started-at="2025-09-11T16:22:49 IST" name="setup" finished-at="2025-09-11T16:23:06 IST" duration-ms="16565" status="PASS">
          <params>
            <param index="0">
              <value>
                <![CDATA[public void tests.ElementsTests.ClickNoContentLink()]]>
              </value>
            </param>
          </params>
          <reporter-output>
          </reporter-output>
        </test-method> <!-- setup -->
        <test-method signature="ClickNoContentLink()[pri:44, instance:tests.ElementsTests@1921ad94]" started-at="2025-09-11T16:23:06 IST" name="ClickNoContentLink" finished-at="2025-09-11T16:23:07 IST" duration-ms="732" status="PASS">
          <reporter-output>
          </reporter-output>
        </test-method> <!-- ClickNoContentLink -->
        <test-method is-config="true" signature="tearDown(org.testng.ITestResult)[pri:0, instance:tests.ElementsTests@1921ad94]" started-at="2025-09-11T16:23:07 IST" name="tearDown" finished-at="2025-09-11T16:23:07 IST" duration-ms="311" status="PASS">
          <params>
            <param index="0">
              <value>
                <![CDATA[[TestResult name=ClickNoContentLink status=SUCCESS method=ElementsTests.ClickNoContentLink()[pri:44, instance:tests.ElementsTests@1921ad94] output={null}]]]>
              </value>
            </param>
          </params>
          <reporter-output>
          </reporter-output>
        </test-method> <!-- tearDown -->
        <test-method is-config="true" signature="setup(java.lang.reflect.Method)[pri:0, instance:tests.ElementsTests@1921ad94]" started-at="2025-09-11T16:23:07 IST" name="setup" finished-at="2025-09-11T16:23:21 IST" duration-ms="13928" status="PASS">
          <params>
            <param index="0">
              <value>
                <![CDATA[public void tests.ElementsTests.ClickMovedLink()]]>
              </value>
            </param>
          </params>
          <reporter-output>
          </reporter-output>
        </test-method> <!-- setup -->
        <test-method signature="ClickMovedLink()[pri:45, instance:tests.ElementsTests@1921ad94]" started-at="2025-09-11T16:23:21 IST" name="ClickMovedLink" finished-at="2025-09-11T16:23:22 IST" duration-ms="701" status="PASS">
          <reporter-output>
          </reporter-output>
        </test-method> <!-- ClickMovedLink -->
        <test-method is-config="true" signature="tearDown(org.testng.ITestResult)[pri:0, instance:tests.ElementsTests@1921ad94]" started-at="2025-09-11T16:23:22 IST" name="tearDown" finished-at="2025-09-11T16:23:22 IST" duration-ms="351" status="PASS">
          <params>
            <param index="0">
              <value>
                <![CDATA[[TestResult name=ClickMovedLink status=SUCCESS method=ElementsTests.ClickMovedLink()[pri:45, instance:tests.ElementsTests@1921ad94] output={null}]]]>
              </value>
            </param>
          </params>
          <reporter-output>
          </reporter-output>
        </test-method> <!-- tearDown -->
        <test-method is-config="true" signature="setup(java.lang.reflect.Method)[pri:0, instance:tests.ElementsTests@1921ad94]" started-at="2025-09-11T16:23:22 IST" name="setup" finished-at="2025-09-11T16:23:41 IST" duration-ms="19273" status="PASS">
          <params>
            <param index="0">
              <value>
                <![CDATA[public void tests.ElementsTests.ClickBadRequestLink()]]>
              </value>
            </param>
          </params>
          <reporter-output>
          </reporter-output>
        </test-method> <!-- setup -->
        <test-method signature="ClickBadRequestLink()[pri:46, instance:tests.ElementsTests@1921ad94]" started-at="2025-09-11T16:23:41 IST" name="ClickBadRequestLink" finished-at="2025-09-11T16:23:42 IST" duration-ms="647" status="PASS">
          <reporter-output>
          </reporter-output>
        </test-method> <!-- ClickBadRequestLink -->
        <test-method is-config="true" signature="tearDown(org.testng.ITestResult)[pri:0, instance:tests.ElementsTests@1921ad94]" started-at="2025-09-11T16:23:42 IST" name="tearDown" finished-at="2025-09-11T16:23:42 IST" duration-ms="344" status="PASS">
          <params>
            <param index="0">
              <value>
                <![CDATA[[TestResult name=ClickBadRequestLink status=SUCCESS method=ElementsTests.ClickBadRequestLink()[pri:46, instance:tests.ElementsTests@1921ad94] output={null}]]]>
              </value>
            </param>
          </params>
          <reporter-output>
          </reporter-output>
        </test-method> <!-- tearDown -->
        <test-method is-config="true" signature="setup(java.lang.reflect.Method)[pri:0, instance:tests.ElementsTests@1921ad94]" started-at="2025-09-11T16:23:42 IST" name="setup" finished-at="2025-09-11T16:23:55 IST" duration-ms="12301" status="PASS">
          <params>
            <param index="0">
              <value>
                <![CDATA[public void tests.ElementsTests.ClickUnauthorizedLink()]]>
              </value>
            </param>
          </params>
          <reporter-output>
          </reporter-output>
        </test-method> <!-- setup -->
        <test-method signature="ClickUnauthorizedLink()[pri:47, instance:tests.ElementsTests@1921ad94]" started-at="2025-09-11T16:23:55 IST" name="ClickUnauthorizedLink" finished-at="2025-09-11T16:23:55 IST" duration-ms="564" status="PASS">
          <reporter-output>
          </reporter-output>
        </test-method> <!-- ClickUnauthorizedLink -->
        <test-method is-config="true" signature="tearDown(org.testng.ITestResult)[pri:0, instance:tests.ElementsTests@1921ad94]" started-at="2025-09-11T16:23:55 IST" name="tearDown" finished-at="2025-09-11T16:23:55 IST" duration-ms="309" status="PASS">
          <params>
            <param index="0">
              <value>
                <![CDATA[[TestResult name=ClickUnauthorizedLink status=SUCCESS method=ElementsTests.ClickUnauthorizedLink()[pri:47, instance:tests.ElementsTests@1921ad94] output={null}]]]>
              </value>
            </param>
          </params>
          <reporter-output>
          </reporter-output>
        </test-method> <!-- tearDown -->
        <test-method is-config="true" signature="setup(java.lang.reflect.Method)[pri:0, instance:tests.ElementsTests@1921ad94]" started-at="2025-09-11T16:23:55 IST" name="setup" finished-at="2025-09-11T16:24:13 IST" duration-ms="17914" status="PASS">
          <params>
            <param index="0">
              <value>
                <![CDATA[public void tests.ElementsTests.ClickForbiddenLink()]]>
              </value>
            </param>
          </params>
          <reporter-output>
          </reporter-output>
        </test-method> <!-- setup -->
        <test-method signature="ClickForbiddenLink()[pri:48, instance:tests.ElementsTests@1921ad94]" started-at="2025-09-11T16:24:13 IST" name="ClickForbiddenLink" finished-at="2025-09-11T16:24:14 IST" duration-ms="847" status="PASS">
          <reporter-output>
          </reporter-output>
        </test-method> <!-- ClickForbiddenLink -->
        <test-method is-config="true" signature="tearDown(org.testng.ITestResult)[pri:0, instance:tests.ElementsTests@1921ad94]" started-at="2025-09-11T16:24:14 IST" name="tearDown" finished-at="2025-09-11T16:24:14 IST" duration-ms="329" status="PASS">
          <params>
            <param index="0">
              <value>
                <![CDATA[[TestResult name=ClickForbiddenLink status=SUCCESS method=ElementsTests.ClickForbiddenLink()[pri:48, instance:tests.ElementsTests@1921ad94] output={null}]]]>
              </value>
            </param>
          </params>
          <reporter-output>
          </reporter-output>
        </test-method> <!-- tearDown -->
        <test-method is-config="true" signature="setup(java.lang.reflect.Method)[pri:0, instance:tests.ElementsTests@1921ad94]" started-at="2025-09-11T16:24:14 IST" name="setup" finished-at="2025-09-11T16:24:22 IST" duration-ms="7070" status="PASS">
          <params>
            <param index="0">
              <value>
                <![CDATA[public void tests.ElementsTests.ClickNotFoundLink()]]>
              </value>
            </param>
          </params>
          <reporter-output>
          </reporter-output>
        </test-method> <!-- setup -->
        <test-method signature="ClickNotFoundLink()[pri:49, instance:tests.ElementsTests@1921ad94]" started-at="2025-09-11T16:24:22 IST" name="ClickNotFoundLink" finished-at="2025-09-11T16:24:22 IST" duration-ms="631" status="PASS">
          <reporter-output>
          </reporter-output>
        </test-method> <!-- ClickNotFoundLink -->
        <test-method is-config="true" signature="tearDown(org.testng.ITestResult)[pri:0, instance:tests.ElementsTests@1921ad94]" started-at="2025-09-11T16:24:22 IST" name="tearDown" finished-at="2025-09-11T16:24:23 IST" duration-ms="324" status="PASS">
          <params>
            <param index="0">
              <value>
                <![CDATA[[TestResult name=ClickNotFoundLink status=SUCCESS method=ElementsTests.ClickNotFoundLink()[pri:49, instance:tests.ElementsTests@1921ad94] output={null}]]]>
              </value>
            </param>
          </params>
          <reporter-output>
          </reporter-output>
        </test-method> <!-- tearDown -->
        <test-method is-config="true" signature="setup(java.lang.reflect.Method)[pri:0, instance:tests.ElementsTests@1921ad94]" started-at="2025-09-11T16:24:23 IST" name="setup" finished-at="2025-09-11T16:24:28 IST" duration-ms="5520" status="PASS">
          <params>
            <param index="0">
              <value>
                <![CDATA[public void tests.ElementsTests.ClickAllLinks()]]>
              </value>
            </param>
          </params>
          <reporter-output>
          </reporter-output>
        </test-method> <!-- setup -->
        <test-method signature="ClickAllLinks()[pri:50, instance:tests.ElementsTests@1921ad94]" started-at="2025-09-11T16:24:28 IST" name="ClickAllLinks" finished-at="2025-09-11T16:24:54 IST" duration-ms="25696" status="PASS">
          <reporter-output>
          </reporter-output>
        </test-method> <!-- ClickAllLinks -->
        <test-method is-config="true" signature="tearDown(org.testng.ITestResult)[pri:0, instance:tests.ElementsTests@1921ad94]" started-at="2025-09-11T16:24:54 IST" name="tearDown" finished-at="2025-09-11T16:24:54 IST" duration-ms="375" status="PASS">
          <params>
            <param index="0">
              <value>
                <![CDATA[[TestResult name=ClickAllLinks status=SUCCESS method=ElementsTests.ClickAllLinks()[pri:50, instance:tests.ElementsTests@1921ad94] output={null}]]]>
              </value>
            </param>
          </params>
          <reporter-output>
          </reporter-output>
        </test-method> <!-- tearDown -->
        <test-method is-config="true" signature="setup(java.lang.reflect.Method)[pri:0, instance:tests.ElementsTests@1921ad94]" started-at="2025-09-11T16:24:54 IST" name="setup" finished-at="2025-09-11T16:25:13 IST" duration-ms="18959" status="PASS">
          <params>
            <param index="0">
              <value>
                <![CDATA[public void tests.ElementsTests.ClickBrokenLinksImages()]]>
              </value>
            </param>
          </params>
          <reporter-output>
          </reporter-output>
        </test-method> <!-- setup -->
        <test-method signature="ClickBrokenLinksImages()[pri:51, instance:tests.ElementsTests@1921ad94]" started-at="2025-09-11T16:25:13 IST" name="ClickBrokenLinksImages" finished-at="2025-09-11T16:25:14 IST" duration-ms="526" status="PASS">
          <reporter-output>
          </reporter-output>
        </test-method> <!-- ClickBrokenLinksImages -->
        <test-method is-config="true" signature="tearDown(org.testng.ITestResult)[pri:0, instance:tests.ElementsTests@1921ad94]" started-at="2025-09-11T16:25:14 IST" name="tearDown" finished-at="2025-09-11T16:25:14 IST" duration-ms="337" status="PASS">
          <params>
            <param index="0">
              <value>
                <![CDATA[[TestResult name=ClickBrokenLinksImages status=SUCCESS method=ElementsTests.ClickBrokenLinksImages()[pri:51, instance:tests.ElementsTests@1921ad94] output={null}]]]>
              </value>
            </param>
          </params>
          <reporter-output>
          </reporter-output>
        </test-method> <!-- tearDown -->
        <test-method is-config="true" signature="setup(java.lang.reflect.Method)[pri:0, instance:tests.ElementsTests@1921ad94]" started-at="2025-09-11T16:25:14 IST" name="setup" finished-at="2025-09-11T16:25:28 IST" duration-ms="13941" status="PASS">
          <params>
            <param index="0">
              <value>
                <![CDATA[public void tests.ElementsTests.GetValidImage()]]>
              </value>
            </param>
          </params>
          <reporter-output>
          </reporter-output>
        </test-method> <!-- setup -->
        <test-method signature="GetValidImage()[pri:52, instance:tests.ElementsTests@1921ad94]" started-at="2025-09-11T16:25:28 IST" name="GetValidImage" finished-at="2025-09-11T16:25:29 IST" duration-ms="684" status="PASS">
          <reporter-output>
          </reporter-output>
        </test-method> <!-- GetValidImage -->
        <test-method is-config="true" signature="tearDown(org.testng.ITestResult)[pri:0, instance:tests.ElementsTests@1921ad94]" started-at="2025-09-11T16:25:29 IST" name="tearDown" finished-at="2025-09-11T16:25:29 IST" duration-ms="292" status="PASS">
          <params>
            <param index="0">
              <value>
                <![CDATA[[TestResult name=GetValidImage status=SUCCESS method=ElementsTests.GetValidImage()[pri:52, instance:tests.ElementsTests@1921ad94] output={null}]]]>
              </value>
            </param>
          </params>
          <reporter-output>
          </reporter-output>
        </test-method> <!-- tearDown -->
        <test-method is-config="true" signature="setup(java.lang.reflect.Method)[pri:0, instance:tests.ElementsTests@1921ad94]" started-at="2025-09-11T16:25:29 IST" name="setup" finished-at="2025-09-11T16:25:35 IST" duration-ms="5971" status="PASS">
          <params>
            <param index="0">
              <value>
                <![CDATA[public void tests.ElementsTests.GetBrokenImage()]]>
              </value>
            </param>
          </params>
          <reporter-output>
          </reporter-output>
        </test-method> <!-- setup -->
        <test-method signature="GetBrokenImage()[pri:53, instance:tests.ElementsTests@1921ad94]" started-at="2025-09-11T16:25:35 IST" name="GetBrokenImage" finished-at="2025-09-11T16:25:36 IST" duration-ms="834" status="PASS">
          <reporter-output>
          </reporter-output>
        </test-method> <!-- GetBrokenImage -->
        <test-method is-config="true" signature="tearDown(org.testng.ITestResult)[pri:0, instance:tests.ElementsTests@1921ad94]" started-at="2025-09-11T16:25:36 IST" name="tearDown" finished-at="2025-09-11T16:25:36 IST" duration-ms="292" status="PASS">
          <params>
            <param index="0">
              <value>
                <![CDATA[[TestResult name=GetBrokenImage status=SUCCESS method=ElementsTests.GetBrokenImage()[pri:53, instance:tests.ElementsTests@1921ad94] output={null}]]]>
              </value>
            </param>
          </params>
          <reporter-output>
          </reporter-output>
        </test-method> <!-- tearDown -->
        <test-method is-config="true" signature="setup(java.lang.reflect.Method)[pri:0, instance:tests.ElementsTests@1921ad94]" started-at="2025-09-11T16:25:36 IST" name="setup" finished-at="2025-09-11T16:25:47 IST" duration-ms="11511" status="PASS">
          <params>
            <param index="0">
              <value>
                <![CDATA[public void tests.ElementsTests.BrokenLinksBrokenlink()]]>
              </value>
            </param>
          </params>
          <reporter-output>
          </reporter-output>
        </test-method> <!-- setup -->
        <test-method signature="BrokenLinksBrokenlink()[pri:54, instance:tests.ElementsTests@1921ad94]" started-at="2025-09-11T16:25:47 IST" name="BrokenLinksBrokenlink" finished-at="2025-09-11T16:25:52 IST" duration-ms="4884" status="PASS">
          <reporter-output>
          </reporter-output>
        </test-method> <!-- BrokenLinksBrokenlink -->
        <test-method is-config="true" signature="tearDown(org.testng.ITestResult)[pri:0, instance:tests.ElementsTests@1921ad94]" started-at="2025-09-11T16:25:52 IST" name="tearDown" finished-at="2025-09-11T16:30:54 IST" duration-ms="301959" status="PASS">
          <params>
            <param index="0">
              <value>
                <![CDATA[[TestResult name=BrokenLinksBrokenlink status=SUCCESS method=ElementsTests.BrokenLinksBrokenlink()[pri:54, instance:tests.ElementsTests@1921ad94] output={null}]]]>
              </value>
            </param>
          </params>
          <reporter-output>
          </reporter-output>
        </test-method> <!-- tearDown -->
        <test-method is-config="true" signature="setup(java.lang.reflect.Method)[pri:0, instance:tests.ElementsTests@1921ad94]" started-at="2025-09-11T16:30:54 IST" name="setup" finished-at="2025-09-11T16:31:30 IST" duration-ms="36000" status="PASS">
          <params>
            <param index="0">
              <value>
                <![CDATA[public void tests.ElementsTests.BrokenLinksValidlink()]]>
              </value>
            </param>
          </params>
          <reporter-output>
          </reporter-output>
        </test-method> <!-- setup -->
        <test-method signature="BrokenLinksValidlink()[pri:54, instance:tests.ElementsTests@1921ad94]" started-at="2025-09-11T16:31:30 IST" name="BrokenLinksValidlink" finished-at="2025-09-11T16:31:33 IST" duration-ms="2231" status="PASS">
          <reporter-output>
          </reporter-output>
        </test-method> <!-- BrokenLinksValidlink -->
        <test-method is-config="true" signature="tearDown(org.testng.ITestResult)[pri:0, instance:tests.ElementsTests@1921ad94]" started-at="2025-09-11T16:31:33 IST" name="tearDown" finished-at="2025-09-11T16:31:33 IST" duration-ms="331" status="PASS">
          <params>
            <param index="0">
              <value>
                <![CDATA[[TestResult name=BrokenLinksValidlink status=SUCCESS method=ElementsTests.BrokenLinksValidlink()[pri:54, instance:tests.ElementsTests@1921ad94] output={null}]]]>
              </value>
            </param>
          </params>
          <reporter-output>
          </reporter-output>
        </test-method> <!-- tearDown -->
        <test-method is-config="true" signature="setup(java.lang.reflect.Method)[pri:0, instance:tests.ElementsTests@1921ad94]" started-at="2025-09-11T16:31:33 IST" name="setup" finished-at="2025-09-11T16:31:46 IST" duration-ms="12666" status="PASS">
          <params>
            <param index="0">
              <value>
                <![CDATA[public void tests.ElementsTests.UploadDownloadlink()]]>
              </value>
            </param>
          </params>
          <reporter-output>
          </reporter-output>
        </test-method> <!-- setup -->
        <test-method signature="UploadDownloadlink()[pri:55, instance:tests.ElementsTests@1921ad94]" started-at="2025-09-11T16:31:46 IST" name="UploadDownloadlink" finished-at="2025-09-11T16:31:46 IST" duration-ms="711" status="PASS">
          <reporter-output>
          </reporter-output>
        </test-method> <!-- UploadDownloadlink -->
        <test-method is-config="true" signature="tearDown(org.testng.ITestResult)[pri:0, instance:tests.ElementsTests@1921ad94]" started-at="2025-09-11T16:31:46 IST" name="tearDown" finished-at="2025-09-11T16:31:47 IST" duration-ms="337" status="PASS">
          <params>
            <param index="0">
              <value>
                <![CDATA[[TestResult name=UploadDownloadlink status=SUCCESS method=ElementsTests.UploadDownloadlink()[pri:55, instance:tests.ElementsTests@1921ad94] output={null}]]]>
              </value>
            </param>
          </params>
          <reporter-output>
          </reporter-output>
        </test-method> <!-- tearDown -->
        <test-method is-config="true" signature="setup(java.lang.reflect.Method)[pri:0, instance:tests.ElementsTests@1921ad94]" started-at="2025-09-11T16:31:47 IST" name="setup" finished-at="2025-09-11T16:31:58 IST" duration-ms="11433" status="PASS">
          <params>
            <param index="0">
              <value>
                <![CDATA[public void tests.ElementsTests.Downloadbtn()]]>
              </value>
            </param>
          </params>
          <reporter-output>
          </reporter-output>
        </test-method> <!-- setup -->
        <test-method signature="Downloadbtn()[pri:56, instance:tests.ElementsTests@1921ad94]" started-at="2025-09-11T16:31:58 IST" name="Downloadbtn" finished-at="2025-09-11T16:32:05 IST" duration-ms="6787" status="FAIL">
          <exception class="java.lang.AssertionError">
            <message>
              <![CDATA[File was not downloaded successfully. expected [true] but found [false]]]>
            </message>
            <full-stacktrace>
              <![CDATA[java.lang.AssertionError: File was not downloaded successfully. expected [true] but found [false]
at org.testng.Assert.fail(Assert.java:111)
at org.testng.Assert.failNotEquals(Assert.java:1590)
at org.testng.Assert.assertTrue(Assert.java:57)
at pages.elementsPage.DownloadFile(elementsPage.java:1195)
at tests.ElementsTests.Downloadbtn(ElementsTests.java:1127)
at java.base/jdk.internal.reflect.DirectMethodHandleAccessor.invoke(DirectMethodHandleAccessor.java:103)
at java.base/java.lang.reflect.Method.invoke(Method.java:580)
at org.testng.internal.invokers.MethodInvocationHelper.invokeMethod(MethodInvocationHelper.java:141)
at org.testng.internal.invokers.TestInvoker.invokeMethod(TestInvoker.java:687)
at org.testng.internal.invokers.TestInvoker.invokeTestMethod(TestInvoker.java:230)
at org.testng.internal.invokers.MethodRunner.runInSequence(MethodRunner.java:63)
at org.testng.internal.invokers.TestInvoker$MethodInvocationAgent.invoke(TestInvoker.java:995)
at org.testng.internal.invokers.TestInvoker.invokeTestMethods(TestInvoker.java:203)
at org.testng.internal.invokers.TestMethodWorker.invokeTestMethods(TestMethodWorker.java:154)
at org.testng.internal.invokers.TestMethodWorker.run(TestMethodWorker.java:134)
at java.base/java.util.ArrayList.forEach(ArrayList.java:1596)
at org.testng.TestRunner.privateRun(TestRunner.java:741)
at org.testng.TestRunner.run(TestRunner.java:616)
at org.testng.SuiteRunner.runTest(SuiteRunner.java:421)
at org.testng.SuiteRunner.runSequentially(SuiteRunner.java:413)
at org.testng.SuiteRunner.privateRun(SuiteRunner.java:373)
at org.testng.SuiteRunner.run(SuiteRunner.java:312)
at org.testng.SuiteRunnerWorker.runSuite(SuiteRunnerWorker.java:52)
at org.testng.SuiteRunnerWorker.run(SuiteRunnerWorker.java:95)
at org.testng.TestNG.runSuitesSequentially(TestNG.java:1274)
at org.testng.TestNG.runSuitesLocally(TestNG.java:1208)
at org.testng.TestNG.runSuites(TestNG.java:1112)
at org.testng.TestNG.run(TestNG.java:1079)
at org.testng.remote.AbstractRemoteTestNG.run(AbstractRemoteTestNG.java:115)
at org.testng.remote.RemoteTestNG.initAndRun(RemoteTestNG.java:293)
at org.testng.remote.RemoteTestNG.main(RemoteTestNG.java:91)
]]>
            </full-stacktrace>
          </exception> <!-- java.lang.AssertionError -->
          <reporter-output>
          </reporter-output>
        </test-method> <!-- Downloadbtn -->
        <test-method is-config="true" signature="tearDown(org.testng.ITestResult)[pri:0, instance:tests.ElementsTests@1921ad94]" started-at="2025-09-11T16:32:05 IST" name="tearDown" finished-at="2025-09-11T16:32:05 IST" duration-ms="672" status="PASS">
          <params>
            <param index="0">
              <value>
                <![CDATA[[TestResult name=Downloadbtn status=FAILURE method=ElementsTests.Downloadbtn()[pri:56, instance:tests.ElementsTests@1921ad94] output={null}]]]>
              </value>
            </param>
          </params>
          <reporter-output>
          </reporter-output>
        </test-method> <!-- tearDown -->
        <test-method is-config="true" signature="setup(java.lang.reflect.Method)[pri:0, instance:tests.ElementsTests@1921ad94]" started-at="2025-09-11T16:32:05 IST" name="setup" finished-at="2025-09-11T16:32:17 IST" duration-ms="11927" status="PASS">
          <params>
            <param index="0">
              <value>
                <![CDATA[public void tests.ElementsTests.Uploadbtn()]]>
              </value>
            </param>
          </params>
          <reporter-output>
          </reporter-output>
        </test-method> <!-- setup -->
        <test-method signature="Uploadbtn()[pri:57, instance:tests.ElementsTests@1921ad94]" started-at="2025-09-11T16:32:17 IST" name="Uploadbtn" finished-at="2025-09-11T16:32:18 IST" duration-ms="883" status="PASS">
          <reporter-output>
          </reporter-output>
        </test-method> <!-- Uploadbtn -->
        <test-method is-config="true" signature="tearDown(org.testng.ITestResult)[pri:0, instance:tests.ElementsTests@1921ad94]" started-at="2025-09-11T16:32:18 IST" name="tearDown" finished-at="2025-09-11T16:32:19 IST" duration-ms="327" status="PASS">
          <params>
            <param index="0">
              <value>
                <![CDATA[[TestResult name=Uploadbtn status=SUCCESS method=ElementsTests.Uploadbtn()[pri:57, instance:tests.ElementsTests@1921ad94] output={null}]]]>
              </value>
            </param>
          </params>
          <reporter-output>
          </reporter-output>
        </test-method> <!-- tearDown -->
        <test-method is-config="true" signature="setup(java.lang.reflect.Method)[pri:0, instance:tests.ElementsTests@1921ad94]" started-at="2025-09-11T16:32:19 IST" name="setup" finished-at="2025-09-11T16:32:31 IST" duration-ms="12308" status="PASS">
          <params>
            <param index="0">
              <value>
                <![CDATA[public void tests.ElementsTests.DynamicPropertiesbtn()]]>
              </value>
            </param>
          </params>
          <reporter-output>
          </reporter-output>
        </test-method> <!-- setup -->
        <test-method signature="DynamicPropertiesbtn()[pri:58, instance:tests.ElementsTests@1921ad94]" started-at="2025-09-11T16:32:31 IST" name="DynamicPropertiesbtn" finished-at="2025-09-11T16:32:31 IST" duration-ms="523" status="PASS">
          <reporter-output>
          </reporter-output>
        </test-method> <!-- DynamicPropertiesbtn -->
        <test-method is-config="true" signature="tearDown(org.testng.ITestResult)[pri:0, instance:tests.ElementsTests@1921ad94]" started-at="2025-09-11T16:32:31 IST" name="tearDown" finished-at="2025-09-11T16:32:32 IST" duration-ms="352" status="PASS">
          <params>
            <param index="0">
              <value>
                <![CDATA[[TestResult name=DynamicPropertiesbtn status=SUCCESS method=ElementsTests.DynamicPropertiesbtn()[pri:58, instance:tests.ElementsTests@1921ad94] output={null}]]]>
              </value>
            </param>
          </params>
          <reporter-output>
          </reporter-output>
        </test-method> <!-- tearDown -->
        <test-method is-config="true" signature="setup(java.lang.reflect.Method)[pri:0, instance:tests.ElementsTests@1921ad94]" started-at="2025-09-11T16:32:32 IST" name="setup" finished-at="2025-09-11T16:32:38 IST" duration-ms="6023" status="PASS">
          <params>
            <param index="0">
              <value>
                <![CDATA[public void tests.ElementsTests.ColorChangebtn()]]>
              </value>
            </param>
          </params>
          <reporter-output>
          </reporter-output>
        </test-method> <!-- setup -->
        <test-method signature="ColorChangebtn()[pri:59, instance:tests.ElementsTests@1921ad94]" started-at="2025-09-11T16:32:38 IST" name="ColorChangebtn" finished-at="2025-09-11T16:32:39 IST" duration-ms="999" status="PASS">
          <reporter-output>
          </reporter-output>
        </test-method> <!-- ColorChangebtn -->
        <test-method is-config="true" signature="tearDown(org.testng.ITestResult)[pri:0, instance:tests.ElementsTests@1921ad94]" started-at="2025-09-11T16:32:39 IST" name="tearDown" finished-at="2025-09-11T16:32:39 IST" duration-ms="369" status="PASS">
          <params>
            <param index="0">
              <value>
                <![CDATA[[TestResult name=ColorChangebtn status=SUCCESS method=ElementsTests.ColorChangebtn()[pri:59, instance:tests.ElementsTests@1921ad94] output={null}]]]>
              </value>
            </param>
          </params>
          <reporter-output>
          </reporter-output>
        </test-method> <!-- tearDown -->
        <test-method is-config="true" signature="setup(java.lang.reflect.Method)[pri:0, instance:tests.ElementsTests@1921ad94]" started-at="2025-09-11T16:32:39 IST" name="setup" finished-at="2025-09-11T16:32:51 IST" duration-ms="12116" status="PASS">
          <params>
            <param index="0">
              <value>
                <![CDATA[public void tests.ElementsTests.WillEnablebtn()]]>
              </value>
            </param>
          </params>
          <reporter-output>
          </reporter-output>
        </test-method> <!-- setup -->
        <test-method signature="WillEnablebtn()[pri:59, instance:tests.ElementsTests@1921ad94]" started-at="2025-09-11T16:32:51 IST" name="WillEnablebtn" finished-at="2025-09-11T16:32:57 IST" duration-ms="5713" status="PASS">
          <reporter-output>
          </reporter-output>
        </test-method> <!-- WillEnablebtn -->
        <test-method is-config="true" signature="tearDown(org.testng.ITestResult)[pri:0, instance:tests.ElementsTests@1921ad94]" started-at="2025-09-11T16:32:57 IST" name="tearDown" finished-at="2025-09-11T16:32:57 IST" duration-ms="339" status="PASS">
          <params>
            <param index="0">
              <value>
                <![CDATA[[TestResult name=WillEnablebtn status=SUCCESS method=ElementsTests.WillEnablebtn()[pri:59, instance:tests.ElementsTests@1921ad94] output={null}]]]>
              </value>
            </param>
          </params>
          <reporter-output>
          </reporter-output>
        </test-method> <!-- tearDown -->
        <test-method is-config="true" signature="setup(java.lang.reflect.Method)[pri:0, instance:tests.ElementsTests@1921ad94]" started-at="2025-09-11T16:32:57 IST" name="setup" finished-at="2025-09-11T16:33:03 IST" duration-ms="5551" status="PASS">
          <params>
            <param index="0">
              <value>
                <![CDATA[public void tests.ElementsTests.VisibleAfterbtn()]]>
              </value>
            </param>
          </params>
          <reporter-output>
          </reporter-output>
        </test-method> <!-- setup -->
        <test-method signature="VisibleAfterbtn()[pri:60, instance:tests.ElementsTests@1921ad94]" started-at="2025-09-11T16:33:03 IST" name="VisibleAfterbtn" finished-at="2025-09-11T16:33:09 IST" duration-ms="5859" status="PASS">
          <reporter-output>
          </reporter-output>
        </test-method> <!-- VisibleAfterbtn -->
        <test-method is-config="true" signature="tearDown(org.testng.ITestResult)[pri:0, instance:tests.ElementsTests@1921ad94]" started-at="2025-09-11T16:33:09 IST" name="tearDown" finished-at="2025-09-11T16:33:09 IST" duration-ms="338" status="PASS">
          <params>
            <param index="0">
              <value>
                <![CDATA[[TestResult name=VisibleAfterbtn status=SUCCESS method=ElementsTests.VisibleAfterbtn()[pri:60, instance:tests.ElementsTests@1921ad94] output={null}]]]>
              </value>
            </param>
          </params>
          <reporter-output>
          </reporter-output>
        </test-method> <!-- tearDown -->
        <test-method is-config="true" signature="teardownSuite()[pri:0, instance:tests.ElementsTests@1921ad94]" started-at="2025-09-11T16:33:09 IST" name="teardownSuite" finished-at="2025-09-11T16:33:15 IST" duration-ms="6229" status="PASS">
          <reporter-output>
          </reporter-output>
        </test-method> <!-- teardownSuite -->
      </class> <!-- tests.ElementsTests -->
    </test> <!-- Default test -->
  </suite> <!-- Default suite -->
</testng-results>
