<?xml version="1.0" encoding="UTF-8"?>
<!-- Generated by org.testng.reporters.JUnitReportReporter -->
<testsuite hostname="DESKTOP-7NMSRQD" failures="1" tests="19" name="tests.AlertsFramesWindowsTests" time="412.108" errors="0" timestamp="2025-09-12T18:35:58 IST" skipped="0">
  <testcase classname="tests.AlertsFramesWindowsTests" name="accessAlertsFrameWindows" time="13.036"/>
  <testcase classname="tests.AlertsFramesWindowsTests" name="browserWindows" time="23.952"/>
  <testcase classname="tests.AlertsFramesWindowsTests" name="browserWindowsNewTab" time="26.835"/>
  <testcase classname="tests.AlertsFramesWindowsTests" name="browserWindowsNewWindow" time="10.701"/>
  <testcase classname="tests.AlertsFramesWindowsTests" name="browserWindowsNewWindowMsg" time="38.586"/>
  <testcase classname="tests.AlertsFramesWindowsTests" name="ClickAlerts" time="16.773"/>
  <testcase classname="tests.AlertsFramesWindowsTests" name="ClickToSeeAlerts" time="16.555"/>
  <testcase classname="tests.AlertsFramesWindowsTests" name="ClickDenyConfirmationBox" time="18.345"/>
  <testcase classname="tests.AlertsFramesWindowsTests" name="ClickAcceptConfirmationBox" time="30.655"/>
  <testcase classname="tests.AlertsFramesWindowsTests" name="ClickPromptBoxFill" time="11.078"/>
  <testcase classname="tests.AlertsFramesWindowsTests" name="ClickFrames" time="53.665"/>
  <testcase classname="tests.AlertsFramesWindowsTests" name="GetFrame1" time="14.129"/>
  <testcase classname="tests.AlertsFramesWindowsTests" name="GetFrame2" time="17.374"/>
  <testcase classname="tests.AlertsFramesWindowsTests" name="ClickModalDialogs" time="15.893"/>
  <testcase classname="tests.AlertsFramesWindowsTests" name="ClickNestedFrames" time="9.488"/>
  <testcase classname="tests.AlertsFramesWindowsTests" name="GetParentFrame" time="18.014"/>
  <testcase classname="tests.AlertsFramesWindowsTests" name="ClickSmallModal" time="34.953">
    <failure message="expected [] but found [Small Modal]" type="java.lang.AssertionError">
      <![CDATA[java.lang.AssertionError: expected [] but found [Small Modal]
at org.testng.Assert.fail(Assert.java:111)
at org.testng.Assert.failNotEquals(Assert.java:1590)
at org.testng.Assert.assertEqualsImpl(Assert.java:150)
at org.testng.Assert.assertEquals(Assert.java:132)
at org.testng.Assert.assertEquals(Assert.java:656)
at org.testng.Assert.assertEquals(Assert.java:666)
at pages.alertsframewindowsPage.clickSmallModal(alertsframewindowsPage.java:444)
at tests.AlertsFramesWindowsTests.ClickSmallModal(AlertsFramesWindowsTests.java:268)
at java.base/jdk.internal.reflect.DirectMethodHandleAccessor.invoke(DirectMethodHandleAccessor.java:103)
at java.base/java.lang.reflect.Method.invoke(Method.java:580)
at org.testng.internal.invokers.MethodInvocationHelper.invokeMethod(MethodInvocationHelper.java:141)
at org.testng.internal.invokers.TestInvoker.invokeMethod(TestInvoker.java:687)
at org.testng.internal.invokers.TestInvoker.invokeTestMethod(TestInvoker.java:230)
at org.testng.internal.invokers.MethodRunner.runInSequence(MethodRunner.java:63)
at org.testng.internal.invokers.TestInvoker$MethodInvocationAgent.invoke(TestInvoker.java:995)
at org.testng.internal.invokers.TestInvoker.invokeTestMethods(TestInvoker.java:203)
at org.testng.internal.invokers.TestMethodWorker.invokeTestMethods(TestMethodWorker.java:154)
at org.testng.internal.invokers.TestMethodWorker.run(TestMethodWorker.java:134)
at java.base/java.util.ArrayList.forEach(ArrayList.java:1596)
at org.testng.TestRunner.privateRun(TestRunner.java:741)
at org.testng.TestRunner.run(TestRunner.java:616)
at org.testng.SuiteRunner.runTest(SuiteRunner.java:421)
at org.testng.SuiteRunner.runSequentially(SuiteRunner.java:413)
at org.testng.SuiteRunner.privateRun(SuiteRunner.java:373)
at org.testng.SuiteRunner.run(SuiteRunner.java:312)
at org.testng.SuiteRunnerWorker.runSuite(SuiteRunnerWorker.java:52)
at org.testng.SuiteRunnerWorker.run(SuiteRunnerWorker.java:95)
at org.testng.TestNG.runSuitesSequentially(TestNG.java:1274)
at org.testng.TestNG.runSuitesLocally(TestNG.java:1208)
at org.testng.TestNG.runSuites(TestNG.java:1112)
at org.testng.TestNG.run(TestNG.java:1079)
at org.testng.remote.AbstractRemoteTestNG.run(AbstractRemoteTestNG.java:115)
at org.testng.remote.RemoteTestNG.initAndRun(RemoteTestNG.java:293)
at org.testng.remote.RemoteTestNG.main(RemoteTestNG.java:91)
]]>
    </failure>
  </testcase> <!-- ClickSmallModal -->
  <testcase classname="tests.AlertsFramesWindowsTests" name="ClickLargeModal" time="7.617"/>
  <testcase classname="tests.AlertsFramesWindowsTests" name="GetChildFrame" time="34.459"/>
</testsuite> <!-- tests.AlertsFramesWindowsTests -->
