<?xml version="1.0" encoding="UTF-8"?>
<!-- Generated by org.testng.reporters.JUnitReportReporter -->
<testsuite hostname="DESKTOP-7NMSRQD" failures="0" tests="30" name="tests.WidgetsTests" time="473.969" errors="1" timestamp="2025-09-08T13:10:39 IST" skipped="0">
  <testcase classname="tests.WidgetsTests" name="accessWidgets" time="8.749"/>
  <testcase classname="tests.WidgetsTests" name="Accordian" time="6.452"/>
  <testcase classname="tests.WidgetsTests" name="AccessWhatis" time="15.225"/>
  <testcase classname="tests.WidgetsTests" name="AccessWhereDoes" time="7.311"/>
  <testcase classname="tests.WidgetsTests" name="AccessWhyDoWe" time="17.976"/>
  <testcase classname="tests.WidgetsTests" name="AutoComplete" time="16.614"/>
  <testcase classname="tests.WidgetsTests" name="AutoCompleteSearch" time="18.186"/>
  <testcase classname="tests.WidgetsTests" name="AutoCompleteSearch" time="25.393"/>
  <testcase classname="tests.WidgetsTests" name="AutoCompleteSearch" time="7.133"/>
  <testcase classname="tests.WidgetsTests" name="AutoCompleteSearch" time="23.274"/>
  <testcase classname="tests.WidgetsTests" name="AutoCompleteSearch" time="19.702"/>
  <testcase classname="tests.WidgetsTests" name="AutoCompleteSearch" time="8.694"/>
  <testcase classname="tests.WidgetsTests" name="AutoCompleteSearch" time="18.168"/>
  <testcase classname="tests.WidgetsTests" name="AutoCompleteSearch" time="19.713"/>
  <testcase classname="tests.WidgetsTests" name="AutoCompleteSearch" time="18.236"/>
  <testcase classname="tests.WidgetsTests" name="AutoCompleteSearch" time="21.004"/>
  <testcase classname="tests.WidgetsTests" name="AutoCompleteSearch" time="21.897"/>
  <testcase classname="tests.WidgetsTests" name="AutoCompleteSearch" time="18.756"/>
  <testcase classname="tests.WidgetsTests" name="AutoCompleteSearch" time="7.614"/>
  <testcase classname="tests.WidgetsTests" name="AutoCompleteSearch" time="18.940"/>
  <testcase classname="tests.WidgetsTests" name="AutoCompleteSearch" time="18.859"/>
  <testcase classname="tests.WidgetsTests" name="AutoCompleteSearch" time="12.284"/>
  <testcase classname="tests.WidgetsTests" name="AutoCompleteSearch" time="18.309"/>
  <testcase classname="tests.WidgetsTests" name="AutoCompleteSearch" time="17.162"/>
  <testcase classname="tests.WidgetsTests" name="AutoCompleteSearch" time="9.556"/>
  <testcase classname="tests.WidgetsTests" name="AutoCompleteSearch" time="19.949"/>
  <testcase classname="tests.WidgetsTests" name="AutoCompleteSearch" time="16.970"/>
  <testcase classname="tests.WidgetsTests" name="AutoCompleteSearchRemove" time="21.662"/>
  <testcase classname="tests.WidgetsTests" name="AutoCompleteSingle" time="12.471">
    <error message="Color selection failed" type="java.lang.RuntimeException">
      <![CDATA[java.lang.RuntimeException: Color selection failed
at pages.WidgetsPage.selectColorSingle(WidgetsPage.java:443)
at pages.WidgetsPage.singleSearchAdd(WidgetsPage.java:411)
at tests.WidgetsTests.AutoCompleteSingle(WidgetsTests.java:168)
at java.base/jdk.internal.reflect.DirectMethodHandleAccessor.invoke(DirectMethodHandleAccessor.java:103)
at java.base/java.lang.reflect.Method.invoke(Method.java:580)
at org.testng.internal.invokers.MethodInvocationHelper.invokeMethod(MethodInvocationHelper.java:141)
at org.testng.internal.invokers.TestInvoker.invokeMethod(TestInvoker.java:687)
at org.testng.internal.invokers.TestInvoker.invokeTestMethod(TestInvoker.java:230)
at org.testng.internal.invokers.MethodRunner.runInSequence(MethodRunner.java:63)
at org.testng.internal.invokers.TestInvoker$MethodInvocationAgent.invoke(TestInvoker.java:995)
at org.testng.internal.invokers.TestInvoker.invokeTestMethods(TestInvoker.java:203)
at org.testng.internal.invokers.TestMethodWorker.invokeTestMethods(TestMethodWorker.java:154)
at org.testng.internal.invokers.TestMethodWorker.run(TestMethodWorker.java:134)
at java.base/java.util.ArrayList.forEach(ArrayList.java:1596)
at org.testng.TestRunner.privateRun(TestRunner.java:741)
at org.testng.TestRunner.run(TestRunner.java:616)
at org.testng.SuiteRunner.runTest(SuiteRunner.java:421)
at org.testng.SuiteRunner.runSequentially(SuiteRunner.java:413)
at org.testng.SuiteRunner.privateRun(SuiteRunner.java:373)
at org.testng.SuiteRunner.run(SuiteRunner.java:312)
at org.testng.SuiteRunnerWorker.runSuite(SuiteRunnerWorker.java:52)
at org.testng.SuiteRunnerWorker.run(SuiteRunnerWorker.java:95)
at org.testng.TestNG.runSuitesSequentially(TestNG.java:1274)
at org.testng.TestNG.runSuitesLocally(TestNG.java:1208)
at org.testng.TestNG.runSuites(TestNG.java:1112)
at org.testng.TestNG.run(TestNG.java:1079)
at org.apache.maven.surefire.testng.TestNGExecutor.run(TestNGExecutor.java:155)
at org.apache.maven.surefire.testng.TestNGDirectoryTestSuite.executeMulti(TestNGDirectoryTestSuite.java:169)
at org.apache.maven.surefire.testng.TestNGDirectoryTestSuite.execute(TestNGDirectoryTestSuite.java:88)
at org.apache.maven.surefire.testng.TestNGProvider.invoke(TestNGProvider.java:137)
at org.apache.maven.surefire.booter.ForkedBooter.runSuitesInProcess(ForkedBooter.java:385)
at org.apache.maven.surefire.booter.ForkedBooter.execute(ForkedBooter.java:162)
at org.apache.maven.surefire.booter.ForkedBooter.run(ForkedBooter.java:507)
at org.apache.maven.surefire.booter.ForkedBooter.main(ForkedBooter.java:495)
Caused by: org.openqa.selenium.ElementClickInterceptedException: element click intercepted: Element <div class="auto-complete__option css-yt9ioa-option" id="react-select-3-option-2" tabindex="-1">...</div> is not clickable at point (566, 728). Other element would receive the click: <iframe frameborder="0" src="https://5a186045e694c0e32a88be57c21cf2bb.safeframe.googlesyndication.com/safeframe/1-0-45/html/container.html" id="google_ads_iframe_/21849154601,22343295815/Ad.Plus-Anchor_0" title="3rd party ad content" name="" scrolling="no" marginwidth="0" marginheight="0" width="728" height="90" data-is-safeframe="true" sandbox="allow-forms allow-popups allow-popups-to-escape-sandbox allow-same-origin allow-scripts allow-top-navigation-by-user-activation" allow="private-state-token-redemption;attribution-reporting" aria-label="Advertisement" tabindex="0" data-google-container-id="1" style="border: 0px; vertical-align: bottom;" data-load-complete="true"></iframe>
  (Session info: chrome=137.0.7151.120)
Build info: version: '4.35.0', revision: '1c58e5028b'
System info: os.name: 'Windows 11', os.arch: 'amd64', os.version: '10.0', java.version: '21.0.7'
Driver info: org.openqa.selenium.chrome.ChromeDriver
Command: [c5b678be56a192504eaa77ea2491e9b3, clickElement {id=f.5262CC022A44570486E549D345A2C34D.d.6B532B98353E2E274DE423AD8705B856.e.49}]
Capabilities {acceptInsecureCerts: false, browserName: chrome, browserVersion: 137.0.7151.120, chrome: {chromedriverVersion: 137.0.7151.119 (e0ac9d12dff..., userDataDir: C:\Users\dell\AppData\Local...}, fedcm:accounts: true, goog:chromeOptions: {debuggerAddress: localhost:50272}, networkConnectionEnabled: false, pageLoadStrategy: normal, platformName: windows, proxy: Proxy(), se:cdp: ws://localhost:50272/devtoo..., se:cdpVersion: 137.0.7151.120, setWindowRect: true, strictFileInteractability: false, timeouts: {implicit: 0, pageLoad: 300000, script: 30000}, unhandledPromptBehavior: dismiss and notify, webauthn:extension:credBlob: true, webauthn:extension:largeBlob: true, webauthn:extension:minPinLength: true, webauthn:extension:prf: true, webauthn:virtualAuthenticators: true}
Element: [[ChromeDriver: chrome on windows (c5b678be56a192504eaa77ea2491e9b3)] -> css selector: .auto-complete__option]
Session ID: c5b678be56a192504eaa77ea2491e9b3
at java.base/jdk.internal.reflect.DirectConstructorHandleAccessor.newInstance(DirectConstructorHandleAccessor.java:62)
at java.base/java.lang.reflect.Constructor.newInstanceWithCaller(Constructor.java:502)
at java.base/java.lang.reflect.Constructor.newInstance(Constructor.java:486)
at org.openqa.selenium.remote.ErrorCodec.decode(ErrorCodec.java:167)
at org.openqa.selenium.remote.codec.w3c.W3CHttpResponseCodec.decode(W3CHttpResponseCodec.java:138)
at org.openqa.selenium.remote.codec.w3c.W3CHttpResponseCodec.decode(W3CHttpResponseCodec.java:50)
at org.openqa.selenium.remote.HttpCommandExecutor.execute(HttpCommandExecutor.java:215)
at org.openqa.selenium.remote.service.DriverCommandExecutor.invokeExecute(DriverCommandExecutor.java:216)
at org.openqa.selenium.remote.service.DriverCommandExecutor.execute(DriverCommandExecutor.java:174)
at org.openqa.selenium.remote.RemoteWebDriver.execute(RemoteWebDriver.java:557)
at org.openqa.selenium.remote.RemoteWebElement.execute(RemoteWebElement.java:223)
at org.openqa.selenium.remote.RemoteWebElement.click(RemoteWebElement.java:76)
at pages.WidgetsPage.selectColorSingle(WidgetsPage.java:431)
... 33 more
]]>
    </error>
  </testcase> <!-- AutoCompleteSingle -->
  <testcase classname="tests.WidgetsTests" name="SingleAddRemove" time="7.710"/>
</testsuite> <!-- tests.WidgetsTests -->
