<?xml version="1.0" encoding="UTF-8"?>
<!-- Generated by org.testng.reporters.JUnitReportReporter -->
<testsuite hostname="DESKTOP-7NMSRQD" failures="0" tests="19" name="tests.AlertsFramesWindowsTests" time="439.077" errors="1" timestamp="2025-09-11T18:22:49 IST" skipped="0">
  <testcase classname="tests.AlertsFramesWindowsTests" name="accessAlertsFrameWindows" time="18.991"/>
  <testcase classname="tests.AlertsFramesWindowsTests" name="browserWindows" time="7.475"/>
  <testcase classname="tests.AlertsFramesWindowsTests" name="browserWindowsNewTab" time="18.935"/>
  <testcase classname="tests.AlertsFramesWindowsTests" name="browserWindowsNewWindow" time="15.739"/>
  <testcase classname="tests.AlertsFramesWindowsTests" name="browserWindowsNewWindowMsg" time="17.817"/>
  <testcase classname="tests.AlertsFramesWindowsTests" name="ClickAlerts" time="45.068"/>
  <testcase classname="tests.AlertsFramesWindowsTests" name="ClickToSeeAlerts" time="19.508"/>
  <testcase classname="tests.AlertsFramesWindowsTests" name="ClickAcceptConfirmationBox" time="102.286">
    <error message="❌ smartClick failed after 3 attempts" type="java.lang.RuntimeException">
      <![CDATA[java.lang.RuntimeException: ❌ smartClick failed after 3 attempts
at utils.ClickHandler.smartClick(ClickHandler.java:87)
at pages.homePage.clickAlertsFrameWindowsCard(homePage.java:36)
at pages.alertsframewindowsPage.accessAlertFramesWindows(alertsframewindowsPage.java:147)
at tests.AlertsFramesWindowsTests.ClickAcceptConfirmationBox(AlertsFramesWindowsTests.java:111)
at java.base/jdk.internal.reflect.DirectMethodHandleAccessor.invoke(DirectMethodHandleAccessor.java:103)
at java.base/java.lang.reflect.Method.invoke(Method.java:580)
at org.testng.internal.invokers.MethodInvocationHelper.invokeMethod(MethodInvocationHelper.java:141)
at org.testng.internal.invokers.TestInvoker.invokeMethod(TestInvoker.java:687)
at org.testng.internal.invokers.TestInvoker.invokeTestMethod(TestInvoker.java:230)
at org.testng.internal.invokers.MethodRunner.runInSequence(MethodRunner.java:63)
at org.testng.internal.invokers.TestInvoker$MethodInvocationAgent.invoke(TestInvoker.java:995)
at org.testng.internal.invokers.TestInvoker.invokeTestMethods(TestInvoker.java:203)
at org.testng.internal.invokers.TestMethodWorker.invokeTestMethods(TestMethodWorker.java:154)
at org.testng.internal.invokers.TestMethodWorker.run(TestMethodWorker.java:134)
at java.base/java.util.ArrayList.forEach(ArrayList.java:1596)
at org.testng.TestRunner.privateRun(TestRunner.java:741)
at org.testng.TestRunner.run(TestRunner.java:616)
at org.testng.SuiteRunner.runTest(SuiteRunner.java:421)
at org.testng.SuiteRunner.runSequentially(SuiteRunner.java:413)
at org.testng.SuiteRunner.privateRun(SuiteRunner.java:373)
at org.testng.SuiteRunner.run(SuiteRunner.java:312)
at org.testng.SuiteRunnerWorker.runSuite(SuiteRunnerWorker.java:52)
at org.testng.SuiteRunnerWorker.run(SuiteRunnerWorker.java:95)
at org.testng.TestNG.runSuitesSequentially(TestNG.java:1274)
at org.testng.TestNG.runSuitesLocally(TestNG.java:1208)
at org.testng.TestNG.runSuites(TestNG.java:1112)
at org.testng.TestNG.run(TestNG.java:1079)
at org.apache.maven.surefire.testng.TestNGExecutor.run(TestNGExecutor.java:155)
at org.apache.maven.surefire.testng.TestNGDirectoryTestSuite.executeMulti(TestNGDirectoryTestSuite.java:169)
at org.apache.maven.surefire.testng.TestNGDirectoryTestSuite.execute(TestNGDirectoryTestSuite.java:88)
at org.apache.maven.surefire.testng.TestNGProvider.invoke(TestNGProvider.java:137)
at org.apache.maven.surefire.booter.ForkedBooter.runSuitesInProcess(ForkedBooter.java:385)
at org.apache.maven.surefire.booter.ForkedBooter.execute(ForkedBooter.java:162)
at org.apache.maven.surefire.booter.ForkedBooter.run(ForkedBooter.java:507)
at org.apache.maven.surefire.booter.ForkedBooter.main(ForkedBooter.java:495)
Caused by: org.openqa.selenium.NoSuchElementException: no such element: Unable to locate element: {"method":"xpath","selector":"//body/div[@id='app']/div[@class='body-height']/div[@class='home-content']/div[@class='home-body']/div[@class='category-cards']/div[3]/div[1]"}
  (Session info: chrome=137.0.7151.120)
For documentation on this error, please visit: https://www.selenium.dev/documentation/webdriver/troubleshooting/errors#no-such-element-exception
Build info: version: '4.35.0', revision: '1c58e5028b'
System info: os.name: 'Windows 11', os.arch: 'amd64', os.version: '10.0', java.version: '21.0.7'
Driver info: org.openqa.selenium.chrome.ChromeDriver
Command: [29f6118a2c1cb2fa1b34a509788e26f7, findElement {using=xpath, value=//body/div[@id='app']/div[@class='body-height']/div[@class='home-content']/div[@class='home-body']/div[@class='category-cards']/div[3]/div[1]}]
Capabilities {acceptInsecureCerts: false, browserName: chrome, browserVersion: 137.0.7151.120, chrome: {chromedriverVersion: 137.0.7151.119 (e0ac9d12dff..., userDataDir: C:\Users\dell\AppData\Local...}, fedcm:accounts: true, goog:chromeOptions: {debuggerAddress: localhost:50858}, networkConnectionEnabled: false, pageLoadStrategy: normal, platformName: windows, proxy: Proxy(), se:cdp: ws://localhost:50858/devtoo..., se:cdpVersion: 137.0.7151.120, setWindowRect: true, strictFileInteractability: false, timeouts: {implicit: 0, pageLoad: 300000, script: 30000}, unhandledPromptBehavior: dismiss and notify, webauthn:extension:credBlob: true, webauthn:extension:largeBlob: true, webauthn:extension:minPinLength: true, webauthn:extension:prf: true, webauthn:virtualAuthenticators: true}
Session ID: 29f6118a2c1cb2fa1b34a509788e26f7
at java.base/jdk.internal.reflect.DirectConstructorHandleAccessor.newInstance(DirectConstructorHandleAccessor.java:62)
at java.base/java.lang.reflect.Constructor.newInstanceWithCaller(Constructor.java:502)
at java.base/java.lang.reflect.Constructor.newInstance(Constructor.java:486)
at org.openqa.selenium.remote.ErrorCodec.decode(ErrorCodec.java:167)
at org.openqa.selenium.remote.codec.w3c.W3CHttpResponseCodec.decode(W3CHttpResponseCodec.java:138)
at org.openqa.selenium.remote.codec.w3c.W3CHttpResponseCodec.decode(W3CHttpResponseCodec.java:50)
at org.openqa.selenium.remote.HttpCommandExecutor.execute(HttpCommandExecutor.java:215)
at org.openqa.selenium.remote.service.DriverCommandExecutor.invokeExecute(DriverCommandExecutor.java:216)
at org.openqa.selenium.remote.service.DriverCommandExecutor.execute(DriverCommandExecutor.java:174)
at org.openqa.selenium.remote.RemoteWebDriver.execute(RemoteWebDriver.java:557)
at org.openqa.selenium.remote.ElementLocation$ElementFinder$2.findElement(ElementLocation.java:165)
at org.openqa.selenium.remote.ElementLocation.findElement(ElementLocation.java:59)
at org.openqa.selenium.remote.RemoteWebDriver.findElement(RemoteWebDriver.java:380)
at org.openqa.selenium.remote.RemoteWebDriver.findElement(RemoteWebDriver.java:374)
at utils.ClickHandler.smartClick(ClickHandler.java:66)
... 34 more
]]>
    </error>
  </testcase> <!-- ClickAcceptConfirmationBox -->
  <testcase classname="tests.AlertsFramesWindowsTests" name="ClickDenyConfirmationBox" time="7.262"/>
  <testcase classname="tests.AlertsFramesWindowsTests" name="ClickPromptBoxFill" time="31.403"/>
  <testcase classname="tests.AlertsFramesWindowsTests" name="ClickFrames" time="7.572"/>
  <testcase classname="tests.AlertsFramesWindowsTests" name="GetFrame1" time="7.639"/>
  <testcase classname="tests.AlertsFramesWindowsTests" name="GetFrame2" time="36.251"/>
  <testcase classname="tests.AlertsFramesWindowsTests" name="ClickNestedFrames" time="15.445"/>
  <testcase classname="tests.AlertsFramesWindowsTests" name="ClickModalDialogs" time="7.260"/>
  <testcase classname="tests.AlertsFramesWindowsTests" name="GetParentFrame" time="6.434"/>
  <testcase classname="tests.AlertsFramesWindowsTests" name="ClickSmallModal" time="18.108"/>
  <testcase classname="tests.AlertsFramesWindowsTests" name="ClickLargeModal" time="16.087"/>
  <testcase classname="tests.AlertsFramesWindowsTests" name="GetChildFrame" time="39.797"/>
</testsuite> <!-- tests.AlertsFramesWindowsTests -->
